[ 2016-08-24T08:23:48+08:00 ] 42.156.251.188 /usergroup/index.php
INFO: [ app_init ] --START--
INFO: Run Behavior\BuildLiteBehavior [ RunTime:0.000000s ]
INFO: Run Common\Behavior\InitHookBehavior [ RunTime:0.015625s ]
INFO: [ app_init ] --END-- [ RunTime:0.015625s ]
INFO: [ app_begin ] --START--
INFO: Run Behavior\ReadHtmlCacheBehavior [ RunTime:0.000000s ]
INFO: Run Behavior\CheckLangBehavior [ RunTime:0.000000s ]
INFO: [ app_begin ] --END-- [ RunTime:0.000000s ]
INFO: [ view_parse ] --START--
INFO: [ template_filter ] --START--
INFO: Run Behavior\ContentReplaceBehavior [ RunTime:0.000000s ]
INFO: [ template_filter ] --END-- [ RunTime:0.000000s ]
NOTIC: [8] Undefined property: Tree::$str D:\wwwroot\custom_fenxiao\usergroup\simplewind\Lib\Util\Tree.class.php 第 301 行.
SQL: SHOW COLUMNS FROM `up_slide_cat` [ RunTime:0.0000s ]
SQL: SELECT * FROM `up_slide_cat` INNER JOIN up_slide as b on up_slide_cat.cid =b.slide_cid  WHERE ( cat_idname='portal_index' and slide_status=1 ) ORDER BY listorder ASC LIMIT 0,5   [ RunTime:0.0000s ]
SQL: SHOW COLUMNS FROM `up_term_relationships` [ RunTime:0.0156s ]
SQL: SELECT `post_title`,`post_excerpt`,`tid`,`smeta` FROM up_term_relationships a INNER JOIN up_posts as b on a.object_id =b.id INNER JOIN up_users as c on b.post_author = c.id  WHERE `status` = 1 AND `post_status` = 1 AND `term_id` IN ('2') ORDER BY listorder asc LIMIT 4   [ RunTime:0.0000s ]
SQL: SHOW COLUMNS FROM `up_links` [ RunTime:0.0000s ]
SQL: SELECT * FROM `up_links` WHERE ( link_status=1 ) ORDER BY listorder ASC  [ RunTime:0.0000s ]
INFO: Run Behavior\ParseTemplateBehavior [ RunTime:0.218754s ]
INFO: [ view_parse ] --END-- [ RunTime:0.218754s ]
INFO: [ view_filter ] --START--
INFO: Run Behavior\WriteHtmlCacheBehavior [ RunTime:0.000000s ]
INFO: Run Common\Behavior\TmplStripSpaceBehavior [ RunTime:0.000000s ]
INFO: [ view_filter ] --END-- [ RunTime:0.000000s ]
INFO: [ app_end ] --START--
INFO: Run Behavior\ShowPageTraceBehavior [ RunTime:0.000000s ]
INFO: [ app_end ] --END-- [ RunTime:0.000000s ]

[ 2016-08-24T09:32:43+08:00 ] 123.151.139.145 /usergroup/
INFO: [ app_init ] --START--
INFO: Run Behavior\BuildLiteBehavior [ RunTime:0.000000s ]
INFO: Run Common\Behavior\InitHookBehavior [ RunTime:0.000000s ]
INFO: [ app_init ] --END-- [ RunTime:0.015625s ]
INFO: [ app_begin ] --START--
INFO: Run Behavior\ReadHtmlCacheBehavior [ RunTime:0.000000s ]
INFO: Run Behavior\CheckLangBehavior [ RunTime:0.015625s ]
INFO: [ app_begin ] --END-- [ RunTime:0.015625s ]
INFO: [ view_parse ] --START--
INFO: [ template_filter ] --START--
INFO: Run Behavior\ContentReplaceBehavior [ RunTime:0.109377s ]
INFO: [ template_filter ] --END-- [ RunTime:0.109377s ]
NOTIC: [8] Undefined property: Tree::$str D:\wwwroot\custom_fenxiao\usergroup\simplewind\Lib\Util\Tree.class.php 第 301 行.
SQL: SHOW COLUMNS FROM `up_slide_cat` [ RunTime:0.0156s ]
SQL: SELECT * FROM `up_slide_cat` INNER JOIN up_slide as b on up_slide_cat.cid =b.slide_cid  WHERE ( cat_idname='portal_index' and slide_status=1 ) ORDER BY listorder ASC LIMIT 0,5   [ RunTime:0.0000s ]
SQL: SHOW COLUMNS FROM `up_term_relationships` [ RunTime:0.0000s ]
SQL: SELECT `post_title`,`post_excerpt`,`tid`,`smeta` FROM up_term_relationships a INNER JOIN up_posts as b on a.object_id =b.id INNER JOIN up_users as c on b.post_author = c.id  WHERE `status` = 1 AND `post_status` = 1 AND `term_id` IN ('2') ORDER BY listorder asc LIMIT 4   [ RunTime:0.0000s ]
SQL: SHOW COLUMNS FROM `up_links` [ RunTime:0.0000s ]
SQL: SELECT * FROM `up_links` WHERE ( link_status=1 ) ORDER BY listorder ASC  [ RunTime:0.0000s ]
INFO: Run Behavior\ParseTemplateBehavior [ RunTime:0.312506s ]
INFO: [ view_parse ] --END-- [ RunTime:0.312506s ]
INFO: [ view_filter ] --START--
INFO: Run Behavior\WriteHtmlCacheBehavior [ RunTime:0.000000s ]
INFO: Run Common\Behavior\TmplStripSpaceBehavior [ RunTime:0.000000s ]
INFO: [ view_filter ] --END-- [ RunTime:0.000000s ]
INFO: [ app_end ] --START--
INFO: Run Behavior\ShowPageTraceBehavior [ RunTime:0.000000s ]
INFO: [ app_end ] --END-- [ RunTime:0.000000s ]

[ 2016-08-24T12:30:10+08:00 ] 101.226.61.184 /usergroup/
INFO: [ app_init ] --START--
INFO: Run Behavior\BuildLiteBehavior [ RunTime:0.000000s ]
INFO: Run Common\Behavior\InitHookBehavior [ RunTime:0.015625s ]
INFO: [ app_init ] --END-- [ RunTime:0.015625s ]
INFO: [ app_begin ] --START--
INFO: Run Behavior\ReadHtmlCacheBehavior [ RunTime:0.015625s ]
INFO: Run Behavior\CheckLangBehavior [ RunTime:0.000000s ]
INFO: [ app_begin ] --END-- [ RunTime:0.015625s ]
INFO: [ view_parse ] --START--
INFO: [ template_filter ] --START--
INFO: Run Behavior\ContentReplaceBehavior [ RunTime:0.031251s ]
INFO: [ template_filter ] --END-- [ RunTime:0.031251s ]
NOTIC: [8] Undefined property: Tree::$str D:\wwwroot\custom_fenxiao\usergroup\simplewind\Lib\Util\Tree.class.php 第 301 行.
SQL: SHOW COLUMNS FROM `up_slide_cat` [ RunTime:0.0000s ]
SQL: SELECT * FROM `up_slide_cat` INNER JOIN up_slide as b on up_slide_cat.cid =b.slide_cid  WHERE ( cat_idname='portal_index' and slide_status=1 ) ORDER BY listorder ASC LIMIT 0,5   [ RunTime:0.0000s ]
SQL: SHOW COLUMNS FROM `up_term_relationships` [ RunTime:0.0156s ]
SQL: SELECT `post_title`,`post_excerpt`,`tid`,`smeta` FROM up_term_relationships a INNER JOIN up_posts as b on a.object_id =b.id INNER JOIN up_users as c on b.post_author = c.id  WHERE `status` = 1 AND `post_status` = 1 AND `term_id` IN ('2') ORDER BY listorder asc LIMIT 4   [ RunTime:0.0000s ]
SQL: SHOW COLUMNS FROM `up_links` [ RunTime:0.0000s ]
SQL: SELECT * FROM `up_links` WHERE ( link_status=1 ) ORDER BY listorder ASC  [ RunTime:0.0000s ]
INFO: Run Behavior\ParseTemplateBehavior [ RunTime:0.156253s ]
INFO: [ view_parse ] --END-- [ RunTime:0.156253s ]
INFO: [ view_filter ] --START--
INFO: Run Behavior\WriteHtmlCacheBehavior [ RunTime:0.000000s ]
INFO: Run Common\Behavior\TmplStripSpaceBehavior [ RunTime:0.000000s ]
INFO: [ view_filter ] --END-- [ RunTime:0.000000s ]
INFO: [ app_end ] --START--
INFO: Run Behavior\ShowPageTraceBehavior [ RunTime:0.000000s ]
INFO: [ app_end ] --END-- [ RunTime:0.000000s ]

[ 2016-08-24T12:33:14+08:00 ] 101.226.61.184 /usergroup/
INFO: [ app_init ] --START--
INFO: Run Behavior\BuildLiteBehavior [ RunTime:0.000000s ]
INFO: Run Common\Behavior\InitHookBehavior [ RunTime:0.000000s ]
INFO: [ app_init ] --END-- [ RunTime:0.000000s ]
INFO: [ app_begin ] --START--
INFO: Run Behavior\ReadHtmlCacheBehavior [ RunTime:0.015625s ]
INFO: Run Behavior\CheckLangBehavior [ RunTime:0.000000s ]
INFO: [ app_begin ] --END-- [ RunTime:0.015625s ]
INFO: [ view_parse ] --START--
INFO: [ template_filter ] --START--
INFO: Run Behavior\ContentReplaceBehavior [ RunTime:0.000000s ]
INFO: [ template_filter ] --END-- [ RunTime:0.000000s ]
NOTIC: [8] Undefined property: Tree::$str D:\wwwroot\custom_fenxiao\usergroup\simplewind\Lib\Util\Tree.class.php 第 301 行.
SQL: SHOW COLUMNS FROM `up_slide_cat` [ RunTime:0.0156s ]
SQL: SELECT * FROM `up_slide_cat` INNER JOIN up_slide as b on up_slide_cat.cid =b.slide_cid  WHERE ( cat_idname='portal_index' and slide_status=1 ) ORDER BY listorder ASC LIMIT 0,5   [ RunTime:0.0000s ]
SQL: SHOW COLUMNS FROM `up_term_relationships` [ RunTime:0.0000s ]
SQL: SELECT `post_title`,`post_excerpt`,`tid`,`smeta` FROM up_term_relationships a INNER JOIN up_posts as b on a.object_id =b.id INNER JOIN up_users as c on b.post_author = c.id  WHERE `status` = 1 AND `post_status` = 1 AND `term_id` IN ('2') ORDER BY listorder asc LIMIT 4   [ RunTime:0.0000s ]
SQL: SHOW COLUMNS FROM `up_links` [ RunTime:0.0000s ]
SQL: SELECT * FROM `up_links` WHERE ( link_status=1 ) ORDER BY listorder ASC  [ RunTime:0.0000s ]
INFO: Run Behavior\ParseTemplateBehavior [ RunTime:0.046876s ]
INFO: [ view_parse ] --END-- [ RunTime:0.046876s ]
INFO: [ view_filter ] --START--
INFO: Run Behavior\WriteHtmlCacheBehavior [ RunTime:0.000000s ]
INFO: Run Common\Behavior\TmplStripSpaceBehavior [ RunTime:0.000000s ]
INFO: [ view_filter ] --END-- [ RunTime:0.000000s ]
INFO: [ app_end ] --START--
INFO: Run Behavior\ShowPageTraceBehavior [ RunTime:0.000000s ]
INFO: [ app_end ] --END-- [ RunTime:0.000000s ]

[ 2016-08-24T12:44:50+08:00 ] 101.226.61.184 /usergroup/
INFO: [ app_init ] --START--
INFO: Run Behavior\BuildLiteBehavior [ RunTime:0.000000s ]
INFO: Run Common\Behavior\InitHookBehavior [ RunTime:0.015625s ]
INFO: [ app_init ] --END-- [ RunTime:0.015625s ]
INFO: [ app_begin ] --START--
INFO: Run Behavior\ReadHtmlCacheBehavior [ RunTime:0.000000s ]
INFO: Run Behavior\CheckLangBehavior [ RunTime:0.015625s ]
INFO: [ app_begin ] --END-- [ RunTime:0.015625s ]
INFO: [ view_parse ] --START--
INFO: [ template_filter ] --START--
INFO: Run Behavior\ContentReplaceBehavior [ RunTime:0.000000s ]
INFO: [ template_filter ] --END-- [ RunTime:0.000000s ]
NOTIC: [8] Undefined property: Tree::$str D:\wwwroot\custom_fenxiao\usergroup\simplewind\Lib\Util\Tree.class.php 第 301 行.
SQL: SHOW COLUMNS FROM `up_slide_cat` [ RunTime:0.0000s ]
SQL: SELECT * FROM `up_slide_cat` INNER JOIN up_slide as b on up_slide_cat.cid =b.slide_cid  WHERE ( cat_idname='portal_index' and slide_status=1 ) ORDER BY listorder ASC LIMIT 0,5   [ RunTime:0.0000s ]
SQL: SHOW COLUMNS FROM `up_term_relationships` [ RunTime:0.0156s ]
SQL: SELECT `post_title`,`post_excerpt`,`tid`,`smeta` FROM up_term_relationships a INNER JOIN up_posts as b on a.object_id =b.id INNER JOIN up_users as c on b.post_author = c.id  WHERE `status` = 1 AND `post_status` = 1 AND `term_id` IN ('2') ORDER BY listorder asc LIMIT 4   [ RunTime:0.0000s ]
SQL: SHOW COLUMNS FROM `up_links` [ RunTime:0.0000s ]
SQL: SELECT * FROM `up_links` WHERE ( link_status=1 ) ORDER BY listorder ASC  [ RunTime:0.0000s ]
INFO: Run Behavior\ParseTemplateBehavior [ RunTime:0.125002s ]
INFO: [ view_parse ] --END-- [ RunTime:0.125002s ]
INFO: [ view_filter ] --START--
INFO: Run Behavior\WriteHtmlCacheBehavior [ RunTime:0.000000s ]
INFO: Run Common\Behavior\TmplStripSpaceBehavior [ RunTime:0.000000s ]
INFO: [ view_filter ] --END-- [ RunTime:0.000000s ]
INFO: [ app_end ] --START--
INFO: Run Behavior\ShowPageTraceBehavior [ RunTime:0.000000s ]
INFO: [ app_end ] --END-- [ RunTime:0.000000s ]

[ 2016-08-24T12:59:35+08:00 ] 101.226.69.112 /usergroup/
INFO: [ app_init ] --START--
INFO: Run Behavior\BuildLiteBehavior [ RunTime:0.000000s ]
INFO: Run Common\Behavior\InitHookBehavior [ RunTime:0.015625s ]
INFO: [ app_init ] --END-- [ RunTime:0.015625s ]
INFO: [ app_begin ] --START--
INFO: Run Behavior\ReadHtmlCacheBehavior [ RunTime:0.000000s ]
INFO: Run Behavior\CheckLangBehavior [ RunTime:0.015625s ]
INFO: [ app_begin ] --END-- [ RunTime:0.015625s ]
INFO: [ view_parse ] --START--
INFO: [ template_filter ] --START--
INFO: Run Behavior\ContentReplaceBehavior [ RunTime:0.000000s ]
INFO: [ template_filter ] --END-- [ RunTime:0.000000s ]
NOTIC: [8] Undefined property: Tree::$str D:\wwwroot\custom_fenxiao\usergroup\simplewind\Lib\Util\Tree.class.php 第 301 行.
SQL: SHOW COLUMNS FROM `up_slide_cat` [ RunTime:0.0156s ]
SQL: SELECT * FROM `up_slide_cat` INNER JOIN up_slide as b on up_slide_cat.cid =b.slide_cid  WHERE ( cat_idname='portal_index' and slide_status=1 ) ORDER BY listorder ASC LIMIT 0,5   [ RunTime:0.0000s ]
SQL: SHOW COLUMNS FROM `up_term_relationships` [ RunTime:0.0000s ]
SQL: SELECT `post_title`,`post_excerpt`,`tid`,`smeta` FROM up_term_relationships a INNER JOIN up_posts as b on a.object_id =b.id INNER JOIN up_users as c on b.post_author = c.id  WHERE `status` = 1 AND `post_status` = 1 AND `term_id` IN ('2') ORDER BY listorder asc LIMIT 4   [ RunTime:0.0000s ]
SQL: SHOW COLUMNS FROM `up_links` [ RunTime:0.0000s ]
SQL: SELECT * FROM `up_links` WHERE ( link_status=1 ) ORDER BY listorder ASC  [ RunTime:0.0000s ]
INFO: Run Behavior\ParseTemplateBehavior [ RunTime:0.125002s ]
INFO: [ view_parse ] --END-- [ RunTime:0.125002s ]
INFO: [ view_filter ] --START--
INFO: Run Behavior\WriteHtmlCacheBehavior [ RunTime:0.000000s ]
INFO: Run Common\Behavior\TmplStripSpaceBehavior [ RunTime:0.000000s ]
INFO: [ view_filter ] --END-- [ RunTime:0.000000s ]
INFO: [ app_end ] --START--
INFO: Run Behavior\ShowPageTraceBehavior [ RunTime:0.015625s ]
INFO: [ app_end ] --END-- [ RunTime:0.015625s ]

[ 2016-08-24T13:01:07+08:00 ] 101.226.69.112 /usergroup/
INFO: [ app_init ] --START--
INFO: Run Behavior\BuildLiteBehavior [ RunTime:0.000000s ]
INFO: Run Common\Behavior\InitHookBehavior [ RunTime:0.015625s ]
INFO: [ app_init ] --END-- [ RunTime:0.015625s ]
INFO: [ app_begin ] --START--
INFO: Run Behavior\ReadHtmlCacheBehavior [ RunTime:0.000000s ]
INFO: Run Behavior\CheckLangBehavior [ RunTime:0.015626s ]
INFO: [ app_begin ] --END-- [ RunTime:0.015626s ]
INFO: [ view_parse ] --START--
INFO: [ template_filter ] --START--
INFO: Run Behavior\ContentReplaceBehavior [ RunTime:0.000000s ]
INFO: [ template_filter ] --END-- [ RunTime:0.000000s ]
NOTIC: [8] Undefined property: Tree::$str D:\wwwroot\custom_fenxiao\usergroup\simplewind\Lib\Util\Tree.class.php 第 301 行.
SQL: SHOW COLUMNS FROM `up_slide_cat` [ RunTime:0.0000s ]
SQL: SELECT * FROM `up_slide_cat` INNER JOIN up_slide as b on up_slide_cat.cid =b.slide_cid  WHERE ( cat_idname='portal_index' and slide_status=1 ) ORDER BY listorder ASC LIMIT 0,5   [ RunTime:0.0000s ]
SQL: SHOW COLUMNS FROM `up_term_relationships` [ RunTime:0.0000s ]
SQL: SELECT `post_title`,`post_excerpt`,`tid`,`smeta` FROM up_term_relationships a INNER JOIN up_posts as b on a.object_id =b.id INNER JOIN up_users as c on b.post_author = c.id  WHERE `status` = 1 AND `post_status` = 1 AND `term_id` IN ('2') ORDER BY listorder asc LIMIT 4   [ RunTime:0.0000s ]
SQL: SHOW COLUMNS FROM `up_links` [ RunTime:0.0000s ]
SQL: SELECT * FROM `up_links` WHERE ( link_status=1 ) ORDER BY listorder ASC  [ RunTime:0.0000s ]
INFO: Run Behavior\ParseTemplateBehavior [ RunTime:0.093752s ]
INFO: [ view_parse ] --END-- [ RunTime:0.093752s ]
INFO: [ view_filter ] --START--
INFO: Run Behavior\WriteHtmlCacheBehavior [ RunTime:0.000000s ]
INFO: Run Common\Behavior\TmplStripSpaceBehavior [ RunTime:0.000000s ]
INFO: [ view_filter ] --END-- [ RunTime:0.000000s ]
INFO: [ app_end ] --START--
INFO: Run Behavior\ShowPageTraceBehavior [ RunTime:0.000000s ]
INFO: [ app_end ] --END-- [ RunTime:0.000000s ]

[ 2016-08-24T18:40:23+08:00 ] 112.224.19.194 /usergroup/
INFO: [ app_init ] --START--
INFO: Run Behavior\BuildLiteBehavior [ RunTime:0.000000s ]
INFO: Run Common\Behavior\InitHookBehavior [ RunTime:0.078126s ]
INFO: [ app_init ] --END-- [ RunTime:0.093752s ]
INFO: [ app_begin ] --START--
INFO: Run Behavior\ReadHtmlCacheBehavior [ RunTime:0.015625s ]
INFO: Run Behavior\CheckLangBehavior [ RunTime:0.015625s ]
INFO: [ app_begin ] --END-- [ RunTime:0.031250s ]
INFO: [ view_parse ] --START--
INFO: [ template_filter ] --START--
INFO: Run Behavior\ContentReplaceBehavior [ RunTime:0.000000s ]
INFO: [ template_filter ] --END-- [ RunTime:0.000000s ]
NOTIC: [8] Undefined property: Tree::$str D:\wwwroot\custom_fenxiao\usergroup\simplewind\Lib\Util\Tree.class.php 第 301 行.
SQL: SHOW COLUMNS FROM `up_slide_cat` [ RunTime:0.0156s ]
SQL: SELECT * FROM `up_slide_cat` INNER JOIN up_slide as b on up_slide_cat.cid =b.slide_cid  WHERE ( cat_idname='portal_index' and slide_status=1 ) ORDER BY listorder ASC LIMIT 0,5   [ RunTime:0.0000s ]
SQL: SHOW COLUMNS FROM `up_term_relationships` [ RunTime:0.0000s ]
SQL: SELECT `post_title`,`post_excerpt`,`tid`,`smeta` FROM up_term_relationships a INNER JOIN up_posts as b on a.object_id =b.id INNER JOIN up_users as c on b.post_author = c.id  WHERE `status` = 1 AND `post_status` = 1 AND `term_id` IN ('2') ORDER BY listorder asc LIMIT 4   [ RunTime:0.0000s ]
SQL: SHOW COLUMNS FROM `up_links` [ RunTime:0.0000s ]
SQL: SELECT * FROM `up_links` WHERE ( link_status=1 ) ORDER BY listorder ASC  [ RunTime:0.0000s ]
INFO: Run Behavior\ParseTemplateBehavior [ RunTime:0.468759s ]
INFO: [ view_parse ] --END-- [ RunTime:0.468759s ]
INFO: [ view_filter ] --START--
INFO: Run Behavior\WriteHtmlCacheBehavior [ RunTime:0.015625s ]
INFO: Run Common\Behavior\TmplStripSpaceBehavior [ RunTime:0.031251s ]
INFO: [ view_filter ] --END-- [ RunTime:0.046876s ]
INFO: [ app_end ] --START--
INFO: Run Behavior\ShowPageTraceBehavior [ RunTime:0.015625s ]
INFO: [ app_end ] --END-- [ RunTime:0.015625s ]

[ 2016-08-24T18:40:25+08:00 ] 112.224.19.194 /usergroup/
INFO: [ app_init ] --START--
INFO: Run Behavior\BuildLiteBehavior [ RunTime:0.000000s ]
INFO: Run Common\Behavior\InitHookBehavior [ RunTime:0.000000s ]
INFO: [ app_init ] --END-- [ RunTime:0.000000s ]
INFO: [ app_begin ] --START--
INFO: Run Behavior\ReadHtmlCacheBehavior [ RunTime:0.000000s ]
INFO: Run Behavior\CheckLangBehavior [ RunTime:0.000000s ]
INFO: [ app_begin ] --END-- [ RunTime:0.000000s ]
INFO: [ view_parse ] --START--
INFO: [ template_filter ] --START--
INFO: Run Behavior\ContentReplaceBehavior [ RunTime:0.000000s ]
INFO: [ template_filter ] --END-- [ RunTime:0.000000s ]
NOTIC: [8] Undefined property: Tree::$str D:\wwwroot\custom_fenxiao\usergroup\simplewind\Lib\Util\Tree.class.php 第 301 行.
SQL: SHOW COLUMNS FROM `up_slide_cat` [ RunTime:0.0000s ]
SQL: SELECT * FROM `up_slide_cat` INNER JOIN up_slide as b on up_slide_cat.cid =b.slide_cid  WHERE ( cat_idname='portal_index' and slide_status=1 ) ORDER BY listorder ASC LIMIT 0,5   [ RunTime:0.0000s ]
SQL: SHOW COLUMNS FROM `up_term_relationships` [ RunTime:0.0000s ]
SQL: SELECT `post_title`,`post_excerpt`,`tid`,`smeta` FROM up_term_relationships a INNER JOIN up_posts as b on a.object_id =b.id INNER JOIN up_users as c on b.post_author = c.id  WHERE `status` = 1 AND `post_status` = 1 AND `term_id` IN ('2') ORDER BY listorder asc LIMIT 4   [ RunTime:0.0000s ]
SQL: SHOW COLUMNS FROM `up_links` [ RunTime:0.0000s ]
SQL: SELECT * FROM `up_links` WHERE ( link_status=1 ) ORDER BY listorder ASC  [ RunTime:0.0000s ]
INFO: Run Behavior\ParseTemplateBehavior [ RunTime:0.031250s ]
INFO: [ view_parse ] --END-- [ RunTime:0.031250s ]
INFO: [ view_filter ] --START--
INFO: Run Behavior\WriteHtmlCacheBehavior [ RunTime:0.000000s ]
INFO: Run Common\Behavior\TmplStripSpaceBehavior [ RunTime:0.000000s ]
INFO: [ view_filter ] --END-- [ RunTime:0.000000s ]
INFO: [ app_end ] --START--
INFO: Run Behavior\ShowPageTraceBehavior [ RunTime:0.000000s ]
INFO: [ app_end ] --END-- [ RunTime:0.000000s ]

[ 2016-08-24T18:41:03+08:00 ] 112.224.19.194 /usergroup/
INFO: [ app_init ] --START--
INFO: Run Behavior\BuildLiteBehavior [ RunTime:0.000000s ]
INFO: Run Common\Behavior\InitHookBehavior [ RunTime:0.000000s ]
INFO: [ app_init ] --END-- [ RunTime:0.000000s ]
INFO: [ app_begin ] --START--
INFO: Run Behavior\ReadHtmlCacheBehavior [ RunTime:0.000000s ]
INFO: Run Behavior\CheckLangBehavior [ RunTime:0.000000s ]
INFO: [ app_begin ] --END-- [ RunTime:0.000000s ]
INFO: [ view_parse ] --START--
INFO: [ template_filter ] --START--
INFO: Run Behavior\ContentReplaceBehavior [ RunTime:0.000000s ]
INFO: [ template_filter ] --END-- [ RunTime:0.000000s ]
NOTIC: [8] Undefined property: Tree::$str D:\wwwroot\custom_fenxiao\usergroup\simplewind\Lib\Util\Tree.class.php 第 301 行.
SQL: SHOW COLUMNS FROM `up_slide_cat` [ RunTime:0.0000s ]
SQL: SELECT * FROM `up_slide_cat` INNER JOIN up_slide as b on up_slide_cat.cid =b.slide_cid  WHERE ( cat_idname='portal_index' and slide_status=1 ) ORDER BY listorder ASC LIMIT 0,5   [ RunTime:0.0000s ]
SQL: SHOW COLUMNS FROM `up_term_relationships` [ RunTime:0.0000s ]
SQL: SELECT `post_title`,`post_excerpt`,`tid`,`smeta` FROM up_term_relationships a INNER JOIN up_posts as b on a.object_id =b.id INNER JOIN up_users as c on b.post_author = c.id  WHERE `status` = 1 AND `post_status` = 1 AND `term_id` IN ('2') ORDER BY listorder asc LIMIT 4   [ RunTime:0.0000s ]
SQL: SHOW COLUMNS FROM `up_links` [ RunTime:0.0000s ]
SQL: SELECT * FROM `up_links` WHERE ( link_status=1 ) ORDER BY listorder ASC  [ RunTime:0.0000s ]
INFO: Run Behavior\ParseTemplateBehavior [ RunTime:0.031250s ]
INFO: [ view_parse ] --END-- [ RunTime:0.031250s ]
INFO: [ view_filter ] --START--
INFO: Run Behavior\WriteHtmlCacheBehavior [ RunTime:0.000000s ]
INFO: Run Common\Behavior\TmplStripSpaceBehavior [ RunTime:0.000000s ]
INFO: [ view_filter ] --END-- [ RunTime:0.000000s ]
INFO: [ app_end ] --START--
INFO: Run Behavior\ShowPageTraceBehavior [ RunTime:0.000000s ]
INFO: [ app_end ] --END-- [ RunTime:0.000000s ]

[ 2016-08-24T22:38:16+08:00 ] 123.151.139.145 /usergroup/
INFO: [ app_init ] --START--
INFO: Run Behavior\BuildLiteBehavior [ RunTime:0.000000s ]
INFO: Run Common\Behavior\InitHookBehavior [ RunTime:0.015625s ]
INFO: [ app_init ] --END-- [ RunTime:0.015625s ]
INFO: [ app_begin ] --START--
INFO: Run Behavior\ReadHtmlCacheBehavior [ RunTime:0.000000s ]
INFO: Run Behavior\CheckLangBehavior [ RunTime:0.000000s ]
INFO: [ app_begin ] --END-- [ RunTime:0.000000s ]
INFO: [ view_parse ] --START--
INFO: [ template_filter ] --START--
INFO: Run Behavior\ContentReplaceBehavior [ RunTime:0.000000s ]
INFO: [ template_filter ] --END-- [ RunTime:0.000000s ]
NOTIC: [8] Undefined property: Tree::$str D:\wwwroot\custom_fenxiao\usergroup\simplewind\Lib\Util\Tree.class.php 第 301 行.
SQL: SHOW COLUMNS FROM `up_slide_cat` [ RunTime:0.0000s ]
SQL: SELECT * FROM `up_slide_cat` INNER JOIN up_slide as b on up_slide_cat.cid =b.slide_cid  WHERE ( cat_idname='portal_index' and slide_status=1 ) ORDER BY listorder ASC LIMIT 0,5   [ RunTime:0.0000s ]
SQL: SHOW COLUMNS FROM `up_term_relationships` [ RunTime:0.0156s ]
SQL: SELECT `post_title`,`post_excerpt`,`tid`,`smeta` FROM up_term_relationships a INNER JOIN up_posts as b on a.object_id =b.id INNER JOIN up_users as c on b.post_author = c.id  WHERE `status` = 1 AND `post_status` = 1 AND `term_id` IN ('2') ORDER BY listorder asc LIMIT 4   [ RunTime:0.0000s ]
SQL: SHOW COLUMNS FROM `up_links` [ RunTime:0.0000s ]
SQL: SELECT * FROM `up_links` WHERE ( link_status=1 ) ORDER BY listorder ASC  [ RunTime:0.0000s ]
INFO: Run Behavior\ParseTemplateBehavior [ RunTime:0.187503s ]
INFO: [ view_parse ] --END-- [ RunTime:0.187503s ]
INFO: [ view_filter ] --START--
INFO: Run Behavior\WriteHtmlCacheBehavior [ RunTime:0.000000s ]
INFO: Run Common\Behavior\TmplStripSpaceBehavior [ RunTime:0.000000s ]
INFO: [ view_filter ] --END-- [ RunTime:0.000000s ]
INFO: [ app_end ] --START--
INFO: Run Behavior\ShowPageTraceBehavior [ RunTime:0.000000s ]
INFO: [ app_end ] --END-- [ RunTime:0.000000s ]

[ 2016-08-24T22:39:10+08:00 ] 123.151.139.145 /usergroup/
INFO: [ app_init ] --START--
INFO: Run Behavior\BuildLiteBehavior [ RunTime:0.000000s ]
INFO: Run Common\Behavior\InitHookBehavior [ RunTime:0.000000s ]
INFO: [ app_init ] --END-- [ RunTime:0.000000s ]
INFO: [ app_begin ] --START--
INFO: Run Behavior\ReadHtmlCacheBehavior [ RunTime:0.000000s ]
INFO: Run Behavior\CheckLangBehavior [ RunTime:0.000000s ]
INFO: [ app_begin ] --END-- [ RunTime:0.000000s ]
INFO: [ view_parse ] --START--
INFO: [ template_filter ] --START--
INFO: Run Behavior\ContentReplaceBehavior [ RunTime:0.000000s ]
INFO: [ template_filter ] --END-- [ RunTime:0.000000s ]
NOTIC: [8] Undefined property: Tree::$str D:\wwwroot\custom_fenxiao\usergroup\simplewind\Lib\Util\Tree.class.php 第 301 行.
SQL: SHOW COLUMNS FROM `up_slide_cat` [ RunTime:0.0000s ]
SQL: SELECT * FROM `up_slide_cat` INNER JOIN up_slide as b on up_slide_cat.cid =b.slide_cid  WHERE ( cat_idname='portal_index' and slide_status=1 ) ORDER BY listorder ASC LIMIT 0,5   [ RunTime:0.0000s ]
SQL: SHOW COLUMNS FROM `up_term_relationships` [ RunTime:0.0000s ]
SQL: SELECT `post_title`,`post_excerpt`,`tid`,`smeta` FROM up_term_relationships a INNER JOIN up_posts as b on a.object_id =b.id INNER JOIN up_users as c on b.post_author = c.id  WHERE `status` = 1 AND `post_status` = 1 AND `term_id` IN ('2') ORDER BY listorder asc LIMIT 4   [ RunTime:0.0000s ]
SQL: SHOW COLUMNS FROM `up_links` [ RunTime:0.0000s ]
SQL: SELECT * FROM `up_links` WHERE ( link_status=1 ) ORDER BY listorder ASC  [ RunTime:0.0000s ]
INFO: Run Behavior\ParseTemplateBehavior [ RunTime:0.031250s ]
INFO: [ view_parse ] --END-- [ RunTime:0.031250s ]
INFO: [ view_filter ] --START--
INFO: Run Behavior\WriteHtmlCacheBehavior [ RunTime:0.000000s ]
INFO: Run Common\Behavior\TmplStripSpaceBehavior [ RunTime:0.000000s ]
INFO: [ view_filter ] --END-- [ RunTime:0.000000s ]
INFO: [ app_end ] --START--
INFO: Run Behavior\ShowPageTraceBehavior [ RunTime:0.000000s ]
INFO: [ app_end ] --END-- [ RunTime:0.000000s ]

[ 2016-08-24T22:41:01+08:00 ] 112.225.235.142 /usergroup/
INFO: [ app_init ] --START--
INFO: Run Behavior\BuildLiteBehavior [ RunTime:0.000000s ]
INFO: Run Common\Behavior\InitHookBehavior [ RunTime:0.000000s ]
INFO: [ app_init ] --END-- [ RunTime:0.000000s ]
INFO: [ app_begin ] --START--
INFO: Run Behavior\ReadHtmlCacheBehavior [ RunTime:0.000000s ]
INFO: Run Behavior\CheckLangBehavior [ RunTime:0.000000s ]
INFO: [ app_begin ] --END-- [ RunTime:0.000000s ]
INFO: [ view_parse ] --START--
INFO: [ template_filter ] --START--
INFO: Run Behavior\ContentReplaceBehavior [ RunTime:0.000000s ]
INFO: [ template_filter ] --END-- [ RunTime:0.000000s ]
NOTIC: [8] Undefined property: Tree::$str D:\wwwroot\custom_fenxiao\usergroup\simplewind\Lib\Util\Tree.class.php 第 301 行.
SQL: SHOW COLUMNS FROM `up_slide_cat` [ RunTime:0.0000s ]
SQL: SELECT * FROM `up_slide_cat` INNER JOIN up_slide as b on up_slide_cat.cid =b.slide_cid  WHERE ( cat_idname='portal_index' and slide_status=1 ) ORDER BY listorder ASC LIMIT 0,5   [ RunTime:0.0000s ]
SQL: SHOW COLUMNS FROM `up_term_relationships` [ RunTime:0.0156s ]
SQL: SELECT `post_title`,`post_excerpt`,`tid`,`smeta` FROM up_term_relationships a INNER JOIN up_posts as b on a.object_id =b.id INNER JOIN up_users as c on b.post_author = c.id  WHERE `status` = 1 AND `post_status` = 1 AND `term_id` IN ('2') ORDER BY listorder asc LIMIT 4   [ RunTime:0.0000s ]
SQL: SHOW COLUMNS FROM `up_links` [ RunTime:0.0000s ]
SQL: SELECT * FROM `up_links` WHERE ( link_status=1 ) ORDER BY listorder ASC  [ RunTime:0.0000s ]
INFO: Run Behavior\ParseTemplateBehavior [ RunTime:0.046876s ]
INFO: [ view_parse ] --END-- [ RunTime:0.046876s ]
INFO: [ view_filter ] --START--
INFO: Run Behavior\WriteHtmlCacheBehavior [ RunTime:0.000000s ]
INFO: Run Common\Behavior\TmplStripSpaceBehavior [ RunTime:0.000000s ]
INFO: [ view_filter ] --END-- [ RunTime:0.000000s ]
INFO: [ app_end ] --START--
INFO: Run Behavior\ShowPageTraceBehavior [ RunTime:0.000000s ]
INFO: [ app_end ] --END-- [ RunTime:0.000000s ]

[ 2016-08-24T22:42:29+08:00 ] 112.225.235.142 /usergroup/
INFO: [ app_init ] --START--
INFO: Run Behavior\BuildLiteBehavior [ RunTime:0.000000s ]
INFO: Run Common\Behavior\InitHookBehavior [ RunTime:0.000000s ]
INFO: [ app_init ] --END-- [ RunTime:0.000000s ]
INFO: [ app_begin ] --START--
INFO: Run Behavior\ReadHtmlCacheBehavior [ RunTime:0.000000s ]
INFO: Run Behavior\CheckLangBehavior [ RunTime:0.000000s ]
INFO: [ app_begin ] --END-- [ RunTime:0.000000s ]
INFO: [ view_parse ] --START--
INFO: [ template_filter ] --START--
INFO: Run Behavior\ContentReplaceBehavior [ RunTime:0.000000s ]
INFO: [ template_filter ] --END-- [ RunTime:0.000000s ]
NOTIC: [8] Undefined property: Tree::$str D:\wwwroot\custom_fenxiao\usergroup\simplewind\Lib\Util\Tree.class.php 第 301 行.
SQL: SHOW COLUMNS FROM `up_slide_cat` [ RunTime:0.0000s ]
SQL: SELECT * FROM `up_slide_cat` INNER JOIN up_slide as b on up_slide_cat.cid =b.slide_cid  WHERE ( cat_idname='portal_index' and slide_status=1 ) ORDER BY listorder ASC LIMIT 0,5   [ RunTime:0.0000s ]
SQL: SHOW COLUMNS FROM `up_term_relationships` [ RunTime:0.0000s ]
SQL: SELECT `post_title`,`post_excerpt`,`tid`,`smeta` FROM up_term_relationships a INNER JOIN up_posts as b on a.object_id =b.id INNER JOIN up_users as c on b.post_author = c.id  WHERE `status` = 1 AND `post_status` = 1 AND `term_id` IN ('2') ORDER BY listorder asc LIMIT 4   [ RunTime:0.0000s ]
SQL: SHOW COLUMNS FROM `up_links` [ RunTime:0.0156s ]
SQL: SELECT * FROM `up_links` WHERE ( link_status=1 ) ORDER BY listorder ASC  [ RunTime:0.0000s ]
INFO: Run Behavior\ParseTemplateBehavior [ RunTime:0.046876s ]
INFO: [ view_parse ] --END-- [ RunTime:0.046876s ]
INFO: [ view_filter ] --START--
INFO: Run Behavior\WriteHtmlCacheBehavior [ RunTime:0.000000s ]
INFO: Run Common\Behavior\TmplStripSpaceBehavior [ RunTime:0.000000s ]
INFO: [ view_filter ] --END-- [ RunTime:0.000000s ]
INFO: [ app_end ] --START--
INFO: Run Behavior\ShowPageTraceBehavior [ RunTime:0.000000s ]
INFO: [ app_end ] --END-- [ RunTime:0.000000s ]

[ 2016-08-24T22:43:59+08:00 ] 123.151.139.145 /usergroup/
INFO: [ app_init ] --START--
INFO: Run Behavior\BuildLiteBehavior [ RunTime:0.000000s ]
INFO: Run Common\Behavior\InitHookBehavior [ RunTime:0.000000s ]
INFO: [ app_init ] --END-- [ RunTime:0.000000s ]
INFO: [ app_begin ] --START--
INFO: Run Behavior\ReadHtmlCacheBehavior [ RunTime:0.000000s ]
INFO: Run Behavior\CheckLangBehavior [ RunTime:0.000000s ]
INFO: [ app_begin ] --END-- [ RunTime:0.000000s ]
INFO: [ view_parse ] --START--
INFO: [ template_filter ] --START--
INFO: Run Behavior\ContentReplaceBehavior [ RunTime:0.000000s ]
INFO: [ template_filter ] --END-- [ RunTime:0.000000s ]
NOTIC: [8] Undefined property: Tree::$str D:\wwwroot\custom_fenxiao\usergroup\simplewind\Lib\Util\Tree.class.php 第 301 行.
SQL: SHOW COLUMNS FROM `up_slide_cat` [ RunTime:0.0000s ]
SQL: SELECT * FROM `up_slide_cat` INNER JOIN up_slide as b on up_slide_cat.cid =b.slide_cid  WHERE ( cat_idname='portal_index' and slide_status=1 ) ORDER BY listorder ASC LIMIT 0,5   [ RunTime:0.0000s ]
SQL: SHOW COLUMNS FROM `up_term_relationships` [ RunTime:0.0000s ]
SQL: SELECT `post_title`,`post_excerpt`,`tid`,`smeta` FROM up_term_relationships a INNER JOIN up_posts as b on a.object_id =b.id INNER JOIN up_users as c on b.post_author = c.id  WHERE `status` = 1 AND `post_status` = 1 AND `term_id` IN ('2') ORDER BY listorder asc LIMIT 4   [ RunTime:0.0000s ]
SQL: SHOW COLUMNS FROM `up_links` [ RunTime:0.0000s ]
SQL: SELECT * FROM `up_links` WHERE ( link_status=1 ) ORDER BY listorder ASC  [ RunTime:0.0000s ]
INFO: Run Behavior\ParseTemplateBehavior [ RunTime:0.031250s ]
INFO: [ view_parse ] --END-- [ RunTime:0.031250s ]
INFO: [ view_filter ] --START--
INFO: Run Behavior\WriteHtmlCacheBehavior [ RunTime:0.000000s ]
INFO: Run Common\Behavior\TmplStripSpaceBehavior [ RunTime:0.000000s ]
INFO: [ view_filter ] --END-- [ RunTime:0.000000s ]
INFO: [ app_end ] --START--
INFO: Run Behavior\ShowPageTraceBehavior [ RunTime:0.000000s ]
INFO: [ app_end ] --END-- [ RunTime:0.000000s ]

[ 2016-08-24T22:45:32+08:00 ] 112.225.235.142 /usergroup/
INFO: [ app_init ] --START--
INFO: Run Behavior\BuildLiteBehavior [ RunTime:0.000000s ]
INFO: Run Common\Behavior\InitHookBehavior [ RunTime:0.000000s ]
INFO: [ app_init ] --END-- [ RunTime:0.000000s ]
INFO: [ app_begin ] --START--
INFO: Run Behavior\ReadHtmlCacheBehavior [ RunTime:0.000000s ]
INFO: Run Behavior\CheckLangBehavior [ RunTime:0.000000s ]
INFO: [ app_begin ] --END-- [ RunTime:0.000000s ]
INFO: [ view_parse ] --START--
INFO: [ template_filter ] --START--
INFO: Run Behavior\ContentReplaceBehavior [ RunTime:0.000000s ]
INFO: [ template_filter ] --END-- [ RunTime:0.000000s ]
NOTIC: [8] Undefined property: Tree::$str D:\wwwroot\custom_fenxiao\usergroup\simplewind\Lib\Util\Tree.class.php 第 301 行.
SQL: SHOW COLUMNS FROM `up_slide_cat` [ RunTime:0.0000s ]
SQL: SELECT * FROM `up_slide_cat` INNER JOIN up_slide as b on up_slide_cat.cid =b.slide_cid  WHERE ( cat_idname='portal_index' and slide_status=1 ) ORDER BY listorder ASC LIMIT 0,5   [ RunTime:0.0000s ]
SQL: SHOW COLUMNS FROM `up_term_relationships` [ RunTime:0.0000s ]
SQL: SELECT `post_title`,`post_excerpt`,`tid`,`smeta` FROM up_term_relationships a INNER JOIN up_posts as b on a.object_id =b.id INNER JOIN up_users as c on b.post_author = c.id  WHERE `status` = 1 AND `post_status` = 1 AND `term_id` IN ('2') ORDER BY listorder asc LIMIT 4   [ RunTime:0.0000s ]
SQL: SHOW COLUMNS FROM `up_links` [ RunTime:0.0156s ]
SQL: SELECT * FROM `up_links` WHERE ( link_status=1 ) ORDER BY listorder ASC  [ RunTime:0.0000s ]
INFO: Run Behavior\ParseTemplateBehavior [ RunTime:0.046876s ]
INFO: [ view_parse ] --END-- [ RunTime:0.046876s ]
INFO: [ view_filter ] --START--
INFO: Run Behavior\WriteHtmlCacheBehavior [ RunTime:0.000000s ]
INFO: Run Common\Behavior\TmplStripSpaceBehavior [ RunTime:0.000000s ]
INFO: [ view_filter ] --END-- [ RunTime:0.000000s ]
INFO: [ app_end ] --START--
INFO: Run Behavior\ShowPageTraceBehavior [ RunTime:0.000000s ]
INFO: [ app_end ] --END-- [ RunTime:0.000000s ]

[ 2016-08-24T22:56:26+08:00 ] 123.151.139.145 /usergroup/
INFO: [ app_init ] --START--
INFO: Run Behavior\BuildLiteBehavior [ RunTime:0.000000s ]
INFO: Run Common\Behavior\InitHookBehavior [ RunTime:0.015625s ]
INFO: [ app_init ] --END-- [ RunTime:0.015625s ]
INFO: [ app_begin ] --START--
INFO: Run Behavior\ReadHtmlCacheBehavior [ RunTime:0.000000s ]
INFO: Run Behavior\CheckLangBehavior [ RunTime:0.000000s ]
INFO: [ app_begin ] --END-- [ RunTime:0.000000s ]
INFO: [ view_parse ] --START--
INFO: [ template_filter ] --START--
INFO: Run Behavior\ContentReplaceBehavior [ RunTime:0.000000s ]
INFO: [ template_filter ] --END-- [ RunTime:0.000000s ]
NOTIC: [8] Undefined property: Tree::$str D:\wwwroot\custom_fenxiao\usergroup\simplewind\Lib\Util\Tree.class.php 第 301 行.
SQL: SHOW COLUMNS FROM `up_slide_cat` [ RunTime:0.0000s ]
SQL: SELECT * FROM `up_slide_cat` INNER JOIN up_slide as b on up_slide_cat.cid =b.slide_cid  WHERE ( cat_idname='portal_index' and slide_status=1 ) ORDER BY listorder ASC LIMIT 0,5   [ RunTime:0.0000s ]
SQL: SHOW COLUMNS FROM `up_term_relationships` [ RunTime:0.0000s ]
SQL: SELECT `post_title`,`post_excerpt`,`tid`,`smeta` FROM up_term_relationships a INNER JOIN up_posts as b on a.object_id =b.id INNER JOIN up_users as c on b.post_author = c.id  WHERE `status` = 1 AND `post_status` = 1 AND `term_id` IN ('2') ORDER BY listorder asc LIMIT 4   [ RunTime:0.0000s ]
SQL: SHOW COLUMNS FROM `up_links` [ RunTime:0.0000s ]
SQL: SELECT * FROM `up_links` WHERE ( link_status=1 ) ORDER BY listorder ASC  [ RunTime:0.0000s ]
INFO: Run Behavior\ParseTemplateBehavior [ RunTime:0.046876s ]
INFO: [ view_parse ] --END-- [ RunTime:0.046876s ]
INFO: [ view_filter ] --START--
INFO: Run Behavior\WriteHtmlCacheBehavior [ RunTime:0.015625s ]
INFO: Run Common\Behavior\TmplStripSpaceBehavior [ RunTime:0.000000s ]
INFO: [ view_filter ] --END-- [ RunTime:0.015625s ]
INFO: [ app_end ] --START--
INFO: Run Behavior\ShowPageTraceBehavior [ RunTime:0.000000s ]
INFO: [ app_end ] --END-- [ RunTime:0.000000s ]

[ 2016-08-24T23:44:11+08:00 ] 111.161.57.49 /usergroup/
INFO: [ app_init ] --START--
INFO: Run Behavior\BuildLiteBehavior [ RunTime:0.000000s ]
INFO: Run Common\Behavior\InitHookBehavior [ RunTime:0.015626s ]
INFO: [ app_init ] --END-- [ RunTime:0.015626s ]
INFO: [ app_begin ] --START--
INFO: Run Behavior\ReadHtmlCacheBehavior [ RunTime:0.000000s ]
INFO: Run Behavior\CheckLangBehavior [ RunTime:0.000000s ]
INFO: [ app_begin ] --END-- [ RunTime:0.000000s ]
INFO: [ view_parse ] --START--
INFO: [ template_filter ] --START--
INFO: Run Behavior\ContentReplaceBehavior [ RunTime:0.000000s ]
INFO: [ template_filter ] --END-- [ RunTime:0.000000s ]
NOTIC: [8] Undefined property: Tree::$str D:\wwwroot\custom_fenxiao\usergroup\simplewind\Lib\Util\Tree.class.php 第 301 行.
SQL: SHOW COLUMNS FROM `up_slide_cat` [ RunTime:0.0156s ]
SQL: SELECT * FROM `up_slide_cat` INNER JOIN up_slide as b on up_slide_cat.cid =b.slide_cid  WHERE ( cat_idname='portal_index' and slide_status=1 ) ORDER BY listorder ASC LIMIT 0,5   [ RunTime:0.0000s ]
SQL: SHOW COLUMNS FROM `up_term_relationships` [ RunTime:0.0000s ]
SQL: SELECT `post_title`,`post_excerpt`,`tid`,`smeta` FROM up_term_relationships a INNER JOIN up_posts as b on a.object_id =b.id INNER JOIN up_users as c on b.post_author = c.id  WHERE `status` = 1 AND `post_status` = 1 AND `term_id` IN ('2') ORDER BY listorder asc LIMIT 4   [ RunTime:0.0000s ]
SQL: SHOW COLUMNS FROM `up_links` [ RunTime:0.0000s ]
SQL: SELECT * FROM `up_links` WHERE ( link_status=1 ) ORDER BY listorder ASC  [ RunTime:0.0000s ]
INFO: Run Behavior\ParseTemplateBehavior [ RunTime:0.078126s ]
INFO: [ view_parse ] --END-- [ RunTime:0.078126s ]
INFO: [ view_filter ] --START--
INFO: Run Behavior\WriteHtmlCacheBehavior [ RunTime:0.000000s ]
INFO: Run Common\Behavior\TmplStripSpaceBehavior [ RunTime:0.000000s ]
INFO: [ view_filter ] --END-- [ RunTime:0.000000s ]
INFO: [ app_end ] --START--
INFO: Run Behavior\ShowPageTraceBehavior [ RunTime:0.000000s ]
INFO: [ app_end ] --END-- [ RunTime:0.000000s ]

[ 2016-08-24T23:57:03+08:00 ] 111.161.57.49 /usergroup/
INFO: [ app_init ] --START--
INFO: Run Behavior\BuildLiteBehavior [ RunTime:0.000000s ]
INFO: Run Common\Behavior\InitHookBehavior [ RunTime:0.000000s ]
INFO: [ app_init ] --END-- [ RunTime:0.000000s ]
INFO: [ app_begin ] --START--
INFO: Run Behavior\ReadHtmlCacheBehavior [ RunTime:0.000000s ]
INFO: Run Behavior\CheckLangBehavior [ RunTime:0.000000s ]
INFO: [ app_begin ] --END-- [ RunTime:0.000000s ]
INFO: [ view_parse ] --START--
INFO: [ template_filter ] --START--
INFO: Run Behavior\ContentReplaceBehavior [ RunTime:0.000000s ]
INFO: [ template_filter ] --END-- [ RunTime:0.000000s ]
NOTIC: [8] Undefined property: Tree::$str D:\wwwroot\custom_fenxiao\usergroup\simplewind\Lib\Util\Tree.class.php 第 301 行.
SQL: SHOW COLUMNS FROM `up_slide_cat` [ RunTime:0.0000s ]
SQL: SELECT * FROM `up_slide_cat` INNER JOIN up_slide as b on up_slide_cat.cid =b.slide_cid  WHERE ( cat_idname='portal_index' and slide_status=1 ) ORDER BY listorder ASC LIMIT 0,5   [ RunTime:0.0156s ]
SQL: SHOW COLUMNS FROM `up_term_relationships` [ RunTime:0.0000s ]
SQL: SELECT `post_title`,`post_excerpt`,`tid`,`smeta` FROM up_term_relationships a INNER JOIN up_posts as b on a.object_id =b.id INNER JOIN up_users as c on b.post_author = c.id  WHERE `status` = 1 AND `post_status` = 1 AND `term_id` IN ('2') ORDER BY listorder asc LIMIT 4   [ RunTime:0.0000s ]
SQL: SHOW COLUMNS FROM `up_links` [ RunTime:0.0000s ]
SQL: SELECT * FROM `up_links` WHERE ( link_status=1 ) ORDER BY listorder ASC  [ RunTime:0.0000s ]
INFO: Run Behavior\ParseTemplateBehavior [ RunTime:0.046876s ]
INFO: [ view_parse ] --END-- [ RunTime:0.046876s ]
INFO: [ view_filter ] --START--
INFO: Run Behavior\WriteHtmlCacheBehavior [ RunTime:0.000000s ]
INFO: Run Common\Behavior\TmplStripSpaceBehavior [ RunTime:0.000000s ]
INFO: [ view_filter ] --END-- [ RunTime:0.000000s ]
INFO: [ app_end ] --START--
INFO: Run Behavior\ShowPageTraceBehavior [ RunTime:0.000000s ]
INFO: [ app_end ] --END-- [ RunTime:0.000000s ]

