[ 2016-08-28T10:18:16+08:00 ] 113.108.21.69 /usergroup/
INFO: [ app_init ] --START--
INFO: Run Behavior\BuildLiteBehavior [ RunTime:0.000000s ]
INFO: Run Common\Behavior\InitHookBehavior [ RunTime:0.015625s ]
INFO: [ app_init ] --END-- [ RunTime:0.015625s ]
INFO: [ app_begin ] --START--
INFO: Run Behavior\ReadHtmlCacheBehavior [ RunTime:0.000000s ]
INFO: Run Behavior\CheckLangBehavior [ RunTime:0.015625s ]
INFO: [ app_begin ] --END-- [ RunTime:0.015625s ]
INFO: [ view_parse ] --START--
INFO: [ template_filter ] --START--
INFO: Run Behavior\ContentReplaceBehavior [ RunTime:0.015626s ]
INFO: [ template_filter ] --END-- [ RunTime:0.015626s ]
NOTIC: [8] Undefined property: Tree::$str D:\wwwroot\custom_fenxiao\usergroup\simplewind\Lib\Util\Tree.class.php 第 301 行.
SQL: SHOW COLUMNS FROM `up_slide_cat` [ RunTime:0.0000s ]
SQL: SELECT * FROM `up_slide_cat` INNER JOIN up_slide as b on up_slide_cat.cid =b.slide_cid  WHERE ( cat_idname='portal_index' and slide_status=1 ) ORDER BY listorder ASC LIMIT 0,5   [ RunTime:0.0000s ]
SQL: SHOW COLUMNS FROM `up_term_relationships` [ RunTime:0.0000s ]
SQL: SELECT `post_title`,`post_excerpt`,`tid`,`smeta` FROM up_term_relationships a INNER JOIN up_posts as b on a.object_id =b.id INNER JOIN up_users as c on b.post_author = c.id  WHERE `status` = 1 AND `post_status` = 1 AND `term_id` IN ('2') ORDER BY listorder asc LIMIT 4   [ RunTime:0.0000s ]
SQL: SHOW COLUMNS FROM `up_links` [ RunTime:0.0156s ]
SQL: SELECT * FROM `up_links` WHERE ( link_status=1 ) ORDER BY listorder ASC  [ RunTime:0.0000s ]
INFO: Run Behavior\ParseTemplateBehavior [ RunTime:0.171878s ]
INFO: [ view_parse ] --END-- [ RunTime:0.171878s ]
INFO: [ view_filter ] --START--
INFO: Run Behavior\WriteHtmlCacheBehavior [ RunTime:0.000000s ]
INFO: Run Common\Behavior\TmplStripSpaceBehavior [ RunTime:0.000000s ]
INFO: [ view_filter ] --END-- [ RunTime:0.000000s ]
INFO: [ app_end ] --START--
INFO: Run Behavior\ShowPageTraceBehavior [ RunTime:0.000000s ]
INFO: [ app_end ] --END-- [ RunTime:0.000000s ]

[ 2016-08-28T10:21:14+08:00 ] 180.153.160.28 /usergroup/
INFO: [ app_init ] --START--
INFO: Run Behavior\BuildLiteBehavior [ RunTime:0.000000s ]
INFO: Run Common\Behavior\InitHookBehavior [ RunTime:0.000000s ]
INFO: [ app_init ] --END-- [ RunTime:0.000000s ]
INFO: [ app_begin ] --START--
INFO: Run Behavior\ReadHtmlCacheBehavior [ RunTime:0.000000s ]
INFO: Run Behavior\CheckLangBehavior [ RunTime:0.000000s ]
INFO: [ app_begin ] --END-- [ RunTime:0.000000s ]
INFO: [ view_parse ] --START--
INFO: [ template_filter ] --START--
INFO: Run Behavior\ContentReplaceBehavior [ RunTime:0.000000s ]
INFO: [ template_filter ] --END-- [ RunTime:0.000000s ]
NOTIC: [8] Undefined property: Tree::$str D:\wwwroot\custom_fenxiao\usergroup\simplewind\Lib\Util\Tree.class.php 第 301 行.
SQL: SHOW COLUMNS FROM `up_slide_cat` [ RunTime:0.0156s ]
SQL: SELECT * FROM `up_slide_cat` INNER JOIN up_slide as b on up_slide_cat.cid =b.slide_cid  WHERE ( cat_idname='portal_index' and slide_status=1 ) ORDER BY listorder ASC LIMIT 0,5   [ RunTime:0.0000s ]
SQL: SHOW COLUMNS FROM `up_term_relationships` [ RunTime:0.0000s ]
SQL: SELECT `post_title`,`post_excerpt`,`tid`,`smeta` FROM up_term_relationships a INNER JOIN up_posts as b on a.object_id =b.id INNER JOIN up_users as c on b.post_author = c.id  WHERE `status` = 1 AND `post_status` = 1 AND `term_id` IN ('2') ORDER BY listorder asc LIMIT 4   [ RunTime:0.0000s ]
SQL: SHOW COLUMNS FROM `up_links` [ RunTime:0.0000s ]
SQL: SELECT * FROM `up_links` WHERE ( link_status=1 ) ORDER BY listorder ASC  [ RunTime:0.0000s ]
INFO: Run Behavior\ParseTemplateBehavior [ RunTime:0.046876s ]
INFO: [ view_parse ] --END-- [ RunTime:0.046876s ]
INFO: [ view_filter ] --START--
INFO: Run Behavior\WriteHtmlCacheBehavior [ RunTime:0.000000s ]
INFO: Run Common\Behavior\TmplStripSpaceBehavior [ RunTime:0.000000s ]
INFO: [ view_filter ] --END-- [ RunTime:0.000000s ]
INFO: [ app_end ] --START--
INFO: Run Behavior\ShowPageTraceBehavior [ RunTime:0.000000s ]
INFO: [ app_end ] --END-- [ RunTime:0.000000s ]

[ 2016-08-28T11:39:31+08:00 ] 101.226.61.184 /usergroup/
INFO: [ app_init ] --START--
INFO: Run Behavior\BuildLiteBehavior [ RunTime:0.000000s ]
INFO: Run Common\Behavior\InitHookBehavior [ RunTime:0.000000s ]
INFO: [ app_init ] --END-- [ RunTime:0.000000s ]
INFO: [ app_begin ] --START--
INFO: Run Behavior\ReadHtmlCacheBehavior [ RunTime:0.000000s ]
INFO: Run Behavior\CheckLangBehavior [ RunTime:0.000000s ]
INFO: [ app_begin ] --END-- [ RunTime:0.000000s ]
INFO: [ view_parse ] --START--
INFO: [ template_filter ] --START--
INFO: Run Behavior\ContentReplaceBehavior [ RunTime:0.000000s ]
INFO: [ template_filter ] --END-- [ RunTime:0.000000s ]
NOTIC: [8] Undefined property: Tree::$str D:\wwwroot\custom_fenxiao\usergroup\simplewind\Lib\Util\Tree.class.php 第 301 行.
SQL: SHOW COLUMNS FROM `up_slide_cat` [ RunTime:0.0000s ]
SQL: SELECT * FROM `up_slide_cat` INNER JOIN up_slide as b on up_slide_cat.cid =b.slide_cid  WHERE ( cat_idname='portal_index' and slide_status=1 ) ORDER BY listorder ASC LIMIT 0,5   [ RunTime:0.0000s ]
SQL: SHOW COLUMNS FROM `up_term_relationships` [ RunTime:0.0000s ]
SQL: SELECT `post_title`,`post_excerpt`,`tid`,`smeta` FROM up_term_relationships a INNER JOIN up_posts as b on a.object_id =b.id INNER JOIN up_users as c on b.post_author = c.id  WHERE `status` = 1 AND `post_status` = 1 AND `term_id` IN ('2') ORDER BY listorder asc LIMIT 4   [ RunTime:0.0000s ]
SQL: SHOW COLUMNS FROM `up_links` [ RunTime:0.0000s ]
SQL: SELECT * FROM `up_links` WHERE ( link_status=1 ) ORDER BY listorder ASC  [ RunTime:0.0000s ]
INFO: Run Behavior\ParseTemplateBehavior [ RunTime:0.046876s ]
INFO: [ view_parse ] --END-- [ RunTime:0.046876s ]
INFO: [ view_filter ] --START--
INFO: Run Behavior\WriteHtmlCacheBehavior [ RunTime:0.000000s ]
INFO: Run Common\Behavior\TmplStripSpaceBehavior [ RunTime:0.000000s ]
INFO: [ view_filter ] --END-- [ RunTime:0.000000s ]
INFO: [ app_end ] --START--
INFO: Run Behavior\ShowPageTraceBehavior [ RunTime:0.000000s ]
INFO: [ app_end ] --END-- [ RunTime:0.000000s ]

[ 2016-08-28T11:42:41+08:00 ] 101.226.33.218 /usergroup/
INFO: [ app_init ] --START--
INFO: Run Behavior\BuildLiteBehavior [ RunTime:0.000000s ]
INFO: Run Common\Behavior\InitHookBehavior [ RunTime:0.000000s ]
INFO: [ app_init ] --END-- [ RunTime:0.000000s ]
INFO: [ app_begin ] --START--
INFO: Run Behavior\ReadHtmlCacheBehavior [ RunTime:0.000000s ]
INFO: Run Behavior\CheckLangBehavior [ RunTime:0.000000s ]
INFO: [ app_begin ] --END-- [ RunTime:0.000000s ]
INFO: [ view_parse ] --START--
INFO: [ template_filter ] --START--
INFO: Run Behavior\ContentReplaceBehavior [ RunTime:0.000000s ]
INFO: [ template_filter ] --END-- [ RunTime:0.000000s ]
NOTIC: [8] Undefined property: Tree::$str D:\wwwroot\custom_fenxiao\usergroup\simplewind\Lib\Util\Tree.class.php 第 301 行.
SQL: SHOW COLUMNS FROM `up_slide_cat` [ RunTime:0.0000s ]
SQL: SELECT * FROM `up_slide_cat` INNER JOIN up_slide as b on up_slide_cat.cid =b.slide_cid  WHERE ( cat_idname='portal_index' and slide_status=1 ) ORDER BY listorder ASC LIMIT 0,5   [ RunTime:0.0000s ]
SQL: SHOW COLUMNS FROM `up_term_relationships` [ RunTime:0.0000s ]
SQL: SELECT `post_title`,`post_excerpt`,`tid`,`smeta` FROM up_term_relationships a INNER JOIN up_posts as b on a.object_id =b.id INNER JOIN up_users as c on b.post_author = c.id  WHERE `status` = 1 AND `post_status` = 1 AND `term_id` IN ('2') ORDER BY listorder asc LIMIT 4   [ RunTime:0.0000s ]
SQL: SHOW COLUMNS FROM `up_links` [ RunTime:0.0000s ]
SQL: SELECT * FROM `up_links` WHERE ( link_status=1 ) ORDER BY listorder ASC  [ RunTime:0.0000s ]
INFO: Run Behavior\ParseTemplateBehavior [ RunTime:0.031250s ]
INFO: [ view_parse ] --END-- [ RunTime:0.031250s ]
INFO: [ view_filter ] --START--
INFO: Run Behavior\WriteHtmlCacheBehavior [ RunTime:0.000000s ]
INFO: Run Common\Behavior\TmplStripSpaceBehavior [ RunTime:0.000000s ]
INFO: [ view_filter ] --END-- [ RunTime:0.000000s ]
INFO: [ app_end ] --START--
INFO: Run Behavior\ShowPageTraceBehavior [ RunTime:0.000000s ]
INFO: [ app_end ] --END-- [ RunTime:0.000000s ]

[ 2016-08-28T12:37:49+08:00 ] 116.112.66.6 /usergroup/
INFO: [ app_init ] --START--
INFO: Run Behavior\BuildLiteBehavior [ RunTime:0.000000s ]
INFO: Run Common\Behavior\InitHookBehavior [ RunTime:0.000000s ]
INFO: [ app_init ] --END-- [ RunTime:0.000000s ]
INFO: [ app_begin ] --START--
INFO: Run Behavior\ReadHtmlCacheBehavior [ RunTime:0.000000s ]
INFO: Run Behavior\CheckLangBehavior [ RunTime:0.000000s ]
INFO: [ app_begin ] --END-- [ RunTime:0.000000s ]
INFO: [ view_parse ] --START--
INFO: [ template_filter ] --START--
INFO: Run Behavior\ContentReplaceBehavior [ RunTime:0.000000s ]
INFO: [ template_filter ] --END-- [ RunTime:0.000000s ]
NOTIC: [8] Undefined property: Tree::$str D:\wwwroot\custom_fenxiao\usergroup\simplewind\Lib\Util\Tree.class.php 第 301 行.
SQL: SHOW COLUMNS FROM `up_slide_cat` [ RunTime:0.0000s ]
SQL: SELECT * FROM `up_slide_cat` INNER JOIN up_slide as b on up_slide_cat.cid =b.slide_cid  WHERE ( cat_idname='portal_index' and slide_status=1 ) ORDER BY listorder ASC LIMIT 0,5   [ RunTime:0.0000s ]
SQL: SHOW COLUMNS FROM `up_term_relationships` [ RunTime:0.0156s ]
SQL: SELECT `post_title`,`post_excerpt`,`tid`,`smeta` FROM up_term_relationships a INNER JOIN up_posts as b on a.object_id =b.id INNER JOIN up_users as c on b.post_author = c.id  WHERE `status` = 1 AND `post_status` = 1 AND `term_id` IN ('2') ORDER BY listorder asc LIMIT 4   [ RunTime:0.0000s ]
SQL: SHOW COLUMNS FROM `up_links` [ RunTime:0.0000s ]
SQL: SELECT * FROM `up_links` WHERE ( link_status=1 ) ORDER BY listorder ASC  [ RunTime:0.0000s ]
INFO: Run Behavior\ParseTemplateBehavior [ RunTime:0.062501s ]
INFO: [ view_parse ] --END-- [ RunTime:0.062501s ]
INFO: [ view_filter ] --START--
INFO: Run Behavior\WriteHtmlCacheBehavior [ RunTime:0.000000s ]
INFO: Run Common\Behavior\TmplStripSpaceBehavior [ RunTime:0.000000s ]
INFO: [ view_filter ] --END-- [ RunTime:0.000000s ]
INFO: [ app_end ] --START--
INFO: Run Behavior\ShowPageTraceBehavior [ RunTime:0.000000s ]
INFO: [ app_end ] --END-- [ RunTime:0.000000s ]

[ 2016-08-28T12:43:41+08:00 ] 116.112.66.6 /usergroup/
INFO: [ app_init ] --START--
INFO: Run Behavior\BuildLiteBehavior [ RunTime:0.000000s ]
INFO: Run Common\Behavior\InitHookBehavior [ RunTime:0.000000s ]
INFO: [ app_init ] --END-- [ RunTime:0.000000s ]
INFO: [ app_begin ] --START--
INFO: Run Behavior\ReadHtmlCacheBehavior [ RunTime:0.000000s ]
INFO: Run Behavior\CheckLangBehavior [ RunTime:0.000000s ]
INFO: [ app_begin ] --END-- [ RunTime:0.000000s ]
INFO: [ view_parse ] --START--
INFO: [ template_filter ] --START--
INFO: Run Behavior\ContentReplaceBehavior [ RunTime:0.000000s ]
INFO: [ template_filter ] --END-- [ RunTime:0.000000s ]
NOTIC: [8] Undefined property: Tree::$str D:\wwwroot\custom_fenxiao\usergroup\simplewind\Lib\Util\Tree.class.php 第 301 行.
SQL: SHOW COLUMNS FROM `up_slide_cat` [ RunTime:0.0000s ]
SQL: SELECT * FROM `up_slide_cat` INNER JOIN up_slide as b on up_slide_cat.cid =b.slide_cid  WHERE ( cat_idname='portal_index' and slide_status=1 ) ORDER BY listorder ASC LIMIT 0,5   [ RunTime:0.0000s ]
SQL: SHOW COLUMNS FROM `up_term_relationships` [ RunTime:0.0000s ]
SQL: SELECT `post_title`,`post_excerpt`,`tid`,`smeta` FROM up_term_relationships a INNER JOIN up_posts as b on a.object_id =b.id INNER JOIN up_users as c on b.post_author = c.id  WHERE `status` = 1 AND `post_status` = 1 AND `term_id` IN ('2') ORDER BY listorder asc LIMIT 4   [ RunTime:0.0000s ]
SQL: SHOW COLUMNS FROM `up_links` [ RunTime:0.0000s ]
SQL: SELECT * FROM `up_links` WHERE ( link_status=1 ) ORDER BY listorder ASC  [ RunTime:0.0000s ]
INFO: Run Behavior\ParseTemplateBehavior [ RunTime:0.031250s ]
INFO: [ view_parse ] --END-- [ RunTime:0.031250s ]
INFO: [ view_filter ] --START--
INFO: Run Behavior\WriteHtmlCacheBehavior [ RunTime:0.000000s ]
INFO: Run Common\Behavior\TmplStripSpaceBehavior [ RunTime:0.000000s ]
INFO: [ view_filter ] --END-- [ RunTime:0.000000s ]
INFO: [ app_end ] --START--
INFO: Run Behavior\ShowPageTraceBehavior [ RunTime:0.000000s ]
INFO: [ app_end ] --END-- [ RunTime:0.000000s ]

[ 2016-08-28T12:44:38+08:00 ] 113.129.67.100 /usergroup/
INFO: [ app_init ] --START--
INFO: Run Behavior\BuildLiteBehavior [ RunTime:0.000000s ]
INFO: Run Common\Behavior\InitHookBehavior [ RunTime:0.000000s ]
INFO: [ app_init ] --END-- [ RunTime:0.000000s ]
INFO: [ app_begin ] --START--
INFO: Run Behavior\ReadHtmlCacheBehavior [ RunTime:0.015625s ]
INFO: Run Behavior\CheckLangBehavior [ RunTime:0.000000s ]
INFO: [ app_begin ] --END-- [ RunTime:0.015625s ]
INFO: [ view_parse ] --START--
INFO: [ template_filter ] --START--
INFO: Run Behavior\ContentReplaceBehavior [ RunTime:0.000000s ]
INFO: [ template_filter ] --END-- [ RunTime:0.000000s ]
NOTIC: [8] Undefined property: Tree::$str D:\wwwroot\custom_fenxiao\usergroup\simplewind\Lib\Util\Tree.class.php 第 301 行.
SQL: SHOW COLUMNS FROM `up_slide_cat` [ RunTime:0.0000s ]
SQL: SELECT * FROM `up_slide_cat` INNER JOIN up_slide as b on up_slide_cat.cid =b.slide_cid  WHERE ( cat_idname='portal_index' and slide_status=1 ) ORDER BY listorder ASC LIMIT 0,5   [ RunTime:0.0000s ]
SQL: SHOW COLUMNS FROM `up_term_relationships` [ RunTime:0.0000s ]
SQL: SELECT `post_title`,`post_excerpt`,`tid`,`smeta` FROM up_term_relationships a INNER JOIN up_posts as b on a.object_id =b.id INNER JOIN up_users as c on b.post_author = c.id  WHERE `status` = 1 AND `post_status` = 1 AND `term_id` IN ('2') ORDER BY listorder asc LIMIT 4   [ RunTime:0.0000s ]
SQL: SHOW COLUMNS FROM `up_links` [ RunTime:0.0000s ]
SQL: SELECT * FROM `up_links` WHERE ( link_status=1 ) ORDER BY listorder ASC  [ RunTime:0.0000s ]
INFO: Run Behavior\ParseTemplateBehavior [ RunTime:0.046876s ]
INFO: [ view_parse ] --END-- [ RunTime:0.046876s ]
INFO: [ view_filter ] --START--
INFO: Run Behavior\WriteHtmlCacheBehavior [ RunTime:0.000000s ]
INFO: Run Common\Behavior\TmplStripSpaceBehavior [ RunTime:0.000000s ]
INFO: [ view_filter ] --END-- [ RunTime:0.000000s ]
INFO: [ app_end ] --START--
INFO: Run Behavior\ShowPageTraceBehavior [ RunTime:0.000000s ]
INFO: [ app_end ] --END-- [ RunTime:0.000000s ]

[ 2016-08-28T17:37:57+08:00 ] 101.226.61.184 /usergroup/
INFO: [ app_init ] --START--
INFO: Run Behavior\BuildLiteBehavior [ RunTime:0.000000s ]
INFO: Run Common\Behavior\InitHookBehavior [ RunTime:0.015625s ]
INFO: [ app_init ] --END-- [ RunTime:0.015625s ]
INFO: [ app_begin ] --START--
INFO: Run Behavior\ReadHtmlCacheBehavior [ RunTime:0.000000s ]
INFO: Run Behavior\CheckLangBehavior [ RunTime:0.000000s ]
INFO: [ app_begin ] --END-- [ RunTime:0.000000s ]
INFO: [ view_parse ] --START--
INFO: [ template_filter ] --START--
INFO: Run Behavior\ContentReplaceBehavior [ RunTime:0.000000s ]
INFO: [ template_filter ] --END-- [ RunTime:0.000000s ]
NOTIC: [8] Undefined property: Tree::$str D:\wwwroot\custom_fenxiao\usergroup\simplewind\Lib\Util\Tree.class.php 第 301 行.
SQL: SHOW COLUMNS FROM `up_slide_cat` [ RunTime:0.0000s ]
SQL: SELECT * FROM `up_slide_cat` INNER JOIN up_slide as b on up_slide_cat.cid =b.slide_cid  WHERE ( cat_idname='portal_index' and slide_status=1 ) ORDER BY listorder ASC LIMIT 0,5   [ RunTime:0.0000s ]
SQL: SHOW COLUMNS FROM `up_term_relationships` [ RunTime:0.0156s ]
SQL: SELECT `post_title`,`post_excerpt`,`tid`,`smeta` FROM up_term_relationships a INNER JOIN up_posts as b on a.object_id =b.id INNER JOIN up_users as c on b.post_author = c.id  WHERE `status` = 1 AND `post_status` = 1 AND `term_id` IN ('2') ORDER BY listorder asc LIMIT 4   [ RunTime:0.0000s ]
SQL: SHOW COLUMNS FROM `up_links` [ RunTime:0.0000s ]
SQL: SELECT * FROM `up_links` WHERE ( link_status=1 ) ORDER BY listorder ASC  [ RunTime:0.0000s ]
INFO: Run Behavior\ParseTemplateBehavior [ RunTime:0.140627s ]
INFO: [ view_parse ] --END-- [ RunTime:0.140627s ]
INFO: [ view_filter ] --START--
INFO: Run Behavior\WriteHtmlCacheBehavior [ RunTime:0.000000s ]
INFO: Run Common\Behavior\TmplStripSpaceBehavior [ RunTime:0.000000s ]
INFO: [ view_filter ] --END-- [ RunTime:0.000000s ]
INFO: [ app_end ] --START--
INFO: Run Behavior\ShowPageTraceBehavior [ RunTime:0.000000s ]
INFO: [ app_end ] --END-- [ RunTime:0.000000s ]

[ 2016-08-28T17:41:59+08:00 ] 182.140.177.166 /usergroup/
INFO: [ app_init ] --START--
INFO: Run Behavior\BuildLiteBehavior [ RunTime:0.000000s ]
INFO: Run Common\Behavior\InitHookBehavior [ RunTime:0.000000s ]
INFO: [ app_init ] --END-- [ RunTime:0.000000s ]
INFO: [ app_begin ] --START--
INFO: Run Behavior\ReadHtmlCacheBehavior [ RunTime:0.000000s ]
INFO: Run Behavior\CheckLangBehavior [ RunTime:0.000000s ]
INFO: [ app_begin ] --END-- [ RunTime:0.000000s ]
INFO: [ view_parse ] --START--
INFO: [ template_filter ] --START--
INFO: Run Behavior\ContentReplaceBehavior [ RunTime:0.000000s ]
INFO: [ template_filter ] --END-- [ RunTime:0.000000s ]
NOTIC: [8] Undefined property: Tree::$str D:\wwwroot\custom_fenxiao\usergroup\simplewind\Lib\Util\Tree.class.php 第 301 行.
SQL: SHOW COLUMNS FROM `up_slide_cat` [ RunTime:0.0156s ]
SQL: SELECT * FROM `up_slide_cat` INNER JOIN up_slide as b on up_slide_cat.cid =b.slide_cid  WHERE ( cat_idname='portal_index' and slide_status=1 ) ORDER BY listorder ASC LIMIT 0,5   [ RunTime:0.0000s ]
SQL: SHOW COLUMNS FROM `up_term_relationships` [ RunTime:0.0000s ]
SQL: SELECT `post_title`,`post_excerpt`,`tid`,`smeta` FROM up_term_relationships a INNER JOIN up_posts as b on a.object_id =b.id INNER JOIN up_users as c on b.post_author = c.id  WHERE `status` = 1 AND `post_status` = 1 AND `term_id` IN ('2') ORDER BY listorder asc LIMIT 4   [ RunTime:0.0000s ]
SQL: SHOW COLUMNS FROM `up_links` [ RunTime:0.0156s ]
SQL: SELECT * FROM `up_links` WHERE ( link_status=1 ) ORDER BY listorder ASC  [ RunTime:0.0000s ]
INFO: Run Behavior\ParseTemplateBehavior [ RunTime:0.062501s ]
INFO: [ view_parse ] --END-- [ RunTime:0.062501s ]
INFO: [ view_filter ] --START--
INFO: Run Behavior\WriteHtmlCacheBehavior [ RunTime:0.000000s ]
INFO: Run Common\Behavior\TmplStripSpaceBehavior [ RunTime:0.000000s ]
INFO: [ view_filter ] --END-- [ RunTime:0.000000s ]
INFO: [ app_end ] --START--
INFO: Run Behavior\ShowPageTraceBehavior [ RunTime:0.000000s ]
INFO: [ app_end ] --END-- [ RunTime:0.000000s ]

[ 2016-08-28T17:49:10+08:00 ] 124.161.23.61 /usergroup/
INFO: [ app_init ] --START--
INFO: Run Behavior\BuildLiteBehavior [ RunTime:0.000000s ]
INFO: Run Common\Behavior\InitHookBehavior [ RunTime:0.000000s ]
INFO: [ app_init ] --END-- [ RunTime:0.000000s ]
INFO: [ app_begin ] --START--
INFO: Run Behavior\ReadHtmlCacheBehavior [ RunTime:0.000000s ]
INFO: Run Behavior\CheckLangBehavior [ RunTime:0.000000s ]
INFO: [ app_begin ] --END-- [ RunTime:0.000000s ]
INFO: [ view_parse ] --START--
INFO: [ template_filter ] --START--
INFO: Run Behavior\ContentReplaceBehavior [ RunTime:0.000000s ]
INFO: [ template_filter ] --END-- [ RunTime:0.000000s ]
NOTIC: [8] Undefined property: Tree::$str D:\wwwroot\custom_fenxiao\usergroup\simplewind\Lib\Util\Tree.class.php 第 301 行.
SQL: SHOW COLUMNS FROM `up_slide_cat` [ RunTime:0.0000s ]
SQL: SELECT * FROM `up_slide_cat` INNER JOIN up_slide as b on up_slide_cat.cid =b.slide_cid  WHERE ( cat_idname='portal_index' and slide_status=1 ) ORDER BY listorder ASC LIMIT 0,5   [ RunTime:0.0000s ]
SQL: SHOW COLUMNS FROM `up_term_relationships` [ RunTime:0.0000s ]
SQL: SELECT `post_title`,`post_excerpt`,`tid`,`smeta` FROM up_term_relationships a INNER JOIN up_posts as b on a.object_id =b.id INNER JOIN up_users as c on b.post_author = c.id  WHERE `status` = 1 AND `post_status` = 1 AND `term_id` IN ('2') ORDER BY listorder asc LIMIT 4   [ RunTime:0.0000s ]
SQL: SHOW COLUMNS FROM `up_links` [ RunTime:0.0000s ]
SQL: SELECT * FROM `up_links` WHERE ( link_status=1 ) ORDER BY listorder ASC  [ RunTime:0.0000s ]
INFO: Run Behavior\ParseTemplateBehavior [ RunTime:0.031250s ]
INFO: [ view_parse ] --END-- [ RunTime:0.031250s ]
INFO: [ view_filter ] --START--
INFO: Run Behavior\WriteHtmlCacheBehavior [ RunTime:0.000000s ]
INFO: Run Common\Behavior\TmplStripSpaceBehavior [ RunTime:0.000000s ]
INFO: [ view_filter ] --END-- [ RunTime:0.000000s ]
INFO: [ app_end ] --START--
INFO: Run Behavior\ShowPageTraceBehavior [ RunTime:0.000000s ]
INFO: [ app_end ] --END-- [ RunTime:0.000000s ]

[ 2016-08-28T17:51:58+08:00 ] 182.140.177.166 /usergroup/
INFO: [ app_init ] --START--
INFO: Run Behavior\BuildLiteBehavior [ RunTime:0.000000s ]
INFO: Run Common\Behavior\InitHookBehavior [ RunTime:0.000000s ]
INFO: [ app_init ] --END-- [ RunTime:0.000000s ]
INFO: [ app_begin ] --START--
INFO: Run Behavior\ReadHtmlCacheBehavior [ RunTime:0.000000s ]
INFO: Run Behavior\CheckLangBehavior [ RunTime:0.000000s ]
INFO: [ app_begin ] --END-- [ RunTime:0.000000s ]
INFO: [ view_parse ] --START--
INFO: [ template_filter ] --START--
INFO: Run Behavior\ContentReplaceBehavior [ RunTime:0.015625s ]
INFO: [ template_filter ] --END-- [ RunTime:0.015625s ]
NOTIC: [8] Undefined property: Tree::$str D:\wwwroot\custom_fenxiao\usergroup\simplewind\Lib\Util\Tree.class.php 第 301 行.
SQL: SHOW COLUMNS FROM `up_slide_cat` [ RunTime:0.0000s ]
SQL: SELECT * FROM `up_slide_cat` INNER JOIN up_slide as b on up_slide_cat.cid =b.slide_cid  WHERE ( cat_idname='portal_index' and slide_status=1 ) ORDER BY listorder ASC LIMIT 0,5   [ RunTime:0.0000s ]
SQL: SHOW COLUMNS FROM `up_term_relationships` [ RunTime:0.0156s ]
SQL: SELECT `post_title`,`post_excerpt`,`tid`,`smeta` FROM up_term_relationships a INNER JOIN up_posts as b on a.object_id =b.id INNER JOIN up_users as c on b.post_author = c.id  WHERE `status` = 1 AND `post_status` = 1 AND `term_id` IN ('2') ORDER BY listorder asc LIMIT 4   [ RunTime:0.0000s ]
SQL: SHOW COLUMNS FROM `up_links` [ RunTime:0.0000s ]
SQL: SELECT * FROM `up_links` WHERE ( link_status=1 ) ORDER BY listorder ASC  [ RunTime:0.0000s ]
INFO: Run Behavior\ParseTemplateBehavior [ RunTime:0.046876s ]
INFO: [ view_parse ] --END-- [ RunTime:0.046876s ]
INFO: [ view_filter ] --START--
INFO: Run Behavior\WriteHtmlCacheBehavior [ RunTime:0.000000s ]
INFO: Run Common\Behavior\TmplStripSpaceBehavior [ RunTime:0.000000s ]
INFO: [ view_filter ] --END-- [ RunTime:0.000000s ]
INFO: [ app_end ] --START--
INFO: Run Behavior\ShowPageTraceBehavior [ RunTime:0.000000s ]
INFO: [ app_end ] --END-- [ RunTime:0.000000s ]

[ 2016-08-28T17:58:22+08:00 ] 182.140.177.166 /usergroup/
INFO: [ app_init ] --START--
INFO: Run Behavior\BuildLiteBehavior [ RunTime:0.000000s ]
INFO: Run Common\Behavior\InitHookBehavior [ RunTime:0.000000s ]
INFO: [ app_init ] --END-- [ RunTime:0.000000s ]
INFO: [ app_begin ] --START--
INFO: Run Behavior\ReadHtmlCacheBehavior [ RunTime:0.000000s ]
INFO: Run Behavior\CheckLangBehavior [ RunTime:0.000000s ]
INFO: [ app_begin ] --END-- [ RunTime:0.000000s ]
INFO: [ view_parse ] --START--
INFO: [ template_filter ] --START--
INFO: Run Behavior\ContentReplaceBehavior [ RunTime:0.000000s ]
INFO: [ template_filter ] --END-- [ RunTime:0.000000s ]
NOTIC: [8] Undefined property: Tree::$str D:\wwwroot\custom_fenxiao\usergroup\simplewind\Lib\Util\Tree.class.php 第 301 行.
SQL: SHOW COLUMNS FROM `up_slide_cat` [ RunTime:0.0000s ]
SQL: SELECT * FROM `up_slide_cat` INNER JOIN up_slide as b on up_slide_cat.cid =b.slide_cid  WHERE ( cat_idname='portal_index' and slide_status=1 ) ORDER BY listorder ASC LIMIT 0,5   [ RunTime:0.0000s ]
SQL: SHOW COLUMNS FROM `up_term_relationships` [ RunTime:0.0000s ]
SQL: SELECT `post_title`,`post_excerpt`,`tid`,`smeta` FROM up_term_relationships a INNER JOIN up_posts as b on a.object_id =b.id INNER JOIN up_users as c on b.post_author = c.id  WHERE `status` = 1 AND `post_status` = 1 AND `term_id` IN ('2') ORDER BY listorder asc LIMIT 4   [ RunTime:0.0000s ]
SQL: SHOW COLUMNS FROM `up_links` [ RunTime:0.0156s ]
SQL: SELECT * FROM `up_links` WHERE ( link_status=1 ) ORDER BY listorder ASC  [ RunTime:0.0000s ]
INFO: Run Behavior\ParseTemplateBehavior [ RunTime:0.062501s ]
INFO: [ view_parse ] --END-- [ RunTime:0.062501s ]
INFO: [ view_filter ] --START--
INFO: Run Behavior\WriteHtmlCacheBehavior [ RunTime:0.000000s ]
INFO: Run Common\Behavior\TmplStripSpaceBehavior [ RunTime:0.000000s ]
INFO: [ view_filter ] --END-- [ RunTime:0.000000s ]
INFO: [ app_end ] --START--
INFO: Run Behavior\ShowPageTraceBehavior [ RunTime:0.000000s ]
INFO: [ app_end ] --END-- [ RunTime:0.000000s ]

[ 2016-08-28T17:58:22+08:00 ] 182.140.177.166 /usergroup/
INFO: [ app_init ] --START--
INFO: Run Behavior\BuildLiteBehavior [ RunTime:0.000000s ]
INFO: Run Common\Behavior\InitHookBehavior [ RunTime:0.000000s ]
INFO: [ app_init ] --END-- [ RunTime:0.000000s ]
INFO: [ app_begin ] --START--
INFO: Run Behavior\ReadHtmlCacheBehavior [ RunTime:0.015625s ]
INFO: Run Behavior\CheckLangBehavior [ RunTime:0.000000s ]
INFO: [ app_begin ] --END-- [ RunTime:0.015625s ]
INFO: [ view_parse ] --START--
INFO: [ template_filter ] --START--
INFO: Run Behavior\ContentReplaceBehavior [ RunTime:0.000000s ]
INFO: [ template_filter ] --END-- [ RunTime:0.000000s ]
NOTIC: [8] Undefined property: Tree::$str D:\wwwroot\custom_fenxiao\usergroup\simplewind\Lib\Util\Tree.class.php 第 301 行.
SQL: SHOW COLUMNS FROM `up_slide_cat` [ RunTime:0.0000s ]
SQL: SELECT * FROM `up_slide_cat` INNER JOIN up_slide as b on up_slide_cat.cid =b.slide_cid  WHERE ( cat_idname='portal_index' and slide_status=1 ) ORDER BY listorder ASC LIMIT 0,5   [ RunTime:0.0000s ]
SQL: SHOW COLUMNS FROM `up_term_relationships` [ RunTime:0.0000s ]
SQL: SELECT `post_title`,`post_excerpt`,`tid`,`smeta` FROM up_term_relationships a INNER JOIN up_posts as b on a.object_id =b.id INNER JOIN up_users as c on b.post_author = c.id  WHERE `status` = 1 AND `post_status` = 1 AND `term_id` IN ('2') ORDER BY listorder asc LIMIT 4   [ RunTime:0.0000s ]
SQL: SHOW COLUMNS FROM `up_links` [ RunTime:0.0000s ]
SQL: SELECT * FROM `up_links` WHERE ( link_status=1 ) ORDER BY listorder ASC  [ RunTime:0.0000s ]
INFO: Run Behavior\ParseTemplateBehavior [ RunTime:0.031251s ]
INFO: [ view_parse ] --END-- [ RunTime:0.031251s ]
INFO: [ view_filter ] --START--
INFO: Run Behavior\WriteHtmlCacheBehavior [ RunTime:0.000000s ]
INFO: Run Common\Behavior\TmplStripSpaceBehavior [ RunTime:0.000000s ]
INFO: [ view_filter ] --END-- [ RunTime:0.000000s ]
INFO: [ app_end ] --START--
INFO: Run Behavior\ShowPageTraceBehavior [ RunTime:0.000000s ]
INFO: [ app_end ] --END-- [ RunTime:0.000000s ]

[ 2016-08-28T21:41:06+08:00 ] 101.226.61.184 /usergroup/
INFO: [ app_init ] --START--
INFO: Run Behavior\BuildLiteBehavior [ RunTime:0.000000s ]
INFO: Run Common\Behavior\InitHookBehavior [ RunTime:0.000000s ]
INFO: [ app_init ] --END-- [ RunTime:0.000000s ]
INFO: [ app_begin ] --START--
INFO: Run Behavior\ReadHtmlCacheBehavior [ RunTime:0.000000s ]
INFO: Run Behavior\CheckLangBehavior [ RunTime:0.015626s ]
INFO: [ app_begin ] --END-- [ RunTime:0.015626s ]
INFO: [ view_parse ] --START--
INFO: [ template_filter ] --START--
INFO: Run Behavior\ContentReplaceBehavior [ RunTime:0.000000s ]
INFO: [ template_filter ] --END-- [ RunTime:0.000000s ]
NOTIC: [8] Undefined property: Tree::$str D:\wwwroot\custom_fenxiao\usergroup\simplewind\Lib\Util\Tree.class.php 第 301 行.
SQL: SHOW COLUMNS FROM `up_slide_cat` [ RunTime:0.0156s ]
SQL: SELECT * FROM `up_slide_cat` INNER JOIN up_slide as b on up_slide_cat.cid =b.slide_cid  WHERE ( cat_idname='portal_index' and slide_status=1 ) ORDER BY listorder ASC LIMIT 0,5   [ RunTime:0.0000s ]
SQL: SHOW COLUMNS FROM `up_term_relationships` [ RunTime:0.0000s ]
SQL: SELECT `post_title`,`post_excerpt`,`tid`,`smeta` FROM up_term_relationships a INNER JOIN up_posts as b on a.object_id =b.id INNER JOIN up_users as c on b.post_author = c.id  WHERE `status` = 1 AND `post_status` = 1 AND `term_id` IN ('2') ORDER BY listorder asc LIMIT 4   [ RunTime:0.0000s ]
SQL: SHOW COLUMNS FROM `up_links` [ RunTime:0.0000s ]
SQL: SELECT * FROM `up_links` WHERE ( link_status=1 ) ORDER BY listorder ASC  [ RunTime:0.0000s ]
INFO: Run Behavior\ParseTemplateBehavior [ RunTime:0.156253s ]
INFO: [ view_parse ] --END-- [ RunTime:0.156253s ]
INFO: [ view_filter ] --START--
INFO: Run Behavior\WriteHtmlCacheBehavior [ RunTime:0.000000s ]
INFO: Run Common\Behavior\TmplStripSpaceBehavior [ RunTime:0.000000s ]
INFO: [ view_filter ] --END-- [ RunTime:0.000000s ]
INFO: [ app_end ] --START--
INFO: Run Behavior\ShowPageTraceBehavior [ RunTime:0.015625s ]
INFO: [ app_end ] --END-- [ RunTime:0.015625s ]

