[ 2017-04-25T15:44:15+08:00 ] 140.207.185.109 /usergroup/
INFO: [ app_init ] --START--
INFO: Run Behavior\BuildLiteBehavior [ RunTime:0.000027s ]
INFO: Run Common\Behavior\InitHookBehavior [ RunTime:0.000857s ]
INFO: [ app_init ] --END-- [ RunTime:0.001143s ]
INFO: [ app_begin ] --START--
INFO: Run Behavior\ReadHtmlCacheBehavior [ RunTime:0.000340s ]
INFO: Run Behavior\CheckLangBehavior [ RunTime:0.000349s ]
INFO: [ app_begin ] --END-- [ RunTime:0.000756s ]
INFO: [ view_parse ] --START--
INFO: [ template_filter ] --START--
INFO: Run Behavior\ContentReplaceBehavior [ RunTime:0.000101s ]
INFO: [ template_filter ] --END-- [ RunTime:0.000142s ]
NOTIC: [8] Undefined property: Tree::$str /wwwroot/qdydl_fenxiao/usergroup/simplewind/Lib/Util/Tree.class.php 第 301 行.
SQL: SHOW COLUMNS FROM `up_slide_cat` [ RunTime:0.0007s ]
SQL: SELECT * FROM `up_slide_cat` INNER JOIN up_slide as b on up_slide_cat.cid =b.slide_cid  WHERE ( cat_idname='portal_index' and slide_status=1 ) ORDER BY listorder ASC LIMIT 0,5   [ RunTime:0.0003s ]
SQL: SHOW COLUMNS FROM `up_term_relationships` [ RunTime:0.0005s ]
SQL: SELECT `post_title`,`post_excerpt`,`tid`,`smeta` FROM up_term_relationships a INNER JOIN up_posts as b on a.object_id =b.id INNER JOIN up_users as c on b.post_author = c.id  WHERE `status` = 1 AND `post_status` = 1 AND `term_id` IN ('2') ORDER BY listorder asc LIMIT 4   [ RunTime:0.0002s ]
SQL: SHOW COLUMNS FROM `up_links` [ RunTime:0.0005s ]
SQL: SELECT * FROM `up_links` WHERE ( link_status=1 ) ORDER BY listorder ASC  [ RunTime:0.0002s ]
INFO: Run Behavior\ParseTemplateBehavior [ RunTime:0.025454s ]
INFO: [ view_parse ] --END-- [ RunTime:0.025492s ]
INFO: [ view_filter ] --START--
INFO: Run Behavior\WriteHtmlCacheBehavior [ RunTime:0.000115s ]
INFO: Run Common\Behavior\TmplStripSpaceBehavior [ RunTime:0.000121s ]
INFO: [ view_filter ] --END-- [ RunTime:0.000293s ]
INFO: [ app_end ] --START--
INFO: Run Behavior\ShowPageTraceBehavior [ RunTime:0.000366s ]
INFO: [ app_end ] --END-- [ RunTime:0.000414s ]

