[ 2017-05-24T10:22:30+08:00 ] 39.88.190.108 /usergroup/
INFO: [ app_init ] --START--
INFO: Run Behavior\BuildLiteBehavior [ RunTime:0.000017s ]
INFO: Run Common\Behavior\InitHookBehavior [ RunTime:0.016663s ]
INFO: [ app_init ] --END-- [ RunTime:0.019011s ]
INFO: [ app_begin ] --START--
INFO: Run Behavior\ReadHtmlCacheBehavior [ RunTime:0.001156s ]
INFO: Run Behavior\CheckLangBehavior [ RunTime:0.004627s ]
INFO: [ app_begin ] --END-- [ RunTime:0.005856s ]
INFO: [ view_parse ] --START--
INFO: [ template_filter ] --START--
INFO: Run Behavior\ContentReplaceBehavior [ RunTime:0.000114s ]
INFO: [ template_filter ] --END-- [ RunTime:0.000179s ]
NOTIC: [8] Undefined property: Tree::$str /wwwroot/qdydl_fenxiao/usergroup/simplewind/Lib/Util/Tree.class.php 第 301 行.
SQL: SHOW COLUMNS FROM `up_slide_cat` [ RunTime:0.0007s ]
SQL: SELECT * FROM `up_slide_cat` INNER JOIN up_slide as b on up_slide_cat.cid =b.slide_cid  WHERE ( cat_idname='portal_index' and slide_status=1 ) ORDER BY listorder ASC LIMIT 0,5   [ RunTime:0.0003s ]
SQL: SHOW COLUMNS FROM `up_term_relationships` [ RunTime:0.0005s ]
SQL: SELECT `post_title`,`post_excerpt`,`tid`,`smeta` FROM up_term_relationships a INNER JOIN up_posts as b on a.object_id =b.id INNER JOIN up_users as c on b.post_author = c.id  WHERE `status` = 1 AND `post_status` = 1 AND `term_id` IN ('2') ORDER BY listorder asc LIMIT 4   [ RunTime:0.0002s ]
SQL: SHOW COLUMNS FROM `up_links` [ RunTime:0.0005s ]
SQL: SELECT * FROM `up_links` WHERE ( link_status=1 ) ORDER BY listorder ASC  [ RunTime:0.0240s ]
INFO: Run Behavior\ParseTemplateBehavior [ RunTime:0.176553s ]
INFO: [ view_parse ] --END-- [ RunTime:0.176605s ]
INFO: [ view_filter ] --START--
INFO: Run Behavior\WriteHtmlCacheBehavior [ RunTime:0.001428s ]
INFO: Run Common\Behavior\TmplStripSpaceBehavior [ RunTime:0.000801s ]
INFO: [ view_filter ] --END-- [ RunTime:0.002287s ]
INFO: [ app_end ] --START--
INFO: Run Behavior\ShowPageTraceBehavior [ RunTime:0.001558s ]
INFO: [ app_end ] --END-- [ RunTime:0.001598s ]

[ 2017-05-24T10:22:40+08:00 ] 101.226.66.174 /usergroup/
INFO: [ app_init ] --START--
INFO: Run Behavior\BuildLiteBehavior [ RunTime:0.000015s ]
INFO: Run Common\Behavior\InitHookBehavior [ RunTime:0.004905s ]
INFO: [ app_init ] --END-- [ RunTime:0.005192s ]
INFO: [ app_begin ] --START--
INFO: Run Behavior\ReadHtmlCacheBehavior [ RunTime:0.000363s ]
INFO: Run Behavior\CheckLangBehavior [ RunTime:0.000332s ]
INFO: [ app_begin ] --END-- [ RunTime:0.000763s ]
INFO: [ view_parse ] --START--
INFO: [ template_filter ] --START--
INFO: Run Behavior\ContentReplaceBehavior [ RunTime:0.000136s ]
INFO: [ template_filter ] --END-- [ RunTime:0.000182s ]
NOTIC: [8] Undefined property: Tree::$str /wwwroot/qdydl_fenxiao/usergroup/simplewind/Lib/Util/Tree.class.php 第 301 行.
SQL: SHOW COLUMNS FROM `up_slide_cat` [ RunTime:0.0009s ]
SQL: SELECT * FROM `up_slide_cat` INNER JOIN up_slide as b on up_slide_cat.cid =b.slide_cid  WHERE ( cat_idname='portal_index' and slide_status=1 ) ORDER BY listorder ASC LIMIT 0,5   [ RunTime:0.0004s ]
SQL: SHOW COLUMNS FROM `up_term_relationships` [ RunTime:0.0006s ]
SQL: SELECT `post_title`,`post_excerpt`,`tid`,`smeta` FROM up_term_relationships a INNER JOIN up_posts as b on a.object_id =b.id INNER JOIN up_users as c on b.post_author = c.id  WHERE `status` = 1 AND `post_status` = 1 AND `term_id` IN ('2') ORDER BY listorder asc LIMIT 4   [ RunTime:0.0002s ]
SQL: SHOW COLUMNS FROM `up_links` [ RunTime:0.0005s ]
SQL: SELECT * FROM `up_links` WHERE ( link_status=1 ) ORDER BY listorder ASC  [ RunTime:0.0002s ]
INFO: Run Behavior\ParseTemplateBehavior [ RunTime:0.037710s ]
INFO: [ view_parse ] --END-- [ RunTime:0.037751s ]
INFO: [ view_filter ] --START--
INFO: Run Behavior\WriteHtmlCacheBehavior [ RunTime:0.000140s ]
INFO: Run Common\Behavior\TmplStripSpaceBehavior [ RunTime:0.000109s ]
INFO: [ view_filter ] --END-- [ RunTime:0.000305s ]
INFO: [ app_end ] --START--
INFO: Run Behavior\ShowPageTraceBehavior [ RunTime:0.000405s ]
INFO: [ app_end ] --END-- [ RunTime:0.000453s ]

