[ 2017-01-12T10:49:46+08:00 ] 39.65.11.100 /usergroup/index.php?g=api&m=checkcode&a=index&length=4&font_size=20&width=248&height=42&use_noise=1&use_curve=0
INFO: [ app_init ] --START--
INFO: Run Behavior\BuildLiteBehavior [ RunTime:0.000020s ]
INFO: Run Common\Behavior\InitHookBehavior [ RunTime:0.000990s ]
INFO: [ app_init ] --END-- [ RunTime:0.001308s ]
INFO: [ app_begin ] --START--
INFO: Run Behavior\ReadHtmlCacheBehavior [ RunTime:0.000348s ]
INFO: Run Behavior\CheckLangBehavior [ RunTime:0.000337s ]
INFO: [ app_begin ] --END-- [ RunTime:0.000750s ]
INFO: [ app_end ] --START--
INFO: Run Behavior\ShowPageTraceBehavior [ RunTime:0.000351s ]
INFO: [ app_end ] --END-- [ RunTime:0.000398s ]

[ 2017-01-12T13:32:29+08:00 ] 39.65.11.100 /usergroup/index.php?g=api&m=checkcode&a=index&length=4&font_size=20&width=248&height=42&use_noise=1&use_curve=0
INFO: [ app_init ] --START--
INFO: Run Behavior\BuildLiteBehavior [ RunTime:0.000015s ]
INFO: Run Common\Behavior\InitHookBehavior [ RunTime:0.000962s ]
INFO: [ app_init ] --END-- [ RunTime:0.001255s ]
INFO: [ app_begin ] --START--
INFO: Run Behavior\ReadHtmlCacheBehavior [ RunTime:0.000373s ]
INFO: Run Behavior\CheckLangBehavior [ RunTime:0.000360s ]
INFO: [ app_begin ] --END-- [ RunTime:0.000808s ]
INFO: [ app_end ] --START--
INFO: Run Behavior\ShowPageTraceBehavior [ RunTime:0.000379s ]
INFO: [ app_end ] --END-- [ RunTime:0.000423s ]

