[ 2016-08-31T12:26:33+08:00 ] 101.226.61.186 /usergroup/index.php?g=admin
INFO: [ app_init ] --START--
INFO: Run Behavior\BuildLiteBehavior [ RunTime:0.000000s ]
INFO: Run Common\Behavior\InitHookBehavior [ RunTime:0.000000s ]
INFO: [ app_init ] --END-- [ RunTime:0.000000s ]
INFO: [ app_begin ] --START--
INFO: Run Behavior\ReadHtmlCacheBehavior [ RunTime:0.000000s ]
INFO: Run Behavior\CheckLangBehavior [ RunTime:0.000000s ]
INFO: [ app_begin ] --END-- [ RunTime:0.000000s ]

[ 2016-08-31T12:26:33+08:00 ] 101.226.61.186 /usergroup/index.php?g=admin&m=public&a=login
INFO: [ app_init ] --START--
INFO: Run Behavior\BuildLiteBehavior [ RunTime:0.000000s ]
INFO: Run Common\Behavior\InitHookBehavior [ RunTime:0.000000s ]
INFO: [ app_init ] --END-- [ RunTime:0.000000s ]
INFO: [ app_begin ] --START--
INFO: Run Behavior\ReadHtmlCacheBehavior [ RunTime:0.000000s ]
INFO: Run Behavior\CheckLangBehavior [ RunTime:0.000000s ]
INFO: [ app_begin ] --END-- [ RunTime:0.000000s ]
INFO: [ view_parse ] --START--
INFO: [ template_filter ] --START--
INFO: Run Behavior\ContentReplaceBehavior [ RunTime:0.000000s ]
INFO: [ template_filter ] --END-- [ RunTime:0.000000s ]
INFO: Run Behavior\ParseTemplateBehavior [ RunTime:0.015625s ]
INFO: [ view_parse ] --END-- [ RunTime:0.015625s ]
INFO: [ view_filter ] --START--
INFO: Run Behavior\WriteHtmlCacheBehavior [ RunTime:0.000000s ]
INFO: Run Common\Behavior\TmplStripSpaceBehavior [ RunTime:0.000000s ]
INFO: [ view_filter ] --END-- [ RunTime:0.000000s ]
INFO: [ app_end ] --START--
INFO: Run Behavior\ShowPageTraceBehavior [ RunTime:0.000000s ]
INFO: [ app_end ] --END-- [ RunTime:0.000000s ]

[ 2016-08-31T12:26:39+08:00 ] 101.226.61.186 /usergroup/index.php?g=Admin&m=public&a=dologin
INFO: [ app_init ] --START--
INFO: Run Behavior\BuildLiteBehavior [ RunTime:0.000000s ]
INFO: Run Common\Behavior\InitHookBehavior [ RunTime:0.000000s ]
INFO: [ app_init ] --END-- [ RunTime:0.000000s ]
INFO: [ app_begin ] --START--
INFO: Run Behavior\ReadHtmlCacheBehavior [ RunTime:0.000000s ]
INFO: Run Behavior\CheckLangBehavior [ RunTime:0.000000s ]
INFO: [ app_begin ] --END-- [ RunTime:0.000000s ]

[ 2016-08-31T12:27:04+08:00 ] 101.226.61.186 /usergroup/index.php?g=admin
INFO: [ app_init ] --START--
INFO: Run Behavior\BuildLiteBehavior [ RunTime:0.000000s ]
INFO: Run Common\Behavior\InitHookBehavior [ RunTime:0.000000s ]
INFO: [ app_init ] --END-- [ RunTime:0.000000s ]
INFO: [ app_begin ] --START--
INFO: Run Behavior\ReadHtmlCacheBehavior [ RunTime:0.000000s ]
INFO: Run Behavior\CheckLangBehavior [ RunTime:0.000000s ]
INFO: [ app_begin ] --END-- [ RunTime:0.000000s ]

[ 2016-08-31T12:27:04+08:00 ] 101.226.61.186 /usergroup/index.php?g=admin&m=public&a=login
INFO: [ app_init ] --START--
INFO: Run Behavior\BuildLiteBehavior [ RunTime:0.000000s ]
INFO: Run Common\Behavior\InitHookBehavior [ RunTime:0.015625s ]
INFO: [ app_init ] --END-- [ RunTime:0.015625s ]
INFO: [ app_begin ] --START--
INFO: Run Behavior\ReadHtmlCacheBehavior [ RunTime:0.000000s ]
INFO: Run Behavior\CheckLangBehavior [ RunTime:0.000000s ]
INFO: [ app_begin ] --END-- [ RunTime:0.000000s ]
INFO: [ view_parse ] --START--
INFO: [ template_filter ] --START--
INFO: Run Behavior\ContentReplaceBehavior [ RunTime:0.000000s ]
INFO: [ template_filter ] --END-- [ RunTime:0.000000s ]
INFO: Run Behavior\ParseTemplateBehavior [ RunTime:0.000000s ]
INFO: [ view_parse ] --END-- [ RunTime:0.000000s ]
INFO: [ view_filter ] --START--
INFO: Run Behavior\WriteHtmlCacheBehavior [ RunTime:0.000000s ]
INFO: Run Common\Behavior\TmplStripSpaceBehavior [ RunTime:0.000000s ]
INFO: [ view_filter ] --END-- [ RunTime:0.000000s ]
INFO: [ app_end ] --START--
INFO: Run Behavior\ShowPageTraceBehavior [ RunTime:0.000000s ]
INFO: [ app_end ] --END-- [ RunTime:0.000000s ]

[ 2016-08-31T12:27:26+08:00 ] 117.185.27.104 /usergroup/index.php?g=Admin&m=public&a=dologin
INFO: [ app_init ] --START--
INFO: Run Behavior\BuildLiteBehavior [ RunTime:0.000000s ]
INFO: Run Common\Behavior\InitHookBehavior [ RunTime:0.000000s ]
INFO: [ app_init ] --END-- [ RunTime:0.000000s ]
INFO: [ app_begin ] --START--
INFO: Run Behavior\ReadHtmlCacheBehavior [ RunTime:0.000000s ]
INFO: Run Behavior\CheckLangBehavior [ RunTime:0.000000s ]
INFO: [ app_begin ] --END-- [ RunTime:0.000000s ]
SQL: SHOW COLUMNS FROM `up_users` [ RunTime:0.0156s ]
SQL: SELECT * FROM `up_users` WHERE `user_login` = '于薇' LIMIT 1   [ RunTime:0.0156s ]
SQL: SHOW COLUMNS FROM `up_role_user` [ RunTime:0.0000s ]
SQL: SELECT `role_id` FROM up_role_user a INNER JOIN up_role as b on a.role_id =b.id  WHERE `user_id` = '33' AND `status` = 1  [ RunTime:0.0313s ]
SQL: UPDATE `up_users` SET `user_login`='于薇',`user_pass`='###ae563cfc07464322065596ee81d575a3',`user_nicename`='',`user_email`='',`user_url`='',`avatar`=NULL,`sex`='0',`birthday`=NULL,`signature`=NULL,`last_login_ip`='124.78.76.221',`last_login_time`='2016-08-31 12:27:26',`create_time`='2000-01-01 00:00:00',`user_activation_key`='',`user_status`='1',`score`='0',`user_type`='1',`coin`='0',`mobile`='',`uid`='718',`isadd`='1' WHERE `id` = '33' [ RunTime:0.0000s ]

[ 2016-08-31T12:27:27+08:00 ] 101.226.61.186 /usergroup/index.php?g=Admin&m=Index&a=index
INFO: [ app_init ] --START--
INFO: Run Behavior\BuildLiteBehavior [ RunTime:0.000000s ]
INFO: Run Common\Behavior\InitHookBehavior [ RunTime:0.000000s ]
INFO: [ app_init ] --END-- [ RunTime:0.000000s ]
INFO: [ app_begin ] --START--
INFO: Run Behavior\ReadHtmlCacheBehavior [ RunTime:0.000000s ]
INFO: Run Behavior\CheckLangBehavior [ RunTime:0.000000s ]
INFO: [ app_begin ] --END-- [ RunTime:0.000000s ]
SQL: SHOW COLUMNS FROM `up_users` [ RunTime:0.0000s ]
SQL: SELECT * FROM `up_users` WHERE ( id=33 ) LIMIT 1   [ RunTime:0.0000s ]
SQL: SHOW COLUMNS FROM `up_menu` [ RunTime:0.0000s ]
SQL: SELECT * FROM `up_menu` WHERE `parentid` = 0 AND `status` = 1 ORDER BY `listorder` ASC  [ RunTime:0.0156s ]
SQL: SHOW COLUMNS FROM `up_role_user` [ RunTime:0.0000s ]
SQL: SELECT `role_id` FROM up_role_user a INNER JOIN up_role as b on a.role_id =b.id  WHERE `user_id` = '33' AND `status` = 1  [ RunTime:0.0000s ]
SQL: SHOW COLUMNS FROM `up_auth_access` [ RunTime:0.0000s ]
SQL: SELECT * FROM up_auth_access a INNER JOIN up_auth_rule as b on a.rule_name =b.name  WHERE a.role_id IN ('2') AND b.name IN ('admin/usergroup/index')  [ RunTime:0.0313s ]
SQL: SELECT `role_id` FROM up_role_user a INNER JOIN up_role as b on a.role_id =b.id  WHERE `user_id` = '33' AND `status` = 1  [ RunTime:0.0000s ]
SQL: SELECT * FROM up_auth_access a INNER JOIN up_auth_rule as b on a.rule_name =b.name  WHERE a.role_id IN ('2') AND b.name IN ('user/indexadmin/default')  [ RunTime:0.0000s ]
SQL: SELECT * FROM `up_menu` WHERE `parentid` = 176 AND `status` = 1 ORDER BY `listorder` ASC  [ RunTime:0.0000s ]
SQL: SELECT * FROM `up_menu` WHERE `parentid` = 132 AND `status` = 1 ORDER BY `listorder` ASC  [ RunTime:0.0000s ]
SQL: SELECT `role_id` FROM up_role_user a INNER JOIN up_role as b on a.role_id =b.id  WHERE `user_id` = '33' AND `status` = 1  [ RunTime:0.0000s ]
SQL: SELECT * FROM up_auth_access a INNER JOIN up_auth_rule as b on a.rule_name =b.name  WHERE a.role_id IN ('2') AND b.name IN ('admin/user/index')  [ RunTime:0.0000s ]
SQL: SELECT * FROM `up_menu` WHERE `parentid` = 149 AND `status` = 1 ORDER BY `listorder` ASC  [ RunTime:0.0000s ]
INFO: [ view_parse ] --START--
INFO: [ template_filter ] --START--
INFO: Run Behavior\ContentReplaceBehavior [ RunTime:0.000000s ]
INFO: [ template_filter ] --END-- [ RunTime:0.000000s ]
SQL: SELECT `role_id` FROM up_role_user a INNER JOIN up_role as b on a.role_id =b.id  WHERE `user_id` = '33' AND `status` = 1  [ RunTime:0.0000s ]
SQL: SELECT * FROM up_auth_access a INNER JOIN up_auth_rule as b on a.rule_name =b.name  WHERE a.role_id IN ('2') AND b.name IN ('portal/adminterm/index')  [ RunTime:0.0000s ]
SQL: SELECT `role_id` FROM up_role_user a INNER JOIN up_role as b on a.role_id =b.id  WHERE `user_id` = '33' AND `status` = 1  [ RunTime:0.0000s ]
SQL: SELECT * FROM up_auth_access a INNER JOIN up_auth_rule as b on a.rule_name =b.name  WHERE a.role_id IN ('2') AND b.name IN ('portal/adminpost/index')  [ RunTime:0.0000s ]
SQL: SELECT `role_id` FROM up_role_user a INNER JOIN up_role as b on a.role_id =b.id  WHERE `user_id` = '33' AND `status` = 1  [ RunTime:0.0000s ]
SQL: SELECT * FROM up_auth_access a INNER JOIN up_auth_rule as b on a.rule_name =b.name  WHERE a.role_id IN ('2') AND b.name IN ('admin/setting/clearcache')  [ RunTime:0.0000s ]
SQL: SELECT `role_id` FROM up_role_user a INNER JOIN up_role as b on a.role_id =b.id  WHERE `user_id` = '33' AND `status` = 1  [ RunTime:0.0000s ]
SQL: SELECT * FROM up_auth_access a INNER JOIN up_auth_rule as b on a.rule_name =b.name  WHERE a.role_id IN ('2') AND b.name IN ('admin/setting/site')  [ RunTime:0.0000s ]
SQL: SELECT `role_id` FROM up_role_user a INNER JOIN up_role as b on a.role_id =b.id  WHERE `user_id` = '33' AND `status` = 1  [ RunTime:0.0000s ]
SQL: SELECT * FROM up_auth_access a INNER JOIN up_auth_rule as b on a.rule_name =b.name  WHERE a.role_id IN ('2') AND b.name IN ('admin/user/userinfo')  [ RunTime:0.0000s ]
INFO: Run Behavior\ParseTemplateBehavior [ RunTime:0.046876s ]
INFO: [ view_parse ] --END-- [ RunTime:0.046876s ]
INFO: [ view_filter ] --START--
INFO: Run Behavior\WriteHtmlCacheBehavior [ RunTime:0.000000s ]
INFO: Run Common\Behavior\TmplStripSpaceBehavior [ RunTime:0.000000s ]
INFO: [ view_filter ] --END-- [ RunTime:0.000000s ]
INFO: [ app_end ] --START--
INFO: Run Behavior\ShowPageTraceBehavior [ RunTime:0.000000s ]
INFO: [ app_end ] --END-- [ RunTime:0.000000s ]

[ 2016-08-31T12:27:28+08:00 ] 117.185.27.104 /usergroup/index.php?g=Admin&m=Main&a=index
INFO: [ app_init ] --START--
INFO: Run Behavior\BuildLiteBehavior [ RunTime:0.000000s ]
INFO: Run Common\Behavior\InitHookBehavior [ RunTime:0.000000s ]
INFO: [ app_init ] --END-- [ RunTime:0.000000s ]
INFO: [ app_begin ] --START--
INFO: Run Behavior\ReadHtmlCacheBehavior [ RunTime:0.000000s ]
INFO: Run Behavior\CheckLangBehavior [ RunTime:0.000000s ]
INFO: [ app_begin ] --END-- [ RunTime:0.000000s ]
SQL: SHOW COLUMNS FROM `up_users` [ RunTime:0.0000s ]
SQL: SELECT * FROM `up_users` WHERE ( id=33 ) LIMIT 1   [ RunTime:0.0000s ]
SQL: select VERSION() as version [ RunTime:0.0000s ]
INFO: [ view_parse ] --START--
INFO: [ template_filter ] --START--
INFO: Run Behavior\ContentReplaceBehavior [ RunTime:0.000000s ]
INFO: [ template_filter ] --END-- [ RunTime:0.000000s ]
INFO: Run Behavior\ParseTemplateBehavior [ RunTime:0.046876s ]
INFO: [ view_parse ] --END-- [ RunTime:0.046876s ]
INFO: [ view_filter ] --START--
INFO: Run Behavior\WriteHtmlCacheBehavior [ RunTime:0.000000s ]
INFO: Run Common\Behavior\TmplStripSpaceBehavior [ RunTime:0.015625s ]
INFO: [ view_filter ] --END-- [ RunTime:0.015625s ]
INFO: [ app_end ] --START--
INFO: Run Behavior\ShowPageTraceBehavior [ RunTime:0.000000s ]
INFO: [ app_end ] --END-- [ RunTime:0.000000s ]

[ 2016-08-31T12:27:39+08:00 ] 101.226.61.186 /usergroup/index.php?g=Admin&m=Usergroup&a=index&menuid=176
INFO: [ app_init ] --START--
INFO: Run Behavior\BuildLiteBehavior [ RunTime:0.000000s ]
INFO: Run Common\Behavior\InitHookBehavior [ RunTime:0.015625s ]
INFO: [ app_init ] --END-- [ RunTime:0.015625s ]
INFO: [ app_begin ] --START--
INFO: Run Behavior\ReadHtmlCacheBehavior [ RunTime:0.000000s ]
INFO: Run Behavior\CheckLangBehavior [ RunTime:0.000000s ]
INFO: [ app_begin ] --END-- [ RunTime:0.000000s ]
SQL: SHOW COLUMNS FROM `up_users` [ RunTime:0.0000s ]
SQL: SELECT * FROM `up_users` WHERE ( id=33 ) LIMIT 1   [ RunTime:0.0000s ]
SQL: SHOW COLUMNS FROM `up_role_user` [ RunTime:0.0000s ]
SQL: SELECT `role_id` FROM up_role_user a INNER JOIN up_role as b on a.role_id =b.id  WHERE `user_id` = '33' AND `status` = 1  [ RunTime:0.0000s ]
SQL: SHOW COLUMNS FROM `up_auth_access` [ RunTime:0.0000s ]
SQL: SELECT * FROM up_auth_access a INNER JOIN up_auth_rule as b on a.rule_name =b.name  WHERE a.role_id IN ('2') AND b.name IN ('admin/usergroup/index')  [ RunTime:0.0000s ]
SQL: SHOW COLUMNS FROM `gz_user` [ RunTime:0.0000s ]
SQL: SHOW COLUMNS FROM `gz_user_tuijian` [ RunTime:0.0000s ]
SQL: SHOW COLUMNS FROM `up_users` [ RunTime:0.0000s ]
SQL: SHOW COLUMNS FROM `gz_goods_order` [ RunTime:0.0156s ]
NOTIC: [8] Undefined index: key D:\wwwroot\custom_fenxiao\usergroup\application\Admin\Controller\UsergroupController.class.php 第 19 行.
NOTIC: [8] Undefined index: key D:\wwwroot\custom_fenxiao\usergroup\application\Admin\Controller\UsergroupController.class.php 第 24 行.
SQL: SELECT COUNT(*) AS tp_count FROM `gz_user_tuijian` as tb1 left join gz_user as tb2 on tb1.uid = tb2.user_id  WHERE (  tb1.uid = '718' ) LIMIT 1   [ RunTime:0.0000s ]
SQL: SELECT tb1.*,tb2.subscribe_time,tb2.reg_time,tb2.nickname,tb2.headimgurl,tb2.money_ucount,tb2.points_ucount,tb2.share_ucount,tb2.guanzhu_ucount,tb2.is_subscribe FROM `gz_user_tuijian` as tb1 left join gz_user as tb2 on tb1.uid = tb2.user_id  WHERE (  tb1.uid = '718' ) ORDER BY tb1.parent_uid ASC,tb2.money_ucount DESC,tb2.share_ucount DESC,tb1.id ASC LIMIT 0,100   [ RunTime:0.0000s ]
SQL: SELECT COUNT(id) AS tp_count FROM `gz_user_tuijian` WHERE ( uid!=718 and parent_uid=718 ) LIMIT 1   [ RunTime:0.0000s ]
SQL: SELECT COUNT(*) AS tp_count FROM `up_users` WHERE ( uid=718 ) LIMIT 1   [ RunTime:0.0156s ]
SQL: SELECT * FROM `gz_user_tuijian` WHERE ( parent_uid=718 )  [ RunTime:0.0000s ]
SQL: SELECT COUNT(*) AS tp_count FROM `gz_user_tuijian` WHERE ( parent_uid=720 ) LIMIT 1   [ RunTime:0.0000s ]
SQL: SELECT * FROM `gz_user_tuijian` WHERE ( parent_uid=720 )  [ RunTime:0.0000s ]
SQL: SELECT COUNT(*) AS tp_count FROM `gz_user_tuijian` WHERE ( parent_uid=721 ) LIMIT 1   [ RunTime:0.0000s ]
SQL: SELECT * FROM `gz_user_tuijian` WHERE ( parent_uid=721 )  [ RunTime:0.0000s ]
SQL: SELECT COUNT(*) AS tp_count FROM `gz_user_tuijian` WHERE ( parent_uid=1961 ) LIMIT 1   [ RunTime:0.0000s ]
SQL: SELECT COUNT(*) AS tp_count FROM `gz_user_tuijian` WHERE ( parent_uid=1962 ) LIMIT 1   [ RunTime:0.0000s ]
SQL: SELECT COUNT(*) AS tp_count FROM `gz_user_tuijian` WHERE ( parent_uid=1963 ) LIMIT 1   [ RunTime:0.0000s ]
SQL: SELECT COUNT(*) AS tp_count FROM `gz_user_tuijian` WHERE ( parent_uid=1964 ) LIMIT 1   [ RunTime:0.0000s ]
SQL: SELECT COUNT(*) AS tp_count FROM `gz_user_tuijian` WHERE ( parent_uid=1965 ) LIMIT 1   [ RunTime:0.0000s ]
SQL: SELECT COUNT(*) AS tp_count FROM `gz_user_tuijian` WHERE ( parent_uid=1966 ) LIMIT 1   [ RunTime:0.0000s ]
SQL: SELECT COUNT(*) AS tp_count FROM `gz_user_tuijian` WHERE ( parent_uid=1967 ) LIMIT 1   [ RunTime:0.0000s ]
SQL: SELECT COUNT(*) AS tp_count FROM `gz_user_tuijian` WHERE ( parent_uid=1970 ) LIMIT 1   [ RunTime:0.0000s ]
SQL: SELECT COUNT(*) AS tp_count FROM `gz_user_tuijian` WHERE ( parent_uid=1971 ) LIMIT 1   [ RunTime:0.0000s ]
SQL: SELECT COUNT(*) AS tp_count FROM `gz_user_tuijian` WHERE ( parent_uid=1972 ) LIMIT 1   [ RunTime:0.0000s ]
SQL: SELECT COUNT(*) AS tp_count FROM `gz_user_tuijian` WHERE ( parent_uid=1987 ) LIMIT 1   [ RunTime:0.0000s ]
SQL: SELECT COUNT(*) AS tp_count FROM `gz_user_tuijian` WHERE ( parent_uid=2003 ) LIMIT 1   [ RunTime:0.0000s ]
SQL: SELECT COUNT(*) AS tp_count FROM `gz_user_tuijian` WHERE ( parent_uid=2008 ) LIMIT 1   [ RunTime:0.0000s ]
SQL: SELECT COUNT(*) AS tp_count FROM `gz_user_tuijian` WHERE ( parent_uid=2011 ) LIMIT 1   [ RunTime:0.0000s ]
SQL: SELECT COUNT(*) AS tp_count FROM `gz_user_tuijian` WHERE ( parent_uid=2019 ) LIMIT 1   [ RunTime:0.0000s ]
SQL: SELECT COUNT(*) AS tp_count FROM `gz_user_tuijian` WHERE ( parent_uid=2055 ) LIMIT 1   [ RunTime:0.0000s ]
SQL: SELECT COUNT(*) AS tp_count FROM `gz_user_tuijian` WHERE ( parent_uid=2313 ) LIMIT 1   [ RunTime:0.0000s ]
SQL: SELECT COUNT(*) AS tp_count FROM `gz_user_tuijian` WHERE ( parent_uid=2044 ) LIMIT 1   [ RunTime:0.0000s ]
SQL: SELECT * FROM `gz_user_tuijian` WHERE ( parent_uid=2044 )  [ RunTime:0.0000s ]
SQL: SELECT COUNT(*) AS tp_count FROM `gz_user_tuijian` WHERE ( parent_uid=2056 ) LIMIT 1   [ RunTime:0.0000s ]
SQL: SELECT COUNT(*) AS tp_count FROM `gz_user_tuijian` WHERE ( parent_uid=2057 ) LIMIT 1   [ RunTime:0.0000s ]
SQL: SELECT COUNT(*) AS tp_count FROM `gz_user_tuijian` WHERE ( parent_uid=2059 ) LIMIT 1   [ RunTime:0.0000s ]
SQL: SELECT COUNT(*) AS tp_count FROM `gz_user_tuijian` WHERE ( parent_uid=2060 ) LIMIT 1   [ RunTime:0.0000s ]
SQL: SELECT COUNT(*) AS tp_count FROM `gz_user_tuijian` WHERE ( parent_uid=2062 ) LIMIT 1   [ RunTime:0.0000s ]
SQL: SELECT COUNT(*) AS tp_count FROM `gz_user_tuijian` WHERE ( parent_uid=2247 ) LIMIT 1   [ RunTime:0.0000s ]
SQL: SELECT COUNT(*) AS tp_count FROM `gz_user_tuijian` WHERE ( parent_uid=987 ) LIMIT 1   [ RunTime:0.0000s ]
SQL: SELECT COUNT(*) AS tp_count FROM `gz_user_tuijian` WHERE ( parent_uid=1000 ) LIMIT 1   [ RunTime:0.0000s ]
SQL: SELECT COUNT(*) AS tp_count FROM `gz_user_tuijian` WHERE ( parent_uid=1472 ) LIMIT 1   [ RunTime:0.0000s ]
SQL: SELECT * FROM `gz_user_tuijian` WHERE ( parent_uid=1472 )  [ RunTime:0.0000s ]
SQL: SELECT COUNT(*) AS tp_count FROM `gz_user_tuijian` WHERE ( parent_uid=1687 ) LIMIT 1   [ RunTime:0.0156s ]
SQL: SELECT COUNT(*) AS tp_count FROM `gz_user_tuijian` WHERE ( parent_uid=1742 ) LIMIT 1   [ RunTime:0.0000s ]
SQL: SELECT COUNT(*) AS tp_count FROM `gz_user_tuijian` WHERE ( parent_uid=1745 ) LIMIT 1   [ RunTime:0.0000s ]
SQL: SELECT COUNT(*) AS tp_count FROM `gz_user_tuijian` WHERE ( parent_uid=1746 ) LIMIT 1   [ RunTime:0.0000s ]
SQL: SELECT COUNT(*) AS tp_count FROM `gz_user_tuijian` WHERE ( parent_uid=1747 ) LIMIT 1   [ RunTime:0.0000s ]
SQL: SELECT COUNT(*) AS tp_count FROM `gz_user_tuijian` WHERE ( parent_uid=1748 ) LIMIT 1   [ RunTime:0.0000s ]
SQL: SELECT COUNT(*) AS tp_count FROM `gz_user_tuijian` WHERE ( parent_uid=1749 ) LIMIT 1   [ RunTime:0.0000s ]
SQL: SELECT COUNT(*) AS tp_count FROM `gz_user_tuijian` WHERE ( parent_uid=1750 ) LIMIT 1   [ RunTime:0.0000s ]
SQL: SELECT COUNT(*) AS tp_count FROM `gz_user_tuijian` WHERE ( parent_uid=1752 ) LIMIT 1   [ RunTime:0.0000s ]
SQL: SELECT COUNT(*) AS tp_count FROM `gz_user_tuijian` WHERE ( parent_uid=1756 ) LIMIT 1   [ RunTime:0.0000s ]
SQL: SELECT COUNT(*) AS tp_count FROM `gz_user_tuijian` WHERE ( parent_uid=1758 ) LIMIT 1   [ RunTime:0.0000s ]
SQL: SELECT COUNT(*) AS tp_count FROM `gz_user_tuijian` WHERE ( parent_uid=1760 ) LIMIT 1   [ RunTime:0.0000s ]
SQL: SELECT COUNT(*) AS tp_count FROM `gz_user_tuijian` WHERE ( parent_uid=1763 ) LIMIT 1   [ RunTime:0.0000s ]
SQL: SELECT COUNT(*) AS tp_count FROM `gz_user_tuijian` WHERE ( parent_uid=1765 ) LIMIT 1   [ RunTime:0.0000s ]
SQL: SELECT COUNT(*) AS tp_count FROM `gz_user_tuijian` WHERE ( parent_uid=1975 ) LIMIT 1   [ RunTime:0.0000s ]
SQL: SELECT COUNT(*) AS tp_count FROM `gz_user_tuijian` WHERE ( parent_uid=2357 ) LIMIT 1   [ RunTime:0.0000s ]
SQL: SELECT COUNT(*) AS tp_count FROM `gz_user_tuijian` WHERE ( parent_uid=2373 ) LIMIT 1   [ RunTime:0.0000s ]
SQL: SELECT COUNT(*) AS tp_count FROM `gz_user_tuijian` WHERE ( parent_uid=1477 ) LIMIT 1   [ RunTime:0.0000s ]
SQL: SELECT COUNT(*) AS tp_count FROM `gz_user_tuijian` WHERE ( parent_uid=1480 ) LIMIT 1   [ RunTime:0.0000s ]
SQL: SELECT COUNT(*) AS tp_count FROM `gz_user_tuijian` WHERE ( parent_uid=1534 ) LIMIT 1   [ RunTime:0.0000s ]
SQL: SELECT COUNT(*) AS tp_count FROM `gz_user_tuijian` WHERE ( parent_uid=1664 ) LIMIT 1   [ RunTime:0.0000s ]
SQL: SELECT COUNT(*) AS tp_count FROM `gz_user_tuijian` WHERE ( parent_uid=1874 ) LIMIT 1   [ RunTime:0.0000s ]
SQL: SELECT COUNT(*) AS tp_count FROM `gz_user_tuijian` WHERE ( parent_uid=2307 ) LIMIT 1   [ RunTime:0.0000s ]
SQL: SELECT COUNT(*) AS tp_count FROM `gz_user_tuijian` WHERE ( parent_uid=2733 ) LIMIT 1   [ RunTime:0.0000s ]
SQL: SELECT COUNT(*) AS tp_count FROM `gz_user_tuijian` WHERE ( parent_uid=2757 ) LIMIT 1   [ RunTime:0.0000s ]
SQL: SELECT SUM(tb1.goods_number) AS tp_sum FROM `gz_goods_order` as tb1 left join gz_goods_order_info as tb2 on tb1.order_id=tb2.order_id  WHERE ( tb2.shipping_status=5 and tb2.pay_status=1 and tb2.user_id in(718,720,721,1961,1962,1963,1964,1965,1966,1967,1970,1971,1972,1987,2003,2008,2011,2019,2055,2313,2044,2056,2057,2059,2060,2062,2247,987,1000,1472,1687,1742,1745,1746,1747,1748,1749,1750,1752,1756,1758,1760,1763,1765,1975,2357,2373,1477,1480,1534,1664,1874,2307,2733,2757) ) LIMIT 1   [ RunTime:0.0313s ]
SQL: SELECT SUM(tb1.goods_number) AS tp_sum FROM `gz_goods_order` as tb1 left join gz_goods_order_info as tb2 on tb1.order_id=tb2.order_id  WHERE ( tb2.shipping_status=5 and tb2.pay_status=1 and tb2.user_id in(718,720,721,1961,1962,1963,1964,1965,1966,1967,1970,1971,1972,1987,2003,2008,2011,2019,2055,2313,2044,2056,2057,2059,2060,2062,2247,987,1000,1472,1687,1742,1745,1746,1747,1748,1749,1750,1752,1756,1758,1760,1763,1765,1975,2357,2373,1477,1480,1534,1664,1874,2307,2733,2757) and tb2.add_time>1467302400 and tb2.add_time<1469980800 ) LIMIT 1   [ RunTime:0.0000s ]
INFO: [ view_parse ] --START--
INFO: [ template_filter ] --START--
INFO: Run Behavior\ContentReplaceBehavior [ RunTime:0.000000s ]
INFO: [ template_filter ] --END-- [ RunTime:0.000000s ]
INFO: Run Behavior\ParseTemplateBehavior [ RunTime:0.031251s ]
INFO: [ view_parse ] --END-- [ RunTime:0.031251s ]
INFO: [ view_filter ] --START--
INFO: Run Behavior\WriteHtmlCacheBehavior [ RunTime:0.000000s ]
INFO: Run Common\Behavior\TmplStripSpaceBehavior [ RunTime:0.000000s ]
INFO: [ view_filter ] --END-- [ RunTime:0.000000s ]
INFO: [ app_end ] --START--
INFO: Run Behavior\ShowPageTraceBehavior [ RunTime:0.000000s ]
INFO: [ app_end ] --END-- [ RunTime:0.000000s ]

[ 2016-08-31T12:28:09+08:00 ] 101.226.61.186 /usergroup/index.php?g=Admin&m=Usergroup&a=index&menuid=176
INFO: [ app_init ] --START--
INFO: Run Behavior\BuildLiteBehavior [ RunTime:0.000000s ]
INFO: Run Common\Behavior\InitHookBehavior [ RunTime:0.000000s ]
INFO: [ app_init ] --END-- [ RunTime:0.000000s ]
INFO: [ app_begin ] --START--
INFO: Run Behavior\ReadHtmlCacheBehavior [ RunTime:0.000000s ]
INFO: Run Behavior\CheckLangBehavior [ RunTime:0.000000s ]
INFO: [ app_begin ] --END-- [ RunTime:0.000000s ]
SQL: SHOW COLUMNS FROM `up_users` [ RunTime:0.0000s ]
SQL: SELECT * FROM `up_users` WHERE ( id=33 ) LIMIT 1   [ RunTime:0.0000s ]
SQL: SHOW COLUMNS FROM `up_role_user` [ RunTime:0.0000s ]
SQL: SELECT `role_id` FROM up_role_user a INNER JOIN up_role as b on a.role_id =b.id  WHERE `user_id` = '33' AND `status` = 1  [ RunTime:0.0000s ]
SQL: SHOW COLUMNS FROM `up_auth_access` [ RunTime:0.0000s ]
SQL: SELECT * FROM up_auth_access a INNER JOIN up_auth_rule as b on a.rule_name =b.name  WHERE a.role_id IN ('2') AND b.name IN ('admin/usergroup/index')  [ RunTime:0.0000s ]
SQL: SHOW COLUMNS FROM `gz_user` [ RunTime:0.0000s ]
SQL: SHOW COLUMNS FROM `gz_user_tuijian` [ RunTime:0.0156s ]
SQL: SHOW COLUMNS FROM `up_users` [ RunTime:0.0000s ]
SQL: SHOW COLUMNS FROM `gz_goods_order` [ RunTime:0.0000s ]
NOTIC: [8] Undefined index: key D:\wwwroot\custom_fenxiao\usergroup\application\Admin\Controller\UsergroupController.class.php 第 19 行.
NOTIC: [8] Undefined index: key D:\wwwroot\custom_fenxiao\usergroup\application\Admin\Controller\UsergroupController.class.php 第 24 行.
SQL: SELECT COUNT(*) AS tp_count FROM `gz_user_tuijian` as tb1 left join gz_user as tb2 on tb1.uid = tb2.user_id  WHERE (  tb1.uid = '718' ) LIMIT 1   [ RunTime:0.0000s ]
SQL: SELECT tb1.*,tb2.subscribe_time,tb2.reg_time,tb2.nickname,tb2.headimgurl,tb2.money_ucount,tb2.points_ucount,tb2.share_ucount,tb2.guanzhu_ucount,tb2.is_subscribe FROM `gz_user_tuijian` as tb1 left join gz_user as tb2 on tb1.uid = tb2.user_id  WHERE (  tb1.uid = '718' ) ORDER BY tb1.parent_uid ASC,tb2.money_ucount DESC,tb2.share_ucount DESC,tb1.id ASC LIMIT 0,100   [ RunTime:0.0000s ]
SQL: SELECT COUNT(id) AS tp_count FROM `gz_user_tuijian` WHERE ( uid!=718 and parent_uid=718 ) LIMIT 1   [ RunTime:0.0000s ]
SQL: SELECT COUNT(*) AS tp_count FROM `up_users` WHERE ( uid=718 ) LIMIT 1   [ RunTime:0.0000s ]
SQL: SELECT * FROM `gz_user_tuijian` WHERE ( parent_uid=718 )  [ RunTime:0.0000s ]
SQL: SELECT COUNT(*) AS tp_count FROM `gz_user_tuijian` WHERE ( parent_uid=720 ) LIMIT 1   [ RunTime:0.0000s ]
SQL: SELECT * FROM `gz_user_tuijian` WHERE ( parent_uid=720 )  [ RunTime:0.0000s ]
SQL: SELECT COUNT(*) AS tp_count FROM `gz_user_tuijian` WHERE ( parent_uid=721 ) LIMIT 1   [ RunTime:0.0000s ]
SQL: SELECT * FROM `gz_user_tuijian` WHERE ( parent_uid=721 )  [ RunTime:0.0000s ]
SQL: SELECT COUNT(*) AS tp_count FROM `gz_user_tuijian` WHERE ( parent_uid=1961 ) LIMIT 1   [ RunTime:0.0000s ]
SQL: SELECT COUNT(*) AS tp_count FROM `gz_user_tuijian` WHERE ( parent_uid=1962 ) LIMIT 1   [ RunTime:0.0000s ]
SQL: SELECT COUNT(*) AS tp_count FROM `gz_user_tuijian` WHERE ( parent_uid=1963 ) LIMIT 1   [ RunTime:0.0000s ]
SQL: SELECT COUNT(*) AS tp_count FROM `gz_user_tuijian` WHERE ( parent_uid=1964 ) LIMIT 1   [ RunTime:0.0000s ]
SQL: SELECT COUNT(*) AS tp_count FROM `gz_user_tuijian` WHERE ( parent_uid=1965 ) LIMIT 1   [ RunTime:0.0000s ]
SQL: SELECT COUNT(*) AS tp_count FROM `gz_user_tuijian` WHERE ( parent_uid=1966 ) LIMIT 1   [ RunTime:0.0000s ]
SQL: SELECT COUNT(*) AS tp_count FROM `gz_user_tuijian` WHERE ( parent_uid=1967 ) LIMIT 1   [ RunTime:0.0000s ]
SQL: SELECT COUNT(*) AS tp_count FROM `gz_user_tuijian` WHERE ( parent_uid=1970 ) LIMIT 1   [ RunTime:0.0000s ]
SQL: SELECT COUNT(*) AS tp_count FROM `gz_user_tuijian` WHERE ( parent_uid=1971 ) LIMIT 1   [ RunTime:0.0000s ]
SQL: SELECT COUNT(*) AS tp_count FROM `gz_user_tuijian` WHERE ( parent_uid=1972 ) LIMIT 1   [ RunTime:0.0000s ]
SQL: SELECT COUNT(*) AS tp_count FROM `gz_user_tuijian` WHERE ( parent_uid=1987 ) LIMIT 1   [ RunTime:0.0000s ]
SQL: SELECT COUNT(*) AS tp_count FROM `gz_user_tuijian` WHERE ( parent_uid=2003 ) LIMIT 1   [ RunTime:0.0000s ]
SQL: SELECT COUNT(*) AS tp_count FROM `gz_user_tuijian` WHERE ( parent_uid=2008 ) LIMIT 1   [ RunTime:0.0000s ]
SQL: SELECT COUNT(*) AS tp_count FROM `gz_user_tuijian` WHERE ( parent_uid=2011 ) LIMIT 1   [ RunTime:0.0000s ]
SQL: SELECT COUNT(*) AS tp_count FROM `gz_user_tuijian` WHERE ( parent_uid=2019 ) LIMIT 1   [ RunTime:0.0000s ]
SQL: SELECT COUNT(*) AS tp_count FROM `gz_user_tuijian` WHERE ( parent_uid=2055 ) LIMIT 1   [ RunTime:0.0000s ]
SQL: SELECT COUNT(*) AS tp_count FROM `gz_user_tuijian` WHERE ( parent_uid=2313 ) LIMIT 1   [ RunTime:0.0000s ]
SQL: SELECT COUNT(*) AS tp_count FROM `gz_user_tuijian` WHERE ( parent_uid=2044 ) LIMIT 1   [ RunTime:0.0000s ]
SQL: SELECT * FROM `gz_user_tuijian` WHERE ( parent_uid=2044 )  [ RunTime:0.0000s ]
SQL: SELECT COUNT(*) AS tp_count FROM `gz_user_tuijian` WHERE ( parent_uid=2056 ) LIMIT 1   [ RunTime:0.0000s ]
SQL: SELECT COUNT(*) AS tp_count FROM `gz_user_tuijian` WHERE ( parent_uid=2057 ) LIMIT 1   [ RunTime:0.0000s ]
SQL: SELECT COUNT(*) AS tp_count FROM `gz_user_tuijian` WHERE ( parent_uid=2059 ) LIMIT 1   [ RunTime:0.0000s ]
SQL: SELECT COUNT(*) AS tp_count FROM `gz_user_tuijian` WHERE ( parent_uid=2060 ) LIMIT 1   [ RunTime:0.0000s ]
SQL: SELECT COUNT(*) AS tp_count FROM `gz_user_tuijian` WHERE ( parent_uid=2062 ) LIMIT 1   [ RunTime:0.0000s ]
SQL: SELECT COUNT(*) AS tp_count FROM `gz_user_tuijian` WHERE ( parent_uid=2247 ) LIMIT 1   [ RunTime:0.0000s ]
SQL: SELECT COUNT(*) AS tp_count FROM `gz_user_tuijian` WHERE ( parent_uid=987 ) LIMIT 1   [ RunTime:0.0000s ]
SQL: SELECT COUNT(*) AS tp_count FROM `gz_user_tuijian` WHERE ( parent_uid=1000 ) LIMIT 1   [ RunTime:0.0000s ]
SQL: SELECT COUNT(*) AS tp_count FROM `gz_user_tuijian` WHERE ( parent_uid=1472 ) LIMIT 1   [ RunTime:0.0000s ]
SQL: SELECT * FROM `gz_user_tuijian` WHERE ( parent_uid=1472 )  [ RunTime:0.0000s ]
SQL: SELECT COUNT(*) AS tp_count FROM `gz_user_tuijian` WHERE ( parent_uid=1687 ) LIMIT 1   [ RunTime:0.0000s ]
SQL: SELECT COUNT(*) AS tp_count FROM `gz_user_tuijian` WHERE ( parent_uid=1742 ) LIMIT 1   [ RunTime:0.0000s ]
SQL: SELECT COUNT(*) AS tp_count FROM `gz_user_tuijian` WHERE ( parent_uid=1745 ) LIMIT 1   [ RunTime:0.0000s ]
SQL: SELECT COUNT(*) AS tp_count FROM `gz_user_tuijian` WHERE ( parent_uid=1746 ) LIMIT 1   [ RunTime:0.0000s ]
SQL: SELECT COUNT(*) AS tp_count FROM `gz_user_tuijian` WHERE ( parent_uid=1747 ) LIMIT 1   [ RunTime:0.0000s ]
SQL: SELECT COUNT(*) AS tp_count FROM `gz_user_tuijian` WHERE ( parent_uid=1748 ) LIMIT 1   [ RunTime:0.0000s ]
SQL: SELECT COUNT(*) AS tp_count FROM `gz_user_tuijian` WHERE ( parent_uid=1749 ) LIMIT 1   [ RunTime:0.0000s ]
SQL: SELECT COUNT(*) AS tp_count FROM `gz_user_tuijian` WHERE ( parent_uid=1750 ) LIMIT 1   [ RunTime:0.0000s ]
SQL: SELECT COUNT(*) AS tp_count FROM `gz_user_tuijian` WHERE ( parent_uid=1752 ) LIMIT 1   [ RunTime:0.0000s ]
SQL: SELECT COUNT(*) AS tp_count FROM `gz_user_tuijian` WHERE ( parent_uid=1756 ) LIMIT 1   [ RunTime:0.0000s ]
SQL: SELECT COUNT(*) AS tp_count FROM `gz_user_tuijian` WHERE ( parent_uid=1758 ) LIMIT 1   [ RunTime:0.0000s ]
SQL: SELECT COUNT(*) AS tp_count FROM `gz_user_tuijian` WHERE ( parent_uid=1760 ) LIMIT 1   [ RunTime:0.0000s ]
SQL: SELECT COUNT(*) AS tp_count FROM `gz_user_tuijian` WHERE ( parent_uid=1763 ) LIMIT 1   [ RunTime:0.0000s ]
SQL: SELECT COUNT(*) AS tp_count FROM `gz_user_tuijian` WHERE ( parent_uid=1765 ) LIMIT 1   [ RunTime:0.0000s ]
SQL: SELECT COUNT(*) AS tp_count FROM `gz_user_tuijian` WHERE ( parent_uid=1975 ) LIMIT 1   [ RunTime:0.0000s ]
SQL: SELECT COUNT(*) AS tp_count FROM `gz_user_tuijian` WHERE ( parent_uid=2357 ) LIMIT 1   [ RunTime:0.0000s ]
SQL: SELECT COUNT(*) AS tp_count FROM `gz_user_tuijian` WHERE ( parent_uid=2373 ) LIMIT 1   [ RunTime:0.0000s ]
SQL: SELECT COUNT(*) AS tp_count FROM `gz_user_tuijian` WHERE ( parent_uid=1477 ) LIMIT 1   [ RunTime:0.0000s ]
SQL: SELECT COUNT(*) AS tp_count FROM `gz_user_tuijian` WHERE ( parent_uid=1480 ) LIMIT 1   [ RunTime:0.0000s ]
SQL: SELECT COUNT(*) AS tp_count FROM `gz_user_tuijian` WHERE ( parent_uid=1534 ) LIMIT 1   [ RunTime:0.0000s ]
SQL: SELECT COUNT(*) AS tp_count FROM `gz_user_tuijian` WHERE ( parent_uid=1664 ) LIMIT 1   [ RunTime:0.0000s ]
SQL: SELECT COUNT(*) AS tp_count FROM `gz_user_tuijian` WHERE ( parent_uid=1874 ) LIMIT 1   [ RunTime:0.0000s ]
SQL: SELECT COUNT(*) AS tp_count FROM `gz_user_tuijian` WHERE ( parent_uid=2307 ) LIMIT 1   [ RunTime:0.0000s ]
SQL: SELECT COUNT(*) AS tp_count FROM `gz_user_tuijian` WHERE ( parent_uid=2733 ) LIMIT 1   [ RunTime:0.0000s ]
SQL: SELECT COUNT(*) AS tp_count FROM `gz_user_tuijian` WHERE ( parent_uid=2757 ) LIMIT 1   [ RunTime:0.0000s ]
SQL: SELECT SUM(tb1.goods_number) AS tp_sum FROM `gz_goods_order` as tb1 left join gz_goods_order_info as tb2 on tb1.order_id=tb2.order_id  WHERE ( tb2.shipping_status=5 and tb2.pay_status=1 and tb2.user_id in(718,720,721,1961,1962,1963,1964,1965,1966,1967,1970,1971,1972,1987,2003,2008,2011,2019,2055,2313,2044,2056,2057,2059,2060,2062,2247,987,1000,1472,1687,1742,1745,1746,1747,1748,1749,1750,1752,1756,1758,1760,1763,1765,1975,2357,2373,1477,1480,1534,1664,1874,2307,2733,2757) ) LIMIT 1   [ RunTime:0.0000s ]
SQL: SELECT SUM(tb1.goods_number) AS tp_sum FROM `gz_goods_order` as tb1 left join gz_goods_order_info as tb2 on tb1.order_id=tb2.order_id  WHERE ( tb2.shipping_status=5 and tb2.pay_status=1 and tb2.user_id in(718,720,721,1961,1962,1963,1964,1965,1966,1967,1970,1971,1972,1987,2003,2008,2011,2019,2055,2313,2044,2056,2057,2059,2060,2062,2247,987,1000,1472,1687,1742,1745,1746,1747,1748,1749,1750,1752,1756,1758,1760,1763,1765,1975,2357,2373,1477,1480,1534,1664,1874,2307,2733,2757) and tb2.add_time>1467302400 and tb2.add_time<1469980800 ) LIMIT 1   [ RunTime:0.0000s ]
INFO: [ view_parse ] --START--
INFO: [ template_filter ] --START--
INFO: Run Behavior\ContentReplaceBehavior [ RunTime:0.000000s ]
INFO: [ template_filter ] --END-- [ RunTime:0.000000s ]
INFO: Run Behavior\ParseTemplateBehavior [ RunTime:0.015625s ]
INFO: [ view_parse ] --END-- [ RunTime:0.015625s ]
INFO: [ view_filter ] --START--
INFO: Run Behavior\WriteHtmlCacheBehavior [ RunTime:0.000000s ]
INFO: Run Common\Behavior\TmplStripSpaceBehavior [ RunTime:0.000000s ]
INFO: [ view_filter ] --END-- [ RunTime:0.000000s ]
INFO: [ app_end ] --START--
INFO: Run Behavior\ShowPageTraceBehavior [ RunTime:0.000000s ]
INFO: [ app_end ] --END-- [ RunTime:0.000000s ]

[ 2016-08-31T12:29:25+08:00 ] 117.185.27.104 /usergroup/index.php?g=admin
INFO: [ app_init ] --START--
INFO: Run Behavior\BuildLiteBehavior [ RunTime:0.000000s ]
INFO: Run Common\Behavior\InitHookBehavior [ RunTime:0.000000s ]
INFO: [ app_init ] --END-- [ RunTime:0.000000s ]
INFO: [ app_begin ] --START--
INFO: Run Behavior\ReadHtmlCacheBehavior [ RunTime:0.000000s ]
INFO: Run Behavior\CheckLangBehavior [ RunTime:0.000000s ]
INFO: [ app_begin ] --END-- [ RunTime:0.000000s ]
SQL: SHOW COLUMNS FROM `up_users` [ RunTime:0.0000s ]
SQL: SELECT * FROM `up_users` WHERE ( id=33 ) LIMIT 1   [ RunTime:0.0156s ]
SQL: SHOW COLUMNS FROM `up_menu` [ RunTime:0.0000s ]
SQL: SELECT * FROM `up_menu` WHERE `parentid` = 0 AND `status` = 1 ORDER BY `listorder` ASC  [ RunTime:0.0000s ]
SQL: SHOW COLUMNS FROM `up_role_user` [ RunTime:0.0000s ]
SQL: SELECT `role_id` FROM up_role_user a INNER JOIN up_role as b on a.role_id =b.id  WHERE `user_id` = '33' AND `status` = 1  [ RunTime:0.0000s ]
SQL: SHOW COLUMNS FROM `up_auth_access` [ RunTime:0.0000s ]
SQL: SELECT * FROM up_auth_access a INNER JOIN up_auth_rule as b on a.rule_name =b.name  WHERE a.role_id IN ('2') AND b.name IN ('admin/usergroup/index')  [ RunTime:0.0000s ]
SQL: SELECT `role_id` FROM up_role_user a INNER JOIN up_role as b on a.role_id =b.id  WHERE `user_id` = '33' AND `status` = 1  [ RunTime:0.0000s ]
SQL: SELECT * FROM up_auth_access a INNER JOIN up_auth_rule as b on a.rule_name =b.name  WHERE a.role_id IN ('2') AND b.name IN ('user/indexadmin/default')  [ RunTime:0.0000s ]
SQL: SELECT * FROM `up_menu` WHERE `parentid` = 176 AND `status` = 1 ORDER BY `listorder` ASC  [ RunTime:0.0000s ]
SQL: SELECT * FROM `up_menu` WHERE `parentid` = 132 AND `status` = 1 ORDER BY `listorder` ASC  [ RunTime:0.0000s ]
SQL: SELECT `role_id` FROM up_role_user a INNER JOIN up_role as b on a.role_id =b.id  WHERE `user_id` = '33' AND `status` = 1  [ RunTime:0.0000s ]
SQL: SELECT * FROM up_auth_access a INNER JOIN up_auth_rule as b on a.rule_name =b.name  WHERE a.role_id IN ('2') AND b.name IN ('admin/user/index')  [ RunTime:0.0000s ]
SQL: SELECT * FROM `up_menu` WHERE `parentid` = 149 AND `status` = 1 ORDER BY `listorder` ASC  [ RunTime:0.0000s ]
INFO: [ view_parse ] --START--
INFO: [ template_filter ] --START--
INFO: Run Behavior\ContentReplaceBehavior [ RunTime:0.000000s ]
INFO: [ template_filter ] --END-- [ RunTime:0.000000s ]
SQL: SELECT `role_id` FROM up_role_user a INNER JOIN up_role as b on a.role_id =b.id  WHERE `user_id` = '33' AND `status` = 1  [ RunTime:0.0000s ]
SQL: SELECT * FROM up_auth_access a INNER JOIN up_auth_rule as b on a.rule_name =b.name  WHERE a.role_id IN ('2') AND b.name IN ('portal/adminterm/index')  [ RunTime:0.0000s ]
SQL: SELECT `role_id` FROM up_role_user a INNER JOIN up_role as b on a.role_id =b.id  WHERE `user_id` = '33' AND `status` = 1  [ RunTime:0.0000s ]
SQL: SELECT * FROM up_auth_access a INNER JOIN up_auth_rule as b on a.rule_name =b.name  WHERE a.role_id IN ('2') AND b.name IN ('portal/adminpost/index')  [ RunTime:0.0000s ]
SQL: SELECT `role_id` FROM up_role_user a INNER JOIN up_role as b on a.role_id =b.id  WHERE `user_id` = '33' AND `status` = 1  [ RunTime:0.0000s ]
SQL: SELECT * FROM up_auth_access a INNER JOIN up_auth_rule as b on a.rule_name =b.name  WHERE a.role_id IN ('2') AND b.name IN ('admin/setting/clearcache')  [ RunTime:0.0000s ]
SQL: SELECT `role_id` FROM up_role_user a INNER JOIN up_role as b on a.role_id =b.id  WHERE `user_id` = '33' AND `status` = 1  [ RunTime:0.0000s ]
SQL: SELECT * FROM up_auth_access a INNER JOIN up_auth_rule as b on a.rule_name =b.name  WHERE a.role_id IN ('2') AND b.name IN ('admin/setting/site')  [ RunTime:0.0000s ]
SQL: SELECT `role_id` FROM up_role_user a INNER JOIN up_role as b on a.role_id =b.id  WHERE `user_id` = '33' AND `status` = 1  [ RunTime:0.0000s ]
SQL: SELECT * FROM up_auth_access a INNER JOIN up_auth_rule as b on a.rule_name =b.name  WHERE a.role_id IN ('2') AND b.name IN ('admin/user/userinfo')  [ RunTime:0.0000s ]
INFO: Run Behavior\ParseTemplateBehavior [ RunTime:0.015626s ]
INFO: [ view_parse ] --END-- [ RunTime:0.015626s ]
INFO: [ view_filter ] --START--
INFO: Run Behavior\WriteHtmlCacheBehavior [ RunTime:0.000000s ]
INFO: Run Common\Behavior\TmplStripSpaceBehavior [ RunTime:0.000000s ]
INFO: [ view_filter ] --END-- [ RunTime:0.000000s ]
INFO: [ app_end ] --START--
INFO: Run Behavior\ShowPageTraceBehavior [ RunTime:0.000000s ]
INFO: [ app_end ] --END-- [ RunTime:0.000000s ]

[ 2016-08-31T12:29:26+08:00 ] 101.226.61.186 /usergroup/index.php?g=Admin&m=Main&a=index
INFO: [ app_init ] --START--
INFO: Run Behavior\BuildLiteBehavior [ RunTime:0.000000s ]
INFO: Run Common\Behavior\InitHookBehavior [ RunTime:0.000000s ]
INFO: [ app_init ] --END-- [ RunTime:0.000000s ]
INFO: [ app_begin ] --START--
INFO: Run Behavior\ReadHtmlCacheBehavior [ RunTime:0.000000s ]
INFO: Run Behavior\CheckLangBehavior [ RunTime:0.000000s ]
INFO: [ app_begin ] --END-- [ RunTime:0.000000s ]
SQL: SHOW COLUMNS FROM `up_users` [ RunTime:0.0000s ]
SQL: SELECT * FROM `up_users` WHERE ( id=33 ) LIMIT 1   [ RunTime:0.0000s ]
SQL: select VERSION() as version [ RunTime:0.0000s ]
INFO: [ view_parse ] --START--
INFO: [ template_filter ] --START--
INFO: Run Behavior\ContentReplaceBehavior [ RunTime:0.000000s ]
INFO: [ template_filter ] --END-- [ RunTime:0.000000s ]
INFO: Run Behavior\ParseTemplateBehavior [ RunTime:0.015625s ]
INFO: [ view_parse ] --END-- [ RunTime:0.015625s ]
INFO: [ view_filter ] --START--
INFO: Run Behavior\WriteHtmlCacheBehavior [ RunTime:0.000000s ]
INFO: Run Common\Behavior\TmplStripSpaceBehavior [ RunTime:0.000000s ]
INFO: [ view_filter ] --END-- [ RunTime:0.000000s ]
INFO: [ app_end ] --START--
INFO: Run Behavior\ShowPageTraceBehavior [ RunTime:0.000000s ]
INFO: [ app_end ] --END-- [ RunTime:0.000000s ]

[ 2016-08-31T12:29:33+08:00 ] 101.226.66.173 /usergroup/index.php?g=admin
INFO: [ app_init ] --START--
INFO: Run Behavior\BuildLiteBehavior [ RunTime:0.000000s ]
INFO: Run Common\Behavior\InitHookBehavior [ RunTime:0.000000s ]
INFO: [ app_init ] --END-- [ RunTime:0.000000s ]
INFO: [ app_begin ] --START--
INFO: Run Behavior\ReadHtmlCacheBehavior [ RunTime:0.000000s ]
INFO: Run Behavior\CheckLangBehavior [ RunTime:0.000000s ]
INFO: [ app_begin ] --END-- [ RunTime:0.000000s ]

[ 2016-08-31T12:29:33+08:00 ] 101.226.66.173 /usergroup/index.php?g=admin&m=public&a=login
INFO: [ app_init ] --START--
INFO: Run Behavior\BuildLiteBehavior [ RunTime:0.000000s ]
INFO: Run Common\Behavior\InitHookBehavior [ RunTime:0.000000s ]
INFO: [ app_init ] --END-- [ RunTime:0.000000s ]
INFO: [ app_begin ] --START--
INFO: Run Behavior\ReadHtmlCacheBehavior [ RunTime:0.000000s ]
INFO: Run Behavior\CheckLangBehavior [ RunTime:0.015625s ]
INFO: [ app_begin ] --END-- [ RunTime:0.015625s ]
INFO: [ view_parse ] --START--
INFO: [ template_filter ] --START--
INFO: Run Behavior\ContentReplaceBehavior [ RunTime:0.000000s ]
INFO: [ template_filter ] --END-- [ RunTime:0.000000s ]
NOTIC: [8] Undefined index: admin_username D:\wwwroot\custom_fenxiao\usergroup\data\runtime\Cache\Admin\17c864e00f937e6528a86826c496ba3b.php 第 40 行.
INFO: Run Behavior\ParseTemplateBehavior [ RunTime:0.000000s ]
INFO: [ view_parse ] --END-- [ RunTime:0.000000s ]
INFO: [ view_filter ] --START--
INFO: Run Behavior\WriteHtmlCacheBehavior [ RunTime:0.000000s ]
INFO: Run Common\Behavior\TmplStripSpaceBehavior [ RunTime:0.000000s ]
INFO: [ view_filter ] --END-- [ RunTime:0.000000s ]
INFO: [ app_end ] --START--
INFO: Run Behavior\ShowPageTraceBehavior [ RunTime:0.000000s ]
INFO: [ app_end ] --END-- [ RunTime:0.000000s ]

[ 2016-08-31T12:29:40+08:00 ] 117.185.27.104 /usergroup/index.php?g=Admin&m=index&a=index
INFO: [ app_init ] --START--
INFO: Run Behavior\BuildLiteBehavior [ RunTime:0.000000s ]
INFO: Run Common\Behavior\InitHookBehavior [ RunTime:0.000000s ]
INFO: [ app_init ] --END-- [ RunTime:0.000000s ]
INFO: [ app_begin ] --START--
INFO: Run Behavior\ReadHtmlCacheBehavior [ RunTime:0.000000s ]
INFO: Run Behavior\CheckLangBehavior [ RunTime:0.000000s ]
INFO: [ app_begin ] --END-- [ RunTime:0.000000s ]
SQL: SHOW COLUMNS FROM `up_users` [ RunTime:0.0000s ]
SQL: SELECT * FROM `up_users` WHERE ( id=33 ) LIMIT 1   [ RunTime:0.0000s ]
SQL: SHOW COLUMNS FROM `up_menu` [ RunTime:0.0000s ]
SQL: SELECT * FROM `up_menu` WHERE `parentid` = 0 AND `status` = 1 ORDER BY `listorder` ASC  [ RunTime:0.0000s ]
SQL: SHOW COLUMNS FROM `up_role_user` [ RunTime:0.0000s ]
SQL: SELECT `role_id` FROM up_role_user a INNER JOIN up_role as b on a.role_id =b.id  WHERE `user_id` = '33' AND `status` = 1  [ RunTime:0.0000s ]
SQL: SHOW COLUMNS FROM `up_auth_access` [ RunTime:0.0156s ]
SQL: SELECT * FROM up_auth_access a INNER JOIN up_auth_rule as b on a.rule_name =b.name  WHERE a.role_id IN ('2') AND b.name IN ('admin/usergroup/index')  [ RunTime:0.0000s ]
SQL: SELECT `role_id` FROM up_role_user a INNER JOIN up_role as b on a.role_id =b.id  WHERE `user_id` = '33' AND `status` = 1  [ RunTime:0.0000s ]
SQL: SELECT * FROM up_auth_access a INNER JOIN up_auth_rule as b on a.rule_name =b.name  WHERE a.role_id IN ('2') AND b.name IN ('user/indexadmin/default')  [ RunTime:0.0000s ]
SQL: SELECT * FROM `up_menu` WHERE `parentid` = 176 AND `status` = 1 ORDER BY `listorder` ASC  [ RunTime:0.0000s ]
SQL: SELECT * FROM `up_menu` WHERE `parentid` = 132 AND `status` = 1 ORDER BY `listorder` ASC  [ RunTime:0.0000s ]
SQL: SELECT `role_id` FROM up_role_user a INNER JOIN up_role as b on a.role_id =b.id  WHERE `user_id` = '33' AND `status` = 1  [ RunTime:0.0000s ]
SQL: SELECT * FROM up_auth_access a INNER JOIN up_auth_rule as b on a.rule_name =b.name  WHERE a.role_id IN ('2') AND b.name IN ('admin/user/index')  [ RunTime:0.0000s ]
SQL: SELECT * FROM `up_menu` WHERE `parentid` = 149 AND `status` = 1 ORDER BY `listorder` ASC  [ RunTime:0.0000s ]
INFO: [ view_parse ] --START--
INFO: [ template_filter ] --START--
INFO: Run Behavior\ContentReplaceBehavior [ RunTime:0.000000s ]
INFO: [ template_filter ] --END-- [ RunTime:0.000000s ]
SQL: SELECT `role_id` FROM up_role_user a INNER JOIN up_role as b on a.role_id =b.id  WHERE `user_id` = '33' AND `status` = 1  [ RunTime:0.0000s ]
SQL: SELECT * FROM up_auth_access a INNER JOIN up_auth_rule as b on a.rule_name =b.name  WHERE a.role_id IN ('2') AND b.name IN ('portal/adminterm/index')  [ RunTime:0.0000s ]
SQL: SELECT `role_id` FROM up_role_user a INNER JOIN up_role as b on a.role_id =b.id  WHERE `user_id` = '33' AND `status` = 1  [ RunTime:0.0000s ]
SQL: SELECT * FROM up_auth_access a INNER JOIN up_auth_rule as b on a.rule_name =b.name  WHERE a.role_id IN ('2') AND b.name IN ('portal/adminpost/index')  [ RunTime:0.0000s ]
SQL: SELECT `role_id` FROM up_role_user a INNER JOIN up_role as b on a.role_id =b.id  WHERE `user_id` = '33' AND `status` = 1  [ RunTime:0.0000s ]
SQL: SELECT * FROM up_auth_access a INNER JOIN up_auth_rule as b on a.rule_name =b.name  WHERE a.role_id IN ('2') AND b.name IN ('admin/setting/clearcache')  [ RunTime:0.0000s ]
SQL: SELECT `role_id` FROM up_role_user a INNER JOIN up_role as b on a.role_id =b.id  WHERE `user_id` = '33' AND `status` = 1  [ RunTime:0.0000s ]
SQL: SELECT * FROM up_auth_access a INNER JOIN up_auth_rule as b on a.rule_name =b.name  WHERE a.role_id IN ('2') AND b.name IN ('admin/setting/site')  [ RunTime:0.0000s ]
SQL: SELECT `role_id` FROM up_role_user a INNER JOIN up_role as b on a.role_id =b.id  WHERE `user_id` = '33' AND `status` = 1  [ RunTime:0.0000s ]
SQL: SELECT * FROM up_auth_access a INNER JOIN up_auth_rule as b on a.rule_name =b.name  WHERE a.role_id IN ('2') AND b.name IN ('admin/user/userinfo')  [ RunTime:0.0000s ]
INFO: Run Behavior\ParseTemplateBehavior [ RunTime:0.015625s ]
INFO: [ view_parse ] --END-- [ RunTime:0.015625s ]
INFO: [ view_filter ] --START--
INFO: Run Behavior\WriteHtmlCacheBehavior [ RunTime:0.000000s ]
INFO: Run Common\Behavior\TmplStripSpaceBehavior [ RunTime:0.000000s ]
INFO: [ view_filter ] --END-- [ RunTime:0.000000s ]
INFO: [ app_end ] --START--
INFO: Run Behavior\ShowPageTraceBehavior [ RunTime:0.000000s ]
INFO: [ app_end ] --END-- [ RunTime:0.000000s ]

[ 2016-08-31T12:29:40+08:00 ] 117.185.27.104 /usergroup/index.php?g=Admin&m=Main&a=index
INFO: [ app_init ] --START--
INFO: Run Behavior\BuildLiteBehavior [ RunTime:0.000000s ]
INFO: Run Common\Behavior\InitHookBehavior [ RunTime:0.000000s ]
INFO: [ app_init ] --END-- [ RunTime:0.000000s ]
INFO: [ app_begin ] --START--
INFO: Run Behavior\ReadHtmlCacheBehavior [ RunTime:0.000000s ]
INFO: Run Behavior\CheckLangBehavior [ RunTime:0.000000s ]
INFO: [ app_begin ] --END-- [ RunTime:0.000000s ]
SQL: SHOW COLUMNS FROM `up_users` [ RunTime:0.0000s ]
SQL: SELECT * FROM `up_users` WHERE ( id=33 ) LIMIT 1   [ RunTime:0.0000s ]
SQL: select VERSION() as version [ RunTime:0.0000s ]
INFO: [ view_parse ] --START--
INFO: [ template_filter ] --START--
INFO: Run Behavior\ContentReplaceBehavior [ RunTime:0.000000s ]
INFO: [ template_filter ] --END-- [ RunTime:0.000000s ]
INFO: Run Behavior\ParseTemplateBehavior [ RunTime:0.000000s ]
INFO: [ view_parse ] --END-- [ RunTime:0.000000s ]
INFO: [ view_filter ] --START--
INFO: Run Behavior\WriteHtmlCacheBehavior [ RunTime:0.000000s ]
INFO: Run Common\Behavior\TmplStripSpaceBehavior [ RunTime:0.000000s ]
INFO: [ view_filter ] --END-- [ RunTime:0.000000s ]
INFO: [ app_end ] --START--
INFO: Run Behavior\ShowPageTraceBehavior [ RunTime:0.000000s ]
INFO: [ app_end ] --END-- [ RunTime:0.000000s ]

[ 2016-08-31T12:29:59+08:00 ] 101.226.61.186 /usergroup/index.php?g=Admin&m=Public&a=logout
INFO: [ app_init ] --START--
INFO: Run Behavior\BuildLiteBehavior [ RunTime:0.000000s ]
INFO: Run Common\Behavior\InitHookBehavior [ RunTime:0.000000s ]
INFO: [ app_init ] --END-- [ RunTime:0.000000s ]
INFO: [ app_begin ] --START--
INFO: Run Behavior\ReadHtmlCacheBehavior [ RunTime:0.000000s ]
INFO: Run Behavior\CheckLangBehavior [ RunTime:0.000000s ]
INFO: [ app_begin ] --END-- [ RunTime:0.000000s ]

[ 2016-08-31T12:29:59+08:00 ] 140.207.55.80 /usergroup/index.php?g=admin
INFO: [ app_init ] --START--
INFO: Run Behavior\BuildLiteBehavior [ RunTime:0.000000s ]
INFO: Run Common\Behavior\InitHookBehavior [ RunTime:0.000000s ]
INFO: [ app_init ] --END-- [ RunTime:0.000000s ]
INFO: [ app_begin ] --START--
INFO: Run Behavior\ReadHtmlCacheBehavior [ RunTime:0.000000s ]
INFO: Run Behavior\CheckLangBehavior [ RunTime:0.000000s ]
INFO: [ app_begin ] --END-- [ RunTime:0.000000s ]

[ 2016-08-31T12:29:59+08:00 ] 140.207.55.80 /usergroup/index.php?g=admin&m=public&a=login
INFO: [ app_init ] --START--
INFO: Run Behavior\BuildLiteBehavior [ RunTime:0.000000s ]
INFO: Run Common\Behavior\InitHookBehavior [ RunTime:0.000000s ]
INFO: [ app_init ] --END-- [ RunTime:0.000000s ]
INFO: [ app_begin ] --START--
INFO: Run Behavior\ReadHtmlCacheBehavior [ RunTime:0.000000s ]
INFO: Run Behavior\CheckLangBehavior [ RunTime:0.000000s ]
INFO: [ app_begin ] --END-- [ RunTime:0.000000s ]
INFO: [ view_parse ] --START--
INFO: [ template_filter ] --START--
INFO: Run Behavior\ContentReplaceBehavior [ RunTime:0.000000s ]
INFO: [ template_filter ] --END-- [ RunTime:0.000000s ]
INFO: Run Behavior\ParseTemplateBehavior [ RunTime:0.000000s ]
INFO: [ view_parse ] --END-- [ RunTime:0.000000s ]
INFO: [ view_filter ] --START--
INFO: Run Behavior\WriteHtmlCacheBehavior [ RunTime:0.000000s ]
INFO: Run Common\Behavior\TmplStripSpaceBehavior [ RunTime:0.000000s ]
INFO: [ view_filter ] --END-- [ RunTime:0.000000s ]
INFO: [ app_end ] --START--
INFO: Run Behavior\ShowPageTraceBehavior [ RunTime:0.000000s ]
INFO: [ app_end ] --END-- [ RunTime:0.000000s ]

[ 2016-08-31T12:30:29+08:00 ] 140.207.55.80 /usergroup/index.php?g=Admin&m=public&a=dologin
INFO: [ app_init ] --START--
INFO: Run Behavior\BuildLiteBehavior [ RunTime:0.000000s ]
INFO: Run Common\Behavior\InitHookBehavior [ RunTime:0.000000s ]
INFO: [ app_init ] --END-- [ RunTime:0.000000s ]
INFO: [ app_begin ] --START--
INFO: Run Behavior\ReadHtmlCacheBehavior [ RunTime:0.000000s ]
INFO: Run Behavior\CheckLangBehavior [ RunTime:0.000000s ]
INFO: [ app_begin ] --END-- [ RunTime:0.000000s ]

[ 2016-08-31T12:30:49+08:00 ] 140.207.55.80 /usergroup/index.php?g=admin
INFO: [ app_init ] --START--
INFO: Run Behavior\BuildLiteBehavior [ RunTime:0.000000s ]
INFO: Run Common\Behavior\InitHookBehavior [ RunTime:0.000000s ]
INFO: [ app_init ] --END-- [ RunTime:0.000000s ]
INFO: [ app_begin ] --START--
INFO: Run Behavior\ReadHtmlCacheBehavior [ RunTime:0.000000s ]
INFO: Run Behavior\CheckLangBehavior [ RunTime:0.015625s ]
INFO: [ app_begin ] --END-- [ RunTime:0.015625s ]

[ 2016-08-31T12:30:50+08:00 ] 117.185.27.104 /usergroup/index.php?g=admin&m=public&a=login
INFO: [ app_init ] --START--
INFO: Run Behavior\BuildLiteBehavior [ RunTime:0.000000s ]
INFO: Run Common\Behavior\InitHookBehavior [ RunTime:0.000000s ]
INFO: [ app_init ] --END-- [ RunTime:0.000000s ]
INFO: [ app_begin ] --START--
INFO: Run Behavior\ReadHtmlCacheBehavior [ RunTime:0.000000s ]
INFO: Run Behavior\CheckLangBehavior [ RunTime:0.000000s ]
INFO: [ app_begin ] --END-- [ RunTime:0.000000s ]
INFO: [ view_parse ] --START--
INFO: [ template_filter ] --START--
INFO: Run Behavior\ContentReplaceBehavior [ RunTime:0.000000s ]
INFO: [ template_filter ] --END-- [ RunTime:0.000000s ]
INFO: Run Behavior\ParseTemplateBehavior [ RunTime:0.015626s ]
INFO: [ view_parse ] --END-- [ RunTime:0.015626s ]
INFO: [ view_filter ] --START--
INFO: Run Behavior\WriteHtmlCacheBehavior [ RunTime:0.000000s ]
INFO: Run Common\Behavior\TmplStripSpaceBehavior [ RunTime:0.000000s ]
INFO: [ view_filter ] --END-- [ RunTime:0.000000s ]
INFO: [ app_end ] --START--
INFO: Run Behavior\ShowPageTraceBehavior [ RunTime:0.000000s ]
INFO: [ app_end ] --END-- [ RunTime:0.000000s ]

[ 2016-08-31T12:30:53+08:00 ] 101.226.61.186 /usergroup/index.php?g=Admin&m=public&a=dologin
INFO: [ app_init ] --START--
INFO: Run Behavior\BuildLiteBehavior [ RunTime:0.000000s ]
INFO: Run Common\Behavior\InitHookBehavior [ RunTime:0.000000s ]
INFO: [ app_init ] --END-- [ RunTime:0.000000s ]
INFO: [ app_begin ] --START--
INFO: Run Behavior\ReadHtmlCacheBehavior [ RunTime:0.000000s ]
INFO: Run Behavior\CheckLangBehavior [ RunTime:0.000000s ]
INFO: [ app_begin ] --END-- [ RunTime:0.000000s ]

[ 2016-08-31T12:30:54+08:00 ] 117.185.27.104 /usergroup/index.php?g=Admin&m=public&a=dologin
INFO: [ app_init ] --START--
INFO: Run Behavior\BuildLiteBehavior [ RunTime:0.000000s ]
INFO: Run Common\Behavior\InitHookBehavior [ RunTime:0.000000s ]
INFO: [ app_init ] --END-- [ RunTime:0.000000s ]
INFO: [ app_begin ] --START--
INFO: Run Behavior\ReadHtmlCacheBehavior [ RunTime:0.000000s ]
INFO: Run Behavior\CheckLangBehavior [ RunTime:0.000000s ]
INFO: [ app_begin ] --END-- [ RunTime:0.000000s ]

[ 2016-08-31T12:30:56+08:00 ] 101.226.61.186 /usergroup/index.php?g=Admin&m=public&a=dologin
INFO: [ app_init ] --START--
INFO: Run Behavior\BuildLiteBehavior [ RunTime:0.000000s ]
INFO: Run Common\Behavior\InitHookBehavior [ RunTime:0.000000s ]
INFO: [ app_init ] --END-- [ RunTime:0.000000s ]
INFO: [ app_begin ] --START--
INFO: Run Behavior\ReadHtmlCacheBehavior [ RunTime:0.000000s ]
INFO: Run Behavior\CheckLangBehavior [ RunTime:0.000000s ]
INFO: [ app_begin ] --END-- [ RunTime:0.000000s ]

[ 2016-08-31T12:32:04+08:00 ] 117.185.27.104 /usergroup/index.php?g=Admin&m=public&a=dologin
INFO: [ app_init ] --START--
INFO: Run Behavior\BuildLiteBehavior [ RunTime:0.000000s ]
INFO: Run Common\Behavior\InitHookBehavior [ RunTime:0.000000s ]
INFO: [ app_init ] --END-- [ RunTime:0.000000s ]
INFO: [ app_begin ] --START--
INFO: Run Behavior\ReadHtmlCacheBehavior [ RunTime:0.000000s ]
INFO: Run Behavior\CheckLangBehavior [ RunTime:0.000000s ]
INFO: [ app_begin ] --END-- [ RunTime:0.000000s ]

[ 2016-08-31T12:32:24+08:00 ] 117.185.27.104 /usergroup/index.php?g=admin
INFO: [ app_init ] --START--
INFO: Run Behavior\BuildLiteBehavior [ RunTime:0.000000s ]
INFO: Run Common\Behavior\InitHookBehavior [ RunTime:0.000000s ]
INFO: [ app_init ] --END-- [ RunTime:0.000000s ]
INFO: [ app_begin ] --START--
INFO: Run Behavior\ReadHtmlCacheBehavior [ RunTime:0.000000s ]
INFO: Run Behavior\CheckLangBehavior [ RunTime:0.000000s ]
INFO: [ app_begin ] --END-- [ RunTime:0.000000s ]

[ 2016-08-31T12:32:24+08:00 ] 101.226.61.186 /usergroup/index.php?g=admin&m=public&a=login
INFO: [ app_init ] --START--
INFO: Run Behavior\BuildLiteBehavior [ RunTime:0.000000s ]
INFO: Run Common\Behavior\InitHookBehavior [ RunTime:0.000000s ]
INFO: [ app_init ] --END-- [ RunTime:0.000000s ]
INFO: [ app_begin ] --START--
INFO: Run Behavior\ReadHtmlCacheBehavior [ RunTime:0.000000s ]
INFO: Run Behavior\CheckLangBehavior [ RunTime:0.000000s ]
INFO: [ app_begin ] --END-- [ RunTime:0.000000s ]
INFO: [ view_parse ] --START--
INFO: [ template_filter ] --START--
INFO: Run Behavior\ContentReplaceBehavior [ RunTime:0.000000s ]
INFO: [ template_filter ] --END-- [ RunTime:0.000000s ]
INFO: Run Behavior\ParseTemplateBehavior [ RunTime:0.015626s ]
INFO: [ view_parse ] --END-- [ RunTime:0.015626s ]
INFO: [ view_filter ] --START--
INFO: Run Behavior\WriteHtmlCacheBehavior [ RunTime:0.000000s ]
INFO: Run Common\Behavior\TmplStripSpaceBehavior [ RunTime:0.000000s ]
INFO: [ view_filter ] --END-- [ RunTime:0.000000s ]
INFO: [ app_end ] --START--
INFO: Run Behavior\ShowPageTraceBehavior [ RunTime:0.000000s ]
INFO: [ app_end ] --END-- [ RunTime:0.000000s ]

[ 2016-08-31T12:32:46+08:00 ] 101.226.89.123 /usergroup/index.php?g=Admin&m=index&a=index
INFO: [ app_init ] --START--
INFO: Run Behavior\BuildLiteBehavior [ RunTime:0.000000s ]
INFO: Run Common\Behavior\InitHookBehavior [ RunTime:0.000000s ]
INFO: [ app_init ] --END-- [ RunTime:0.000000s ]
INFO: [ app_begin ] --START--
INFO: Run Behavior\ReadHtmlCacheBehavior [ RunTime:0.000000s ]
INFO: Run Behavior\CheckLangBehavior [ RunTime:0.000000s ]
INFO: [ app_begin ] --END-- [ RunTime:0.000000s ]

[ 2016-08-31T12:32:47+08:00 ] 101.226.89.123 /usergroup/index.php?g=admin&m=public&a=login
INFO: [ app_init ] --START--
INFO: Run Behavior\BuildLiteBehavior [ RunTime:0.000000s ]
INFO: Run Common\Behavior\InitHookBehavior [ RunTime:0.000000s ]
INFO: [ app_init ] --END-- [ RunTime:0.000000s ]
INFO: [ app_begin ] --START--
INFO: Run Behavior\ReadHtmlCacheBehavior [ RunTime:0.000000s ]
INFO: Run Behavior\CheckLangBehavior [ RunTime:0.000000s ]
INFO: [ app_begin ] --END-- [ RunTime:0.000000s ]
INFO: [ view_parse ] --START--
INFO: [ template_filter ] --START--
INFO: Run Behavior\ContentReplaceBehavior [ RunTime:0.000000s ]
INFO: [ template_filter ] --END-- [ RunTime:0.000000s ]
NOTIC: [8] Undefined index: admin_username D:\wwwroot\custom_fenxiao\usergroup\data\runtime\Cache\Admin\17c864e00f937e6528a86826c496ba3b.php 第 40 行.
INFO: Run Behavior\ParseTemplateBehavior [ RunTime:0.015625s ]
INFO: [ view_parse ] --END-- [ RunTime:0.015625s ]
INFO: [ view_filter ] --START--
INFO: Run Behavior\WriteHtmlCacheBehavior [ RunTime:0.000000s ]
INFO: Run Common\Behavior\TmplStripSpaceBehavior [ RunTime:0.000000s ]
INFO: [ view_filter ] --END-- [ RunTime:0.000000s ]
INFO: [ app_end ] --START--
INFO: Run Behavior\ShowPageTraceBehavior [ RunTime:0.000000s ]
INFO: [ app_end ] --END-- [ RunTime:0.000000s ]

[ 2016-08-31T12:33:09+08:00 ] 101.226.125.100 /usergroup/index.php?g=Admin&m=Public&a=logout
INFO: [ app_init ] --START--
INFO: Run Behavior\BuildLiteBehavior [ RunTime:0.000000s ]
INFO: Run Common\Behavior\InitHookBehavior [ RunTime:0.000000s ]
INFO: [ app_init ] --END-- [ RunTime:0.000000s ]
INFO: [ app_begin ] --START--
INFO: Run Behavior\ReadHtmlCacheBehavior [ RunTime:0.000000s ]
INFO: Run Behavior\CheckLangBehavior [ RunTime:0.000000s ]
INFO: [ app_begin ] --END-- [ RunTime:0.000000s ]

[ 2016-08-31T12:33:09+08:00 ] 101.226.125.100 /usergroup/index.php?g=admin
INFO: [ app_init ] --START--
INFO: Run Behavior\BuildLiteBehavior [ RunTime:0.000000s ]
INFO: Run Common\Behavior\InitHookBehavior [ RunTime:0.000000s ]
INFO: [ app_init ] --END-- [ RunTime:0.000000s ]
INFO: [ app_begin ] --START--
INFO: Run Behavior\ReadHtmlCacheBehavior [ RunTime:0.000000s ]
INFO: Run Behavior\CheckLangBehavior [ RunTime:0.015626s ]
INFO: [ app_begin ] --END-- [ RunTime:0.015626s ]

[ 2016-08-31T12:33:09+08:00 ] 101.226.125.100 /usergroup/index.php?g=admin&m=public&a=login
INFO: [ app_init ] --START--
INFO: Run Behavior\BuildLiteBehavior [ RunTime:0.000000s ]
INFO: Run Common\Behavior\InitHookBehavior [ RunTime:0.000000s ]
INFO: [ app_init ] --END-- [ RunTime:0.000000s ]
INFO: [ app_begin ] --START--
INFO: Run Behavior\ReadHtmlCacheBehavior [ RunTime:0.000000s ]
INFO: Run Behavior\CheckLangBehavior [ RunTime:0.000000s ]
INFO: [ app_begin ] --END-- [ RunTime:0.000000s ]
INFO: [ view_parse ] --START--
INFO: [ template_filter ] --START--
INFO: Run Behavior\ContentReplaceBehavior [ RunTime:0.000000s ]
INFO: [ template_filter ] --END-- [ RunTime:0.000000s ]
NOTIC: [8] Undefined index: admin_username D:\wwwroot\custom_fenxiao\usergroup\data\runtime\Cache\Admin\17c864e00f937e6528a86826c496ba3b.php 第 40 行.
INFO: Run Behavior\ParseTemplateBehavior [ RunTime:0.000000s ]
INFO: [ view_parse ] --END-- [ RunTime:0.000000s ]
INFO: [ view_filter ] --START--
INFO: Run Behavior\WriteHtmlCacheBehavior [ RunTime:0.000000s ]
INFO: Run Common\Behavior\TmplStripSpaceBehavior [ RunTime:0.000000s ]
INFO: [ view_filter ] --END-- [ RunTime:0.000000s ]
INFO: [ app_end ] --START--
INFO: Run Behavior\ShowPageTraceBehavior [ RunTime:0.000000s ]
INFO: [ app_end ] --END-- [ RunTime:0.000000s ]

[ 2016-08-31T12:33:35+08:00 ] 117.185.27.104 /usergroup/index.php?g=Admin&m=public&a=dologin
INFO: [ app_init ] --START--
INFO: Run Behavior\BuildLiteBehavior [ RunTime:0.000000s ]
INFO: Run Common\Behavior\InitHookBehavior [ RunTime:0.000000s ]
INFO: [ app_init ] --END-- [ RunTime:0.000000s ]
INFO: [ app_begin ] --START--
INFO: Run Behavior\ReadHtmlCacheBehavior [ RunTime:0.000000s ]
INFO: Run Behavior\CheckLangBehavior [ RunTime:0.000000s ]
INFO: [ app_begin ] --END-- [ RunTime:0.000000s ]

[ 2016-08-31T12:33:48+08:00 ] 101.226.61.186 /usergroup/index.php?g=Admin&m=public&a=dologin
INFO: [ app_init ] --START--
INFO: Run Behavior\BuildLiteBehavior [ RunTime:0.000000s ]
INFO: Run Common\Behavior\InitHookBehavior [ RunTime:0.000000s ]
INFO: [ app_init ] --END-- [ RunTime:0.000000s ]
INFO: [ app_begin ] --START--
INFO: Run Behavior\ReadHtmlCacheBehavior [ RunTime:0.000000s ]
INFO: Run Behavior\CheckLangBehavior [ RunTime:0.000000s ]
INFO: [ app_begin ] --END-- [ RunTime:0.000000s ]

[ 2016-08-31T12:33:58+08:00 ] 101.226.61.186 /usergroup/index.php?g=Admin&m=public&a=dologin
INFO: [ app_init ] --START--
INFO: Run Behavior\BuildLiteBehavior [ RunTime:0.000000s ]
INFO: Run Common\Behavior\InitHookBehavior [ RunTime:0.000000s ]
INFO: [ app_init ] --END-- [ RunTime:0.000000s ]
INFO: [ app_begin ] --START--
INFO: Run Behavior\ReadHtmlCacheBehavior [ RunTime:0.000000s ]
INFO: Run Behavior\CheckLangBehavior [ RunTime:0.015625s ]
INFO: [ app_begin ] --END-- [ RunTime:0.015625s ]
SQL: SHOW COLUMNS FROM `up_users` [ RunTime:0.0000s ]
SQL: SELECT * FROM `up_users` WHERE `user_login` = '于薇' LIMIT 1   [ RunTime:0.0156s ]
SQL: SHOW COLUMNS FROM `up_role_user` [ RunTime:0.0000s ]
SQL: SELECT `role_id` FROM up_role_user a INNER JOIN up_role as b on a.role_id =b.id  WHERE `user_id` = '33' AND `status` = 1  [ RunTime:0.0000s ]
SQL: UPDATE `up_users` SET `user_login`='于薇',`user_pass`='###ae563cfc07464322065596ee81d575a3',`user_nicename`='',`user_email`='',`user_url`='',`avatar`=NULL,`sex`='0',`birthday`=NULL,`signature`=NULL,`last_login_ip`='124.78.76.221',`last_login_time`='2016-08-31 12:33:58',`create_time`='2000-01-01 00:00:00',`user_activation_key`='',`user_status`='1',`score`='0',`user_type`='1',`coin`='0',`mobile`='',`uid`='718',`isadd`='1' WHERE `id` = '33' [ RunTime:0.0000s ]

[ 2016-08-31T12:33:58+08:00 ] 101.226.61.186 /usergroup/index.php?g=Admin&m=Index&a=index
INFO: [ app_init ] --START--
INFO: Run Behavior\BuildLiteBehavior [ RunTime:0.000000s ]
INFO: Run Common\Behavior\InitHookBehavior [ RunTime:0.000000s ]
INFO: [ app_init ] --END-- [ RunTime:0.000000s ]
INFO: [ app_begin ] --START--
INFO: Run Behavior\ReadHtmlCacheBehavior [ RunTime:0.000000s ]
INFO: Run Behavior\CheckLangBehavior [ RunTime:0.000000s ]
INFO: [ app_begin ] --END-- [ RunTime:0.000000s ]
SQL: SHOW COLUMNS FROM `up_users` [ RunTime:0.0000s ]
SQL: SELECT * FROM `up_users` WHERE ( id=33 ) LIMIT 1   [ RunTime:0.0000s ]
SQL: SHOW COLUMNS FROM `up_menu` [ RunTime:0.0000s ]
SQL: SELECT * FROM `up_menu` WHERE `parentid` = 0 AND `status` = 1 ORDER BY `listorder` ASC  [ RunTime:0.0000s ]
SQL: SHOW COLUMNS FROM `up_role_user` [ RunTime:0.0000s ]
SQL: SELECT `role_id` FROM up_role_user a INNER JOIN up_role as b on a.role_id =b.id  WHERE `user_id` = '33' AND `status` = 1  [ RunTime:0.0000s ]
SQL: SHOW COLUMNS FROM `up_auth_access` [ RunTime:0.0000s ]
SQL: SELECT * FROM up_auth_access a INNER JOIN up_auth_rule as b on a.rule_name =b.name  WHERE a.role_id IN ('2') AND b.name IN ('admin/usergroup/index')  [ RunTime:0.0000s ]
SQL: SELECT `role_id` FROM up_role_user a INNER JOIN up_role as b on a.role_id =b.id  WHERE `user_id` = '33' AND `status` = 1  [ RunTime:0.0000s ]
SQL: SELECT * FROM up_auth_access a INNER JOIN up_auth_rule as b on a.rule_name =b.name  WHERE a.role_id IN ('2') AND b.name IN ('user/indexadmin/default')  [ RunTime:0.0000s ]
SQL: SELECT * FROM `up_menu` WHERE `parentid` = 176 AND `status` = 1 ORDER BY `listorder` ASC  [ RunTime:0.0000s ]
SQL: SELECT * FROM `up_menu` WHERE `parentid` = 132 AND `status` = 1 ORDER BY `listorder` ASC  [ RunTime:0.0000s ]
SQL: SELECT `role_id` FROM up_role_user a INNER JOIN up_role as b on a.role_id =b.id  WHERE `user_id` = '33' AND `status` = 1  [ RunTime:0.0000s ]
SQL: SELECT * FROM up_auth_access a INNER JOIN up_auth_rule as b on a.rule_name =b.name  WHERE a.role_id IN ('2') AND b.name IN ('admin/user/index')  [ RunTime:0.0000s ]
SQL: SELECT * FROM `up_menu` WHERE `parentid` = 149 AND `status` = 1 ORDER BY `listorder` ASC  [ RunTime:0.0000s ]
INFO: [ view_parse ] --START--
INFO: [ template_filter ] --START--
INFO: Run Behavior\ContentReplaceBehavior [ RunTime:0.000000s ]
INFO: [ template_filter ] --END-- [ RunTime:0.000000s ]
SQL: SELECT `role_id` FROM up_role_user a INNER JOIN up_role as b on a.role_id =b.id  WHERE `user_id` = '33' AND `status` = 1  [ RunTime:0.0000s ]
SQL: SELECT * FROM up_auth_access a INNER JOIN up_auth_rule as b on a.rule_name =b.name  WHERE a.role_id IN ('2') AND b.name IN ('portal/adminterm/index')  [ RunTime:0.0000s ]
SQL: SELECT `role_id` FROM up_role_user a INNER JOIN up_role as b on a.role_id =b.id  WHERE `user_id` = '33' AND `status` = 1  [ RunTime:0.0000s ]
SQL: SELECT * FROM up_auth_access a INNER JOIN up_auth_rule as b on a.rule_name =b.name  WHERE a.role_id IN ('2') AND b.name IN ('portal/adminpost/index')  [ RunTime:0.0000s ]
SQL: SELECT `role_id` FROM up_role_user a INNER JOIN up_role as b on a.role_id =b.id  WHERE `user_id` = '33' AND `status` = 1  [ RunTime:0.0000s ]
SQL: SELECT * FROM up_auth_access a INNER JOIN up_auth_rule as b on a.rule_name =b.name  WHERE a.role_id IN ('2') AND b.name IN ('admin/setting/clearcache')  [ RunTime:0.0000s ]
SQL: SELECT `role_id` FROM up_role_user a INNER JOIN up_role as b on a.role_id =b.id  WHERE `user_id` = '33' AND `status` = 1  [ RunTime:0.0000s ]
SQL: SELECT * FROM up_auth_access a INNER JOIN up_auth_rule as b on a.rule_name =b.name  WHERE a.role_id IN ('2') AND b.name IN ('admin/setting/site')  [ RunTime:0.0000s ]
SQL: SELECT `role_id` FROM up_role_user a INNER JOIN up_role as b on a.role_id =b.id  WHERE `user_id` = '33' AND `status` = 1  [ RunTime:0.0000s ]
SQL: SELECT * FROM up_auth_access a INNER JOIN up_auth_rule as b on a.rule_name =b.name  WHERE a.role_id IN ('2') AND b.name IN ('admin/user/userinfo')  [ RunTime:0.0000s ]
INFO: Run Behavior\ParseTemplateBehavior [ RunTime:0.015626s ]
INFO: [ view_parse ] --END-- [ RunTime:0.015626s ]
INFO: [ view_filter ] --START--
INFO: Run Behavior\WriteHtmlCacheBehavior [ RunTime:0.000000s ]
INFO: Run Common\Behavior\TmplStripSpaceBehavior [ RunTime:0.000000s ]
INFO: [ view_filter ] --END-- [ RunTime:0.000000s ]
INFO: [ app_end ] --START--
INFO: Run Behavior\ShowPageTraceBehavior [ RunTime:0.000000s ]
INFO: [ app_end ] --END-- [ RunTime:0.000000s ]

[ 2016-08-31T12:33:59+08:00 ] 101.226.61.186 /usergroup/index.php?g=Admin&m=Main&a=index
INFO: [ app_init ] --START--
INFO: Run Behavior\BuildLiteBehavior [ RunTime:0.000000s ]
INFO: Run Common\Behavior\InitHookBehavior [ RunTime:0.000000s ]
INFO: [ app_init ] --END-- [ RunTime:0.000000s ]
INFO: [ app_begin ] --START--
INFO: Run Behavior\ReadHtmlCacheBehavior [ RunTime:0.000000s ]
INFO: Run Behavior\CheckLangBehavior [ RunTime:0.000000s ]
INFO: [ app_begin ] --END-- [ RunTime:0.000000s ]
SQL: SHOW COLUMNS FROM `up_users` [ RunTime:0.0000s ]
SQL: SELECT * FROM `up_users` WHERE ( id=33 ) LIMIT 1   [ RunTime:0.0000s ]
SQL: select VERSION() as version [ RunTime:0.0000s ]
INFO: [ view_parse ] --START--
INFO: [ template_filter ] --START--
INFO: Run Behavior\ContentReplaceBehavior [ RunTime:0.000000s ]
INFO: [ template_filter ] --END-- [ RunTime:0.000000s ]
INFO: Run Behavior\ParseTemplateBehavior [ RunTime:0.015625s ]
INFO: [ view_parse ] --END-- [ RunTime:0.015625s ]
INFO: [ view_filter ] --START--
INFO: Run Behavior\WriteHtmlCacheBehavior [ RunTime:0.000000s ]
INFO: Run Common\Behavior\TmplStripSpaceBehavior [ RunTime:0.000000s ]
INFO: [ view_filter ] --END-- [ RunTime:0.000000s ]
INFO: [ app_end ] --START--
INFO: Run Behavior\ShowPageTraceBehavior [ RunTime:0.000000s ]
INFO: [ app_end ] --END-- [ RunTime:0.000000s ]

