[ 2017-04-09T09:24:36+08:00 ] 39.65.12.248 /usergroup/index.php?g=admin&m=public&a=login
INFO: [ app_init ] --START--
INFO: Run Behavior\BuildLiteBehavior [ RunTime:0.000014s ]
INFO: Run Common\Behavior\InitHookBehavior [ RunTime:0.000903s ]
INFO: [ app_init ] --END-- [ RunTime:0.001188s ]
INFO: [ app_begin ] --START--
INFO: Run Behavior\ReadHtmlCacheBehavior [ RunTime:0.000373s ]
INFO: Run Behavior\CheckLangBehavior [ RunTime:0.000388s ]
INFO: [ app_begin ] --END-- [ RunTime:0.000827s ]
INFO: [ view_parse ] --START--
INFO: [ template_filter ] --START--
INFO: Run Behavior\ContentReplaceBehavior [ RunTime:0.000051s ]
INFO: [ template_filter ] --END-- [ RunTime:0.000091s ]
NOTIC: [2] file_put_contents(/wwwroot/custom_fenxiao/usergroup/data/runtime/Cache/Admin/17c864e00f937e6528a86826c496ba3b.php): failed to open stream: Permission denied /wwwroot/custom_fenxiao/usergroup/simplewind/Core/Library/Think/Storage/Driver/File.class.php 第 47 行.
ERR: _STORAGE_WRITE_ERROR_:/wwwroot/custom_fenxiao/usergroup/data/runtime/Cache/Admin/17c864e00f937e6528a86826c496ba3b.php

[ 2017-04-09T15:17:08+08:00 ] 39.65.12.248 /usergroup/index.php?g=admin&m=public&a=login
INFO: [ app_init ] --START--
INFO: Run Behavior\BuildLiteBehavior [ RunTime:0.000015s ]
INFO: Run Common\Behavior\InitHookBehavior [ RunTime:0.000897s ]
INFO: [ app_init ] --END-- [ RunTime:0.001260s ]
INFO: [ app_begin ] --START--
INFO: Run Behavior\ReadHtmlCacheBehavior [ RunTime:0.000361s ]
INFO: Run Behavior\CheckLangBehavior [ RunTime:0.000383s ]
INFO: [ app_begin ] --END-- [ RunTime:0.000810s ]
INFO: [ view_parse ] --START--
INFO: [ template_filter ] --START--
INFO: Run Behavior\ContentReplaceBehavior [ RunTime:0.000051s ]
INFO: [ template_filter ] --END-- [ RunTime:0.000089s ]
NOTIC: [2] file_put_contents(/wwwroot/custom_fenxiao/usergroup/data/runtime/Cache/Admin/17c864e00f937e6528a86826c496ba3b.php): failed to open stream: Permission denied /wwwroot/custom_fenxiao/usergroup/simplewind/Core/Library/Think/Storage/Driver/File.class.php 第 47 行.
ERR: _STORAGE_WRITE_ERROR_:/wwwroot/custom_fenxiao/usergroup/data/runtime/Cache/Admin/17c864e00f937e6528a86826c496ba3b.php

[ 2017-04-09T15:17:33+08:00 ] 39.65.12.248 /usergroup/index.php?g=admin&m=public&a=login
INFO: [ app_init ] --START--
INFO: Run Behavior\BuildLiteBehavior [ RunTime:0.000015s ]
INFO: Run Common\Behavior\InitHookBehavior [ RunTime:0.002183s ]
INFO: [ app_init ] --END-- [ RunTime:0.002476s ]
INFO: [ app_begin ] --START--
INFO: Run Behavior\ReadHtmlCacheBehavior [ RunTime:0.000350s ]
INFO: Run Behavior\CheckLangBehavior [ RunTime:0.000768s ]
INFO: [ app_begin ] --END-- [ RunTime:0.001184s ]
INFO: [ view_parse ] --START--
INFO: [ template_filter ] --START--
INFO: Run Behavior\ContentReplaceBehavior [ RunTime:0.000068s ]
INFO: [ template_filter ] --END-- [ RunTime:0.000109s ]
NOTIC: [2] file_put_contents(/wwwroot/custom_fenxiao/usergroup/data/runtime/Cache/Admin/17c864e00f937e6528a86826c496ba3b.php): failed to open stream: Permission denied /wwwroot/custom_fenxiao/usergroup/simplewind/Core/Library/Think/Storage/Driver/File.class.php 第 47 行.
ERR: _STORAGE_WRITE_ERROR_:/wwwroot/custom_fenxiao/usergroup/data/runtime/Cache/Admin/17c864e00f937e6528a86826c496ba3b.php

[ 2017-04-09T15:24:33+08:00 ] 39.65.12.248 /usergroup/index.php?g=admin&m=public&a=login
INFO: [ app_init ] --START--
INFO: Run Behavior\BuildLiteBehavior [ RunTime:0.000015s ]
INFO: Run Common\Behavior\InitHookBehavior [ RunTime:0.001926s ]
INFO: [ app_init ] --END-- [ RunTime:0.002217s ]
INFO: [ app_begin ] --START--
INFO: Run Behavior\ReadHtmlCacheBehavior [ RunTime:0.000349s ]
INFO: Run Behavior\CheckLangBehavior [ RunTime:0.000447s ]
INFO: [ app_begin ] --END-- [ RunTime:0.000865s ]
INFO: [ view_parse ] --START--
INFO: [ template_filter ] --START--
INFO: Run Behavior\ContentReplaceBehavior [ RunTime:0.000050s ]
INFO: [ template_filter ] --END-- [ RunTime:0.000089s ]
NOTIC: [2] file_put_contents(/wwwroot/custom_fenxiao/usergroup/data/runtime/Cache/Admin/17c864e00f937e6528a86826c496ba3b.php): failed to open stream: Permission denied /wwwroot/custom_fenxiao/usergroup/simplewind/Core/Library/Think/Storage/Driver/File.class.php 第 47 行.
ERR: _STORAGE_WRITE_ERROR_:/wwwroot/custom_fenxiao/usergroup/data/runtime/Cache/Admin/17c864e00f937e6528a86826c496ba3b.php

