[ 2017-01-20T10:51:24+08:00 ] 39.65.11.100 /usergroup/index.php?g=admin&m=public&a=login
INFO: [ app_init ] --START--
INFO: Run Behavior\BuildLiteBehavior [ RunTime:0.000013s ]
INFO: Run Common\Behavior\InitHookBehavior [ RunTime:0.001906s ]
INFO: [ app_init ] --END-- [ RunTime:0.002181s ]
INFO: [ app_begin ] --START--
INFO: Run Behavior\ReadHtmlCacheBehavior [ RunTime:0.000328s ]
INFO: Run Behavior\CheckLangBehavior [ RunTime:0.001489s ]
INFO: [ app_begin ] --END-- [ RunTime:0.001884s ]
INFO: [ view_parse ] --START--
INFO: [ template_filter ] --START--
INFO: Run Behavior\ContentReplaceBehavior [ RunTime:0.000074s ]
INFO: [ template_filter ] --END-- [ RunTime:0.000149s ]
NOTIC: [8] Undefined index: admin_username /wwwroot/custom_fenxiao/usergroup/data/runtime/Cache/Admin/17c864e00f937e6528a86826c496ba3b.php 第 40 行.
INFO: Run Behavior\ParseTemplateBehavior [ RunTime:0.009962s ]
INFO: [ view_parse ] --END-- [ RunTime:0.009997s ]
INFO: [ view_filter ] --START--
INFO: Run Behavior\WriteHtmlCacheBehavior [ RunTime:0.000168s ]
INFO: Run Common\Behavior\TmplStripSpaceBehavior [ RunTime:0.000104s ]
INFO: [ view_filter ] --END-- [ RunTime:0.000325s ]
INFO: [ app_end ] --START--
INFO: Run Behavior\ShowPageTraceBehavior [ RunTime:0.000582s ]
INFO: [ app_end ] --END-- [ RunTime:0.000635s ]

